#
# There is insufficient memory for the Java Runtime Environment to continue.
# Native memory allocation (malloc) failed to allocate 213456 bytes for Chunk::new
# Possible reasons:
#   The system is out of physical RAM or swap space
#   The process is running with CompressedOops enabled, and the Java Heap may be blocking the growth of the native heap
# Possible solutions:
#   Reduce memory load on the system
#   Increase physical memory or swap space
#   Check if swap backing store is full
#   Decrease Java heap size (-Xmx/-Xms)
#   Decrease number of Java threads
#   Decrease Java thread stack sizes (-Xss)
#   Set larger code cache with -XX:ReservedCodeCacheSize=
#   JVM is running with Zero Based Compressed Oops mode in which the Java heap is
#     placed in the first 32GB address space. The Java Heap base address is the
#     maximum limit for the native heap growth. Please use -XX:HeapBaseMinAddress
#     to set the Java Heap base and to place the Java Heap above 32GB virtual address.
# This output file may be truncated or incomplete.
#
#  Out of Memory Error (arena.cpp:189), pid=9320, tid=8888
#
# JRE version: OpenJDK Runtime Environment (17.0.6) (build 17.0.6+0-b2043.56-10027231)
# Java VM: OpenJDK 64-Bit Server VM (17.0.6+0-b2043.56-10027231, mixed mode, tiered, compressed oops, compressed class ptrs, g1 gc, windows-amd64)
# No core dump will be written. Minidumps are not enabled by default on client versions of Windows
#

---------------  S U M M A R Y ------------

Command Line: org.jetbrains.kotlin.cli.jvm.K2JVMCompiler @E:\AndroidStudioProject\CryptoApp\app\build\20231206_18414759969181116101.compiler.options

Host: AMD FX-8320E Eight-Core Processor              , 8 cores, 11G,  Windows 10 , 64 bit Build 17763 (10.0.17763.1)
Time: Wed Dec  6 12:48:22 2023 RTZ 2 (зима) elapsed time: 8.363873 seconds (0d 0h 0m 8s)

---------------  T H R E A D  ---------------

Current thread (0x000001c8ffa31aa0):  JavaThread "C2 CompilerThread0" daemon [_thread_in_native, id=8888, stack(0x000000031f400000,0x000000031f500000)]


Current CompileTask:
C2:   8364 6484       4       org.jetbrains.kotlin.serialization.deserialization.descriptors.DeserializedPackageMemberScope::hasClass (116 bytes)

Stack: [0x000000031f400000,0x000000031f500000]
Native frames: (J=compiled Java code, j=interpreted, Vv=VM code, C=native code)
V  [jvm.dll+0x683c9a]
V  [jvm.dll+0x8427a4]
V  [jvm.dll+0x843f9e]
V  [jvm.dll+0x844603]
V  [jvm.dll+0x249b75]
V  [jvm.dll+0xabcac]
V  [jvm.dll+0xac27c]
V  [jvm.dll+0x368802]
V  [jvm.dll+0x1bcb65]
V  [jvm.dll+0x21c359]
V  [jvm.dll+0x21b621]
V  [jvm.dll+0x1a4fdd]
V  [jvm.dll+0x22b098]
V  [jvm.dll+0x229159]
V  [jvm.dll+0x7f81ec]
V  [jvm.dll+0x7f274a]
V  [jvm.dll+0x682ad5]
C  [ucrtbase.dll+0x203ba]
C  [KERNEL32.DLL+0x17e94]
C  [ntdll.dll+0x67ad1]


---------------  P R O C E S S  ---------------

Threads class SMR info:
_java_thread_list=0x000001c894fdf7d0, length=14, elements={
0x000001c8f555e6e0, 0x000001c8ff9e5270, 0x000001c8ff9e8900, 0x000001c8ff9fec00,
0x000001c8ff9ff4c0, 0x000001c8ffa147c0, 0x000001c8ffa154a0, 0x000001c8ffa31aa0,
0x000001c8ffa337d0, 0x000001c8ffa34cd0, 0x000001c8ffb91e10, 0x000001c8ffb9a300,
0x000001c8ffb9dbf0, 0x000001c895dd5fa0
}

Java Threads: ( => current thread )
  0x000001c8f555e6e0 JavaThread "main" [_thread_in_Java, id=8828, stack(0x000000031e700000,0x000000031e800000)]
  0x000001c8ff9e5270 JavaThread "Reference Handler" daemon [_thread_blocked, id=8860, stack(0x000000031ee00000,0x000000031ef00000)]
  0x000001c8ff9e8900 JavaThread "Finalizer" daemon [_thread_blocked, id=8864, stack(0x000000031ef00000,0x000000031f000000)]
  0x000001c8ff9fec00 JavaThread "Signal Dispatcher" daemon [_thread_blocked, id=8872, stack(0x000000031f000000,0x000000031f100000)]
  0x000001c8ff9ff4c0 JavaThread "Attach Listener" daemon [_thread_blocked, id=8876, stack(0x000000031f100000,0x000000031f200000)]
  0x000001c8ffa147c0 JavaThread "Service Thread" daemon [_thread_blocked, id=8880, stack(0x000000031f200000,0x000000031f300000)]
  0x000001c8ffa154a0 JavaThread "Monitor Deflation Thread" daemon [_thread_blocked, id=8884, stack(0x000000031f300000,0x000000031f400000)]
=>0x000001c8ffa31aa0 JavaThread "C2 CompilerThread0" daemon [_thread_in_native, id=8888, stack(0x000000031f400000,0x000000031f500000)]
  0x000001c8ffa337d0 JavaThread "C1 CompilerThread0" daemon [_thread_in_native, id=8816, stack(0x000000031f500000,0x000000031f600000)]
  0x000001c8ffa34cd0 JavaThread "Sweeper thread" daemon [_thread_blocked, id=8908, stack(0x000000031f600000,0x000000031f700000)]
  0x000001c8ffb91e10 JavaThread "Notification Thread" daemon [_thread_blocked, id=8912, stack(0x000000031f700000,0x000000031f800000)]
  0x000001c8ffb9a300 JavaThread "Common-Cleaner" daemon [_thread_blocked, id=8924, stack(0x000000031f900000,0x000000031fa00000)]
  0x000001c8ffb9dbf0 JavaThread "C2 CompilerThread1" daemon [_thread_in_native, id=9236, stack(0x000000031fa00000,0x000000031fb00000)]
  0x000001c895dd5fa0 JavaThread "C2 CompilerThread2" daemon [_thread_in_native, id=9008, stack(0x000000031ff00000,0x0000000320000000)]

Other Threads:
  0x000001c8ff9cf410 VMThread "VM Thread" [stack: 0x000000031ed00000,0x000000031ee00000] [id=8856]
  0x000001c8f75b2d60 WatcherThread [stack: 0x000000031f800000,0x000000031f900000] [id=8920]
  0x000001c8f759a7a0 GCTaskThread "GC Thread#0" [stack: 0x000000031e800000,0x000000031e900000] [id=8836]
  0x000001c894b9a6d0 GCTaskThread "GC Thread#1" [stack: 0x000000031fb00000,0x000000031fc00000] [id=8968]
  0x000001c894b9a980 GCTaskThread "GC Thread#2" [stack: 0x000000031fc00000,0x000000031fd00000] [id=8972]
  0x000001c894b9b040 GCTaskThread "GC Thread#3" [stack: 0x000000031fd00000,0x000000031fe00000] [id=8976]
  0x000001c894c01510 GCTaskThread "GC Thread#4" [stack: 0x000000031fe00000,0x000000031ff00000] [id=8980]
  0x000001c895a50070 GCTaskThread "GC Thread#5" [stack: 0x0000000320000000,0x0000000320100000] [id=8988]
  0x000001c895a50320 GCTaskThread "GC Thread#6" [stack: 0x0000000320100000,0x0000000320200000] [id=8992]
  0x000001c895a505d0 GCTaskThread "GC Thread#7" [stack: 0x0000000320200000,0x0000000320300000] [id=8996]
  0x000001c8f75a8600 ConcurrentGCThread "G1 Main Marker" [stack: 0x000000031e900000,0x000000031ea00000] [id=8840]
  0x000001c8f75a9ae0 ConcurrentGCThread "G1 Conc#0" [stack: 0x000000031ea00000,0x000000031eb00000] [id=8844]
  0x000001c895a50de0 ConcurrentGCThread "G1 Conc#1" [stack: 0x0000000320300000,0x0000000320400000] [id=9224]
  0x000001c8f75f9980 ConcurrentGCThread "G1 Refine#0" [stack: 0x000000031eb00000,0x000000031ec00000] [id=8848]
  0x000001c8ff8134c0 ConcurrentGCThread "G1 Service" [stack: 0x000000031ec00000,0x000000031ed00000] [id=8852]

Threads with active compile tasks:
C2 CompilerThread0     8384 6484       4       org.jetbrains.kotlin.serialization.deserialization.descriptors.DeserializedPackageMemberScope::hasClass (116 bytes)
C1 CompilerThread0     8384 6569       3       org.jetbrains.kotlin.load.java.structure.impl.classFiles.PlainJavaEnumValueAnnotationArgument::<init> (38 bytes)
C2 CompilerThread1     8384 6367       4       org.jetbrains.kotlin.serialization.deserialization.descriptors.DeserializedMemberScope::getContributedClassifier (63 bytes)
C2 CompilerThread2     8384 6545       4       org.jetbrains.kotlin.serialization.deserialization.descriptors.DeserializedPackageMemberScope::getContributedClassifier (26 bytes)

VM state: not at safepoint (normal execution)

VM Mutex/Monitor currently owned by a thread: None

Heap address: 0x0000000740000000, size: 3072 MB, Compressed Oops mode: Zero based, Oop shift amount: 3

CDS archive(s) not mapped
Compressed class space mapped at: 0x0000000800000000-0x0000000840000000, reserved size: 1073741824
Narrow klass base: 0x0000000800000000, Narrow klass shift: 0, Narrow klass range: 0x40000000

GC Precious Log:
 CPUs: 8 total, 8 available
 Memory: 12285M
 Large Page Support: Disabled
 NUMA Support: Disabled
 Compressed Oops: Enabled (Zero based)
 Heap Region Size: 2M
 Heap Min Capacity: 8M
 Heap Initial Capacity: 192M
 Heap Max Capacity: 3G
 Pre-touch: Disabled
 Parallel Workers: 8
 Concurrent Workers: 2
 Concurrent Refinement Workers: 8
 Periodic GC: Disabled

Heap:
 garbage-first heap   total 167936K, used 84888K [0x0000000740000000, 0x0000000800000000)
  region size 2048K, 22 young (45056K), 2 survivors (4096K)
 Metaspace       used 59789K, committed 60096K, reserved 1105920K
  class space    used 7082K, committed 7232K, reserved 1048576K

Heap Regions: E=young(eden), S=young(survivor), O=old, HS=humongous(starts), HC=humongous(continues), CS=collection set, F=free, OA=open archive, CA=closed archive, TAMS=top-at-mark-start (previous, next)
|   0|0x0000000740000000, 0x0000000740200000, 0x0000000740200000|100%|HS|  |TAMS 0x0000000740200000, 0x0000000740000000| Complete 
|   1|0x0000000740200000, 0x0000000740400000, 0x0000000740400000|100%|HC|  |TAMS 0x0000000740400000, 0x0000000740200000| Complete 
|   2|0x0000000740400000, 0x0000000740600000, 0x0000000740600000|100%|HS|  |TAMS 0x0000000740600000, 0x0000000740400000| Complete 
|   3|0x0000000740600000, 0x0000000740800000, 0x0000000740800000|100%|HC|  |TAMS 0x0000000740800000, 0x0000000740600000| Complete 
|   4|0x0000000740800000, 0x0000000740a00000, 0x0000000740a00000|100%| O|  |TAMS 0x0000000740a00000, 0x0000000740800000| Untracked 
|   5|0x0000000740a00000, 0x0000000740c00000, 0x0000000740c00000|100%| O|  |TAMS 0x0000000740c00000, 0x0000000740a00000| Untracked 
|   6|0x0000000740c00000, 0x0000000740e00000, 0x0000000740e00000|100%| O|  |TAMS 0x0000000740e00000, 0x0000000740c00000| Untracked 
|   7|0x0000000740e00000, 0x0000000741000000, 0x0000000741000000|100%| O|  |TAMS 0x0000000741000000, 0x0000000740e00000| Untracked 
|   8|0x0000000741000000, 0x0000000741200000, 0x0000000741200000|100%| O|  |TAMS 0x0000000741200000, 0x0000000741000000| Untracked 
|   9|0x0000000741200000, 0x0000000741400000, 0x0000000741400000|100%| O|  |TAMS 0x0000000741400000, 0x0000000741200000| Untracked 
|  10|0x0000000741400000, 0x0000000741600000, 0x0000000741600000|100%| O|  |TAMS 0x0000000741600000, 0x0000000741400000| Untracked 
|  11|0x0000000741600000, 0x0000000741800000, 0x0000000741800000|100%| O|  |TAMS 0x0000000741800000, 0x0000000741600000| Untracked 
|  12|0x0000000741800000, 0x0000000741800000, 0x0000000741a00000|  0%| F|  |TAMS 0x0000000741800000, 0x0000000741800000| Untracked 
|  13|0x0000000741a00000, 0x0000000741c00000, 0x0000000741c00000|100%|HS|  |TAMS 0x0000000741c00000, 0x0000000741a00000| Complete 
|  14|0x0000000741c00000, 0x0000000741e00000, 0x0000000741e00000|100%| O|  |TAMS 0x0000000741e00000, 0x0000000741c00000| Untracked 
|  15|0x0000000741e00000, 0x0000000742000000, 0x0000000742000000|100%| O|  |TAMS 0x0000000742000000, 0x0000000741e00000| Untracked 
|  16|0x0000000742000000, 0x0000000742200000, 0x0000000742200000|100%| O|  |TAMS 0x0000000742200000, 0x0000000742000000| Untracked 
|  17|0x0000000742200000, 0x0000000742400000, 0x0000000742400000|100%| O|  |TAMS 0x0000000742400000, 0x0000000742200000| Untracked 
|  18|0x0000000742400000, 0x0000000742600000, 0x0000000742600000|100%| O|  |TAMS 0x0000000742600000, 0x0000000742400000| Untracked 
|  19|0x0000000742600000, 0x0000000742800000, 0x0000000742800000|100%| O|  |TAMS 0x0000000742800000, 0x0000000742600000| Untracked 
|  20|0x0000000742800000, 0x0000000742a00000, 0x0000000742a00000|100%| O|  |TAMS 0x0000000742a00000, 0x0000000742800000| Untracked 
|  21|0x0000000742a00000, 0x0000000742b3da00, 0x0000000742c00000| 62%| O|  |TAMS 0x0000000742b3da00, 0x0000000742a00000| Untracked 
|  22|0x0000000742c00000, 0x0000000742c00000, 0x0000000742e00000|  0%| F|  |TAMS 0x0000000742c00000, 0x0000000742c00000| Untracked 
|  23|0x0000000742e00000, 0x0000000742e00000, 0x0000000743000000|  0%| F|  |TAMS 0x0000000742e00000, 0x0000000742e00000| Untracked 
|  24|0x0000000743000000, 0x0000000743000000, 0x0000000743200000|  0%| F|  |TAMS 0x0000000743000000, 0x0000000743000000| Untracked 
|  25|0x0000000743200000, 0x0000000743200000, 0x0000000743400000|  0%| F|  |TAMS 0x0000000743200000, 0x0000000743200000| Untracked 
|  26|0x0000000743400000, 0x0000000743400000, 0x0000000743600000|  0%| F|  |TAMS 0x0000000743400000, 0x0000000743400000| Untracked 
|  27|0x0000000743600000, 0x00000007437a8680, 0x0000000743800000| 82%| S|CS|TAMS 0x0000000743600000, 0x0000000743600000| Complete 
|  28|0x0000000743800000, 0x0000000743a00000, 0x0000000743a00000|100%| S|CS|TAMS 0x0000000743800000, 0x0000000743800000| Complete 
|  29|0x0000000743a00000, 0x0000000743a00000, 0x0000000743c00000|  0%| F|  |TAMS 0x0000000743a00000, 0x0000000743a00000| Untracked 
|  30|0x0000000743c00000, 0x0000000743c00000, 0x0000000743e00000|  0%| F|  |TAMS 0x0000000743c00000, 0x0000000743c00000| Untracked 
|  31|0x0000000743e00000, 0x0000000743e00000, 0x0000000744000000|  0%| F|  |TAMS 0x0000000743e00000, 0x0000000743e00000| Untracked 
|  32|0x0000000744000000, 0x0000000744000000, 0x0000000744200000|  0%| F|  |TAMS 0x0000000744000000, 0x0000000744000000| Untracked 
|  33|0x0000000744200000, 0x0000000744200000, 0x0000000744400000|  0%| F|  |TAMS 0x0000000744200000, 0x0000000744200000| Untracked 
|  34|0x0000000744400000, 0x0000000744400000, 0x0000000744600000|  0%| F|  |TAMS 0x0000000744400000, 0x0000000744400000| Untracked 
|  35|0x0000000744600000, 0x0000000744600000, 0x0000000744800000|  0%| F|  |TAMS 0x0000000744600000, 0x0000000744600000| Untracked 
|  36|0x0000000744800000, 0x0000000744800000, 0x0000000744a00000|  0%| F|  |TAMS 0x0000000744800000, 0x0000000744800000| Untracked 
|  37|0x0000000744a00000, 0x0000000744a00000, 0x0000000744c00000|  0%| F|  |TAMS 0x0000000744a00000, 0x0000000744a00000| Untracked 
|  38|0x0000000744c00000, 0x0000000744c00000, 0x0000000744e00000|  0%| F|  |TAMS 0x0000000744c00000, 0x0000000744c00000| Untracked 
|  39|0x0000000744e00000, 0x0000000744e00000, 0x0000000745000000|  0%| F|  |TAMS 0x0000000744e00000, 0x0000000744e00000| Untracked 
|  40|0x0000000745000000, 0x0000000745000000, 0x0000000745200000|  0%| F|  |TAMS 0x0000000745000000, 0x0000000745000000| Untracked 
|  41|0x0000000745200000, 0x0000000745200000, 0x0000000745400000|  0%| F|  |TAMS 0x0000000745200000, 0x0000000745200000| Untracked 
|  42|0x0000000745400000, 0x0000000745400000, 0x0000000745600000|  0%| F|  |TAMS 0x0000000745400000, 0x0000000745400000| Untracked 
|  43|0x0000000745600000, 0x0000000745600000, 0x0000000745800000|  0%| F|  |TAMS 0x0000000745600000, 0x0000000745600000| Untracked 
|  44|0x0000000745800000, 0x0000000745800000, 0x0000000745a00000|  0%| F|  |TAMS 0x0000000745800000, 0x0000000745800000| Untracked 
|  45|0x0000000745a00000, 0x0000000745a00000, 0x0000000745c00000|  0%| F|  |TAMS 0x0000000745a00000, 0x0000000745a00000| Untracked 
|  46|0x0000000745c00000, 0x0000000745c00000, 0x0000000745e00000|  0%| F|  |TAMS 0x0000000745c00000, 0x0000000745c00000| Untracked 
|  47|0x0000000745e00000, 0x0000000745e00000, 0x0000000746000000|  0%| F|  |TAMS 0x0000000745e00000, 0x0000000745e00000| Untracked 
|  48|0x0000000746000000, 0x0000000746000000, 0x0000000746200000|  0%| F|  |TAMS 0x0000000746000000, 0x0000000746000000| Untracked 
|  49|0x0000000746200000, 0x0000000746200000, 0x0000000746400000|  0%| F|  |TAMS 0x0000000746200000, 0x0000000746200000| Untracked 
|  50|0x0000000746400000, 0x0000000746400000, 0x0000000746600000|  0%| F|  |TAMS 0x0000000746400000, 0x0000000746400000| Untracked 
|  51|0x0000000746600000, 0x0000000746600000, 0x0000000746800000|  0%| F|  |TAMS 0x0000000746600000, 0x0000000746600000| Untracked 
|  52|0x0000000746800000, 0x0000000746800000, 0x0000000746a00000|  0%| F|  |TAMS 0x0000000746800000, 0x0000000746800000| Untracked 
|  53|0x0000000746a00000, 0x0000000746a00000, 0x0000000746c00000|  0%| F|  |TAMS 0x0000000746a00000, 0x0000000746a00000| Untracked 
|  54|0x0000000746c00000, 0x0000000746c00000, 0x0000000746e00000|  0%| F|  |TAMS 0x0000000746c00000, 0x0000000746c00000| Untracked 
|  55|0x0000000746e00000, 0x0000000746e00000, 0x0000000747000000|  0%| F|  |TAMS 0x0000000746e00000, 0x0000000746e00000| Untracked 
|  56|0x0000000747000000, 0x0000000747000000, 0x0000000747200000|  0%| F|  |TAMS 0x0000000747000000, 0x0000000747000000| Untracked 
|  57|0x0000000747200000, 0x0000000747200000, 0x0000000747400000|  0%| F|  |TAMS 0x0000000747200000, 0x0000000747200000| Untracked 
|  58|0x0000000747400000, 0x0000000747400000, 0x0000000747600000|  0%| F|  |TAMS 0x0000000747400000, 0x0000000747400000| Untracked 
|  59|0x0000000747600000, 0x0000000747600000, 0x0000000747800000|  0%| F|  |TAMS 0x0000000747600000, 0x0000000747600000| Untracked 
|  60|0x0000000747800000, 0x0000000747800000, 0x0000000747a00000|  0%| F|  |TAMS 0x0000000747800000, 0x0000000747800000| Untracked 
|  61|0x0000000747a00000, 0x0000000747a00000, 0x0000000747c00000|  0%| F|  |TAMS 0x0000000747a00000, 0x0000000747a00000| Untracked 
|  62|0x0000000747c00000, 0x0000000747e00000, 0x0000000747e00000|100%| E|  |TAMS 0x0000000747c00000, 0x0000000747c00000| Complete 
|  63|0x0000000747e00000, 0x0000000748000000, 0x0000000748000000|100%| E|CS|TAMS 0x0000000747e00000, 0x0000000747e00000| Complete 
|  64|0x0000000748000000, 0x0000000748200000, 0x0000000748200000|100%| E|CS|TAMS 0x0000000748000000, 0x0000000748000000| Complete 
|  65|0x0000000748200000, 0x0000000748400000, 0x0000000748400000|100%| E|CS|TAMS 0x0000000748200000, 0x0000000748200000| Complete 
|  66|0x0000000748400000, 0x0000000748600000, 0x0000000748600000|100%| E|CS|TAMS 0x0000000748400000, 0x0000000748400000| Complete 
|  67|0x0000000748600000, 0x0000000748800000, 0x0000000748800000|100%| E|CS|TAMS 0x0000000748600000, 0x0000000748600000| Complete 
|  68|0x0000000748800000, 0x0000000748a00000, 0x0000000748a00000|100%| E|CS|TAMS 0x0000000748800000, 0x0000000748800000| Complete 
|  69|0x0000000748a00000, 0x0000000748c00000, 0x0000000748c00000|100%| E|CS|TAMS 0x0000000748a00000, 0x0000000748a00000| Complete 
|  70|0x0000000748c00000, 0x0000000748e00000, 0x0000000748e00000|100%| E|CS|TAMS 0x0000000748c00000, 0x0000000748c00000| Complete 
|  71|0x0000000748e00000, 0x0000000749000000, 0x0000000749000000|100%| E|CS|TAMS 0x0000000748e00000, 0x0000000748e00000| Complete 
|  72|0x0000000749000000, 0x0000000749200000, 0x0000000749200000|100%| E|CS|TAMS 0x0000000749000000, 0x0000000749000000| Complete 
|  73|0x0000000749200000, 0x0000000749400000, 0x0000000749400000|100%| E|CS|TAMS 0x0000000749200000, 0x0000000749200000| Complete 
|  74|0x0000000749400000, 0x0000000749600000, 0x0000000749600000|100%| E|CS|TAMS 0x0000000749400000, 0x0000000749400000| Complete 
|  75|0x0000000749600000, 0x0000000749800000, 0x0000000749800000|100%| E|CS|TAMS 0x0000000749600000, 0x0000000749600000| Complete 
|  76|0x0000000749800000, 0x0000000749a00000, 0x0000000749a00000|100%| E|CS|TAMS 0x0000000749800000, 0x0000000749800000| Complete 
|  90|0x000000074b400000, 0x000000074b600000, 0x000000074b600000|100%| E|CS|TAMS 0x000000074b400000, 0x000000074b400000| Complete 
|  91|0x000000074b600000, 0x000000074b800000, 0x000000074b800000|100%| E|CS|TAMS 0x000000074b600000, 0x000000074b600000| Complete 
|  92|0x000000074b800000, 0x000000074ba00000, 0x000000074ba00000|100%| E|CS|TAMS 0x000000074b800000, 0x000000074b800000| Complete 
|  93|0x000000074ba00000, 0x000000074bc00000, 0x000000074bc00000|100%| E|CS|TAMS 0x000000074ba00000, 0x000000074ba00000| Complete 
|  95|0x000000074be00000, 0x000000074c000000, 0x000000074c000000|100%| E|CS|TAMS 0x000000074be00000, 0x000000074be00000| Complete 

Card table byte_map: [0x000001c8fb330000,0x000001c8fb930000] _byte_map_base: 0x000001c8f7930000

Marking Bits (Prev, Next): (CMBitMap*) 0x000001c8f759bd10, (CMBitMap*) 0x000001c8f759bcd0
 Prev Bits: [0x000001c88f000000, 0x000001c892000000)
 Next Bits: [0x000001c8fbf30000, 0x000001c8fef30000)

Polling page: 0x000001c8f5430000

Metaspace:

Usage:
  Non-class:     51.48 MB used.
      Class:      6.92 MB used.
       Both:     58.40 MB used.

Virtual space:
  Non-class space:       56.00 MB reserved,      51.63 MB ( 92%) committed,  7 nodes.
      Class space:        1.00 GB reserved,       7.06 MB ( <1%) committed,  1 nodes.
             Both:        1.05 GB reserved,      58.69 MB (  5%) committed. 

Chunk freelists:
   Non-Class:  3.54 MB
       Class:  960.00 KB
        Both:  4.48 MB

MaxMetaspaceSize: unlimited
CompressedClassSpaceSize: 1.00 GB
Initial GC threshold: 21.00 MB
Current GC threshold: 92.63 MB
CDS: off
MetaspaceReclaimPolicy: balanced
 - commit_granule_bytes: 65536.
 - commit_granule_words: 8192.
 - virtual_space_node_default_size: 1048576.
 - enlarge_chunks_in_place: 1.
 - new_chunks_are_fully_committed: 0.
 - uncommit_free_chunks: 1.
 - use_allocation_guard: 0.
 - handle_deallocations: 1.


Internal statistics:

num_allocs_failed_limit: 6.
num_arena_births: 252.
num_arena_deaths: 0.
num_vsnodes_births: 8.
num_vsnodes_deaths: 0.
num_space_committed: 937.
num_space_uncommitted: 0.
num_chunks_returned_to_freelist: 6.
num_chunks_taken_from_freelist: 2009.
num_chunk_merges: 6.
num_chunk_splits: 1633.
num_chunks_enlarged: 1448.
num_purges: 0.
num_inconsistent_stats: 0.

CodeHeap 'non-profiled nmethods': size=120000Kb used=3183Kb max_used=3183Kb free=116816Kb
 bounds [0x000001c887ad0000, 0x000001c887df0000, 0x000001c88f000000]
CodeHeap 'profiled nmethods': size=120000Kb used=13390Kb max_used=13390Kb free=106609Kb
 bounds [0x000001c880000000, 0x000001c880d30000, 0x000001c887530000]
CodeHeap 'non-nmethods': size=5760Kb used=1306Kb max_used=1359Kb free=4453Kb
 bounds [0x000001c887530000, 0x000001c8877a0000, 0x000001c887ad0000]
 total_blobs=6289 nmethods=5665 adapters=535
 compilation: enabled
              stopped_count=0, restarted_count=0
 full_count=0

Compilation events (20 events):
Event: 8.346 Thread 0x000001c8ffa337d0 6536       1       org.jetbrains.kotlin.descriptors.impl.PropertyDescriptorImpl$CopyConfiguration::access$600 (5 bytes)
Event: 8.346 Thread 0x000001c8ffa337d0 nmethod 6536 0x000001c887de9010 code [0x000001c887de91a0, 0x000001c887de9258]
Event: 8.346 Thread 0x000001c8ffa337d0 6537       1       org.jetbrains.kotlin.descriptors.impl.PropertyDescriptorImpl$CopyConfiguration::access$700 (5 bytes)
Event: 8.346 Thread 0x000001c8ffa337d0 nmethod 6537 0x000001c887de9310 code [0x000001c887de94a0, 0x000001c887de9558]
Event: 8.346 Thread 0x000001c8ffa337d0 6538       1       org.jetbrains.kotlin.descriptors.impl.PropertyDescriptorImpl$CopyConfiguration::access$800 (5 bytes)
Event: 8.346 Thread 0x000001c8ffa337d0 nmethod 6538 0x000001c887de9610 code [0x000001c887de97a0, 0x000001c887de9858]
Event: 8.346 Thread 0x000001c8ffa337d0 6539       1       org.jetbrains.kotlin.descriptors.impl.PropertyDescriptorImpl$CopyConfiguration::access$900 (5 bytes)
Event: 8.346 Thread 0x000001c8ffa337d0 nmethod 6539 0x000001c887de9910 code [0x000001c887de9aa0, 0x000001c887de9b58]
Event: 8.346 Thread 0x000001c8ffa337d0 6540       1       org.jetbrains.kotlin.descriptors.impl.PropertyDescriptorImpl$CopyConfiguration::access$1000 (5 bytes)
Event: 8.347 Thread 0x000001c8ffa337d0 nmethod 6540 0x000001c887de9c10 code [0x000001c887de9da0, 0x000001c887de9e58]
Event: 8.347 Thread 0x000001c8ffa337d0 6541       1       org.jetbrains.kotlin.descriptors.impl.PropertyDescriptorImpl$CopyConfiguration::access$1100 (5 bytes)
Event: 8.347 Thread 0x000001c8ffa337d0 nmethod 6541 0x000001c887de9f10 code [0x000001c887dea0a0, 0x000001c887dea158]
Event: 8.347 Thread 0x000001c8ffa337d0 6542       1       org.jetbrains.kotlin.descriptors.impl.PropertyDescriptorImpl$CopyConfiguration::access$1200 (5 bytes)
Event: 8.348 Thread 0x000001c8ffa337d0 nmethod 6542 0x000001c887dea210 code [0x000001c887dea3a0, 0x000001c887dea458]
Event: 8.348 Thread 0x000001c8ffa337d0 6525       1       org.jetbrains.kotlin.com.intellij.openapi.project.Project::isDefault (2 bytes)
Event: 8.348 Thread 0x000001c8ffa337d0 nmethod 6525 0x000001c887dea510 code [0x000001c887dea6a0, 0x000001c887dea778]
Event: 8.357 Thread 0x000001c8ffa337d0 6547       3       org.jetbrains.kotlin.resolve.scopes.InnerClassesScopeWrapper::getContributedClassifier (84 bytes)
Event: 8.359 Thread 0x000001c8ffa337d0 nmethod 6547 0x000001c880a9ec10 code [0x000001c880a9ef00, 0x000001c880aa0348]
Event: 8.359 Thread 0x000001c8ffa337d0 6548       1       org.jetbrains.kotlin.resolve.lazy.LazyImportResolver::getIndexedImports (5 bytes)
Event: 8.359 Thread 0x000001c8ffa337d0 nmethod 6548 0x000001c887dea810 code [0x000001c887dea9a0, 0x000001c887deaa78]

GC Heap History (20 events):
Event: 3.294 GC heap before
{Heap before GC invocations=9 (full 0):
 garbage-first heap   total 67584K, used 47547K [0x0000000740000000, 0x0000000800000000)
  region size 2048K, 12 young (24576K), 1 survivors (2048K)
 Metaspace       used 40214K, committed 40448K, reserved 1089536K
  class space    used 5051K, committed 5184K, reserved 1048576K
}
Event: 3.302 GC heap after
{Heap after GC invocations=10 (full 0):
 garbage-first heap   total 67584K, used 25721K [0x0000000740000000, 0x0000000800000000)
  region size 2048K, 2 young (4096K), 2 survivors (4096K)
 Metaspace       used 40214K, committed 40448K, reserved 1089536K
  class space    used 5051K, committed 5184K, reserved 1048576K
}
Event: 3.674 GC heap before
{Heap before GC invocations=10 (full 0):
 garbage-first heap   total 67584K, used 48249K [0x0000000740000000, 0x0000000800000000)
  region size 2048K, 13 young (26624K), 2 survivors (4096K)
 Metaspace       used 44695K, committed 44928K, reserved 1089536K
  class space    used 5448K, committed 5568K, reserved 1048576K
}
Event: 3.684 GC heap after
{Heap after GC invocations=11 (full 0):
 garbage-first heap   total 67584K, used 28000K [0x0000000740000000, 0x0000000800000000)
  region size 2048K, 2 young (4096K), 2 survivors (4096K)
 Metaspace       used 44695K, committed 44928K, reserved 1089536K
  class space    used 5448K, committed 5568K, reserved 1048576K
}
Event: 4.223 GC heap before
{Heap before GC invocations=11 (full 0):
 garbage-first heap   total 67584K, used 50528K [0x0000000740000000, 0x0000000800000000)
  region size 2048K, 12 young (24576K), 2 survivors (4096K)
 Metaspace       used 50322K, committed 50560K, reserved 1097728K
  class space    used 6059K, committed 6144K, reserved 1048576K
}
Event: 4.236 GC heap after
{Heap after GC invocations=12 (full 0):
 garbage-first heap   total 67584K, used 32825K [0x0000000740000000, 0x0000000800000000)
  region size 2048K, 2 young (4096K), 2 survivors (4096K)
 Metaspace       used 50322K, committed 50560K, reserved 1097728K
  class space    used 6059K, committed 6144K, reserved 1048576K
}
Event: 4.844 GC heap before
{Heap before GC invocations=12 (full 0):
 garbage-first heap   total 67584K, used 49209K [0x0000000740000000, 0x0000000800000000)
  region size 2048K, 10 young (20480K), 2 survivors (4096K)
 Metaspace       used 52200K, committed 52416K, reserved 1097728K
  class space    used 6289K, committed 6400K, reserved 1048576K
}
Event: 4.859 GC heap after
{Heap after GC invocations=13 (full 0):
 garbage-first heap   total 67584K, used 35661K [0x0000000740000000, 0x0000000800000000)
  region size 2048K, 2 young (4096K), 2 survivors (4096K)
 Metaspace       used 52200K, committed 52416K, reserved 1097728K
  class space    used 6289K, committed 6400K, reserved 1048576K
}
Event: 6.197 GC heap before
{Heap before GC invocations=14 (full 0):
 garbage-first heap   total 67584K, used 47949K [0x0000000740000000, 0x0000000800000000)
  region size 2048K, 9 young (18432K), 2 survivors (4096K)
 Metaspace       used 53436K, committed 53696K, reserved 1097728K
  class space    used 6449K, committed 6592K, reserved 1048576K
}
Event: 6.211 GC heap after
{Heap after GC invocations=15 (full 0):
 garbage-first heap   total 67584K, used 38689K [0x0000000740000000, 0x0000000800000000)
  region size 2048K, 2 young (4096K), 2 survivors (4096K)
 Metaspace       used 53436K, committed 53696K, reserved 1097728K
  class space    used 6449K, committed 6592K, reserved 1048576K
}
Event: 6.246 GC heap before
{Heap before GC invocations=15 (full 0):
 garbage-first heap   total 67584K, used 38689K [0x0000000740000000, 0x0000000800000000)
  region size 2048K, 3 young (6144K), 2 survivors (4096K)
 Metaspace       used 53546K, committed 53888K, reserved 1097728K
  class space    used 6456K, committed 6656K, reserved 1048576K
}
Event: 6.262 GC heap after
{Heap after GC invocations=16 (full 0):
 garbage-first heap   total 81920K, used 38573K [0x0000000740000000, 0x0000000800000000)
  region size 2048K, 1 young (2048K), 1 survivors (2048K)
 Metaspace       used 53546K, committed 53888K, reserved 1097728K
  class space    used 6456K, committed 6656K, reserved 1048576K
}
Event: 6.489 GC heap before
{Heap before GC invocations=16 (full 0):
 garbage-first heap   total 81920K, used 59053K [0x0000000740000000, 0x0000000800000000)
  region size 2048K, 12 young (24576K), 1 survivors (2048K)
 Metaspace       used 53847K, committed 54208K, reserved 1097728K
  class space    used 6480K, committed 6656K, reserved 1048576K
}
Event: 6.494 GC heap after
{Heap after GC invocations=17 (full 0):
 garbage-first heap   total 81920K, used 39629K [0x0000000740000000, 0x0000000800000000)
  region size 2048K, 1 young (2048K), 1 survivors (2048K)
 Metaspace       used 53847K, committed 54208K, reserved 1097728K
  class space    used 6480K, committed 6656K, reserved 1048576K
}
Event: 7.113 GC heap before
{Heap before GC invocations=18 (full 0):
 garbage-first heap   total 81920K, used 62157K [0x0000000740000000, 0x0000000800000000)
  region size 2048K, 12 young (24576K), 1 survivors (2048K)
 Metaspace       used 55870K, committed 56192K, reserved 1105920K
  class space    used 6668K, committed 6848K, reserved 1048576K
}
Event: 7.126 GC heap after
{Heap after GC invocations=19 (full 0):
 garbage-first heap   total 81920K, used 42524K [0x0000000740000000, 0x0000000800000000)
  region size 2048K, 2 young (4096K), 2 survivors (4096K)
 Metaspace       used 55870K, committed 56192K, reserved 1105920K
  class space    used 6668K, committed 6848K, reserved 1048576K
}
Event: 7.201 GC heap before
{Heap before GC invocations=19 (full 0):
 garbage-first heap   total 81920K, used 44572K [0x0000000740000000, 0x0000000800000000)
  region size 2048K, 3 young (6144K), 2 survivors (4096K)
 Metaspace       used 55947K, committed 56256K, reserved 1105920K
  class space    used 6668K, committed 6848K, reserved 1048576K
}
Event: 7.217 GC heap after
{Heap after GC invocations=20 (full 0):
 garbage-first heap   total 81920K, used 42898K [0x0000000740000000, 0x0000000800000000)
  region size 2048K, 1 young (2048K), 1 survivors (2048K)
 Metaspace       used 55947K, committed 56256K, reserved 1105920K
  class space    used 6668K, committed 6848K, reserved 1048576K
}
Event: 7.621 GC heap before
{Heap before GC invocations=20 (full 0):
 garbage-first heap   total 81920K, used 63378K [0x0000000740000000, 0x0000000800000000)
  region size 2048K, 11 young (22528K), 1 survivors (2048K)
 Metaspace       used 56405K, committed 56704K, reserved 1105920K
  class space    used 6686K, committed 6848K, reserved 1048576K
}
Event: 7.633 GC heap after
{Heap after GC invocations=21 (full 0):
 garbage-first heap   total 167936K, used 45976K [0x0000000740000000, 0x0000000800000000)
  region size 2048K, 2 young (4096K), 2 survivors (4096K)
 Metaspace       used 56405K, committed 56704K, reserved 1105920K
  class space    used 6686K, committed 6848K, reserved 1048576K
}

Dll operation events (2 events):
Event: 0.007 Loaded shared library C:\Program Files\Android\Android Studio\jbr\bin\java.dll
Event: 1.217 Loaded shared library C:\Program Files\Android\Android Studio\jbr\bin\verify.dll

Deoptimization events (20 events):
Event: 8.332 Thread 0x000001c8f555e6e0 Uncommon trap: trap_request=0xffffffbe fr.pc=0x000001c887de3adc relative=0x00000000000036fc
Event: 8.332 Thread 0x000001c8f555e6e0 Uncommon trap: reason=profile_predicate action=maybe_recompile pc=0x000001c887de3adc method=org.jetbrains.kotlin.serialization.deserialization.descriptors.DeserializedPackageMemberScope.hasClass(Lorg/jetbrains/kotlin/name/Name;)Z @ 65 c2
Event: 8.332 Thread 0x000001c8f555e6e0 DEOPT PACKING pc=0x000001c887de3adc sp=0x000000031e7fa1f0
Event: 8.332 Thread 0x000001c8f555e6e0 DEOPT UNPACKING pc=0x000001c8875869a3 sp=0x000000031e7fa0d0 mode 2
Event: 8.332 Thread 0x000001c8f555e6e0 Uncommon trap: trap_request=0xffffffbe fr.pc=0x000001c887de3adc relative=0x00000000000036fc
Event: 8.332 Thread 0x000001c8f555e6e0 Uncommon trap: reason=profile_predicate action=maybe_recompile pc=0x000001c887de3adc method=org.jetbrains.kotlin.serialization.deserialization.descriptors.DeserializedPackageMemberScope.hasClass(Lorg/jetbrains/kotlin/name/Name;)Z @ 65 c2
Event: 8.332 Thread 0x000001c8f555e6e0 DEOPT PACKING pc=0x000001c887de3adc sp=0x000000031e7fa1f0
Event: 8.332 Thread 0x000001c8f555e6e0 DEOPT UNPACKING pc=0x000001c8875869a3 sp=0x000000031e7fa0d0 mode 2
Event: 8.332 Thread 0x000001c8f555e6e0 Uncommon trap: trap_request=0xffffffbe fr.pc=0x000001c887de3adc relative=0x00000000000036fc
Event: 8.332 Thread 0x000001c8f555e6e0 Uncommon trap: reason=profile_predicate action=maybe_recompile pc=0x000001c887de3adc method=org.jetbrains.kotlin.serialization.deserialization.descriptors.DeserializedPackageMemberScope.hasClass(Lorg/jetbrains/kotlin/name/Name;)Z @ 65 c2
Event: 8.332 Thread 0x000001c8f555e6e0 DEOPT PACKING pc=0x000001c887de3adc sp=0x000000031e7fa1f0
Event: 8.332 Thread 0x000001c8f555e6e0 DEOPT UNPACKING pc=0x000001c8875869a3 sp=0x000000031e7fa0d0 mode 2
Event: 8.332 Thread 0x000001c8f555e6e0 Uncommon trap: trap_request=0xffffffbe fr.pc=0x000001c887de3adc relative=0x00000000000036fc
Event: 8.332 Thread 0x000001c8f555e6e0 Uncommon trap: reason=profile_predicate action=maybe_recompile pc=0x000001c887de3adc method=org.jetbrains.kotlin.serialization.deserialization.descriptors.DeserializedPackageMemberScope.hasClass(Lorg/jetbrains/kotlin/name/Name;)Z @ 65 c2
Event: 8.333 Thread 0x000001c8f555e6e0 DEOPT PACKING pc=0x000001c887de3adc sp=0x000000031e7fa1f0
Event: 8.333 Thread 0x000001c8f555e6e0 DEOPT UNPACKING pc=0x000001c8875869a3 sp=0x000000031e7fa0d0 mode 2
Event: 8.335 Thread 0x000001c8f555e6e0 Uncommon trap: trap_request=0xffffff45 fr.pc=0x000001c887b29094 relative=0x0000000000000074
Event: 8.335 Thread 0x000001c8f555e6e0 Uncommon trap: reason=unstable_if action=reinterpret pc=0x000001c887b29094 method=org.jetbrains.kotlin.types.error.ErrorUtils.isError(Lorg/jetbrains/kotlin/descriptors/DeclarationDescriptor;)Z @ 26 c2
Event: 8.335 Thread 0x000001c8f555e6e0 DEOPT PACKING pc=0x000001c887b29094 sp=0x000000031e7fb180
Event: 8.335 Thread 0x000001c8f555e6e0 DEOPT UNPACKING pc=0x000001c8875869a3 sp=0x000000031e7fb120 mode 2

Classes unloaded (0 events):
No events

Classes redefined (0 events):
No events

Internal exceptions (20 events):
Event: 2.109 Thread 0x000001c8f555e6e0 Exception <a 'java/lang/NoSuchMethodError'{0x000000074b6a3fe0}: 'void java.lang.invoke.DirectMethodHandle$Holder.invokeVirtual(java.lang.Object, java.lang.Object)'> (0x000000074b6a3fe0) 
thrown [s\src\hotspot\share\interpreter\linkResolver.cpp, line 771]
Event: 2.115 Thread 0x000001c8f555e6e0 Exception <a 'java/lang/NoSuchMethodError'{0x000000074b6ed320}: 'int java.lang.invoke.DirectMethodHandle$Holder.invokeVirtual(java.lang.Object, java.lang.Object)'> (0x000000074b6ed320) 
thrown [s\src\hotspot\share\interpreter\linkResolver.cpp, line 771]
Event: 2.131 Thread 0x000001c8f555e6e0 Exception <a 'java/lang/NoSuchMethodError'{0x000000074b79ed10}: 'java.lang.Object java.lang.invoke.Invokers$Holder.invokeExact_MT(java.lang.Object, java.lang.Object, java.lang.Object, java.lang.Object, java.lang.Object, java.lang.Object)'> (0x000000074b79ed10) 
thrown [s\src\hotspot\share\interpreter\linkResolver.cpp, line 771]
Event: 2.258 Thread 0x000001c8f555e6e0 Exception <a 'java/lang/NoSuchMethodError'{0x00000007425cf110}: 'java.lang.Object java.lang.invoke.Invokers$Holder.invoke_MT(java.lang.Object, java.lang.Object, java.lang.Object)'> (0x00000007425cf110) 
thrown [s\src\hotspot\share\interpreter\linkResolver.cpp, line 771]
Event: 3.075 Thread 0x000001c8f555e6e0 Exception <a 'java/lang/NoSuchMethodError'{0x000000074363d2b8}: 'java.lang.Object java.lang.invoke.DirectMethodHandle$Holder.invokeVirtual(java.lang.Object, java.lang.Object, java.lang.Object)'> (0x000000074363d2b8) 
thrown [s\src\hotspot\share\interpreter\linkResolver.cpp, line 771]
Event: 3.845 Thread 0x000001c8f555e6e0 Exception <a 'java/lang/NoSuchMethodError'{0x000000074b9c7758}: 'java.lang.Object java.lang.invoke.DirectMethodHandle$Holder.newInvokeSpecial(java.lang.Object, java.lang.Object, int)'> (0x000000074b9c7758) 
thrown [s\src\hotspot\share\interpreter\linkResolver.cpp, line 771]
Event: 4.168 Thread 0x000001c8f555e6e0 Exception <a 'java/lang/NoSuchMethodError'{0x00000007431d9e58}: 'java.lang.Object java.lang.invoke.DirectMethodHandle$Holder.newInvokeSpecial(java.lang.Object, java.lang.Object, java.lang.Object, int)'> (0x00000007431d9e58) 
thrown [s\src\hotspot\share\interpreter\linkResolver.cpp, line 771]
Event: 4.168 Thread 0x000001c8f555e6e0 Exception <a 'java/lang/NoSuchMethodError'{0x00000007431de4e0}: 'java.lang.Object java.lang.invoke.DirectMethodHandle$Holder.invokeSpecial(java.lang.Object, java.lang.Object, java.lang.Object, java.lang.Object, int)'> (0x00000007431de4e0) 
thrown [s\src\hotspot\share\interpreter\linkResolver.cpp, line 771]
Event: 4.168 Thread 0x000001c8f555e6e0 Exception <a 'java/lang/NoSuchMethodError'{0x00000007431e2350}: 'java.lang.Object java.lang.invoke.Invokers$Holder.linkToTargetMethod(java.lang.Object, java.lang.Object, int, java.lang.Object)'> (0x00000007431e2350) 
thrown [s\src\hotspot\share\interpreter\linkResolver.cpp, line 771]
Event: 4.277 Thread 0x000001c8f555e6e0 Implicit null exception at 0x000001c887c59250 to 0x000001c887c59320
Event: 4.535 Thread 0x000001c8f555e6e0 Exception <a 'java/lang/NoSuchMethodError'{0x00000007436f9a08}: 'java.lang.Object java.lang.invoke.DirectMethodHandle$Holder.invokeInterface(java.lang.Object, java.lang.Object)'> (0x00000007436f9a08) 
thrown [s\src\hotspot\share\interpreter\linkResolver.cpp, line 771]
Event: 6.797 Thread 0x000001c8f555e6e0 Exception <a 'java/lang/NoSuchMethodError'{0x00000007443cafa8}: 'java.lang.Object java.lang.invoke.DirectMethodHandle$Holder.invokeStaticInit(java.lang.Object, java.lang.Object, java.lang.Object)'> (0x00000007443cafa8) 
thrown [s\src\hotspot\share\interpreter\linkResolver.cpp, line 771]
Event: 7.538 Thread 0x000001c8f555e6e0 Implicit null exception at 0x000001c887b1c9f4 to 0x000001c887b1cbe0
Event: 7.687 Thread 0x000001c8f555e6e0 Exception <a 'java/lang/NoSuchMethodError'{0x000000074ba8af58}: 'java.lang.Object java.lang.invoke.DirectMethodHandle$Holder.newInvokeSpecial(java.lang.Object, int, java.lang.Object)'> (0x000000074ba8af58) 
thrown [s\src\hotspot\share\interpreter\linkResolver.cpp, line 771]
Event: 7.694 Thread 0x000001c8f555e6e0 Exception <a 'java/lang/NoSuchMethodError'{0x000000074ba915b8}: 'int java.lang.invoke.DirectMethodHandle$Holder.invokeInterface(java.lang.Object, java.lang.Object)'> (0x000000074ba915b8) 
thrown [s\src\hotspot\share\interpreter\linkResolver.cpp, line 771]
Event: 7.995 Thread 0x000001c8f555e6e0 Exception <a 'java/lang/NoSuchMethodError'{0x000000074910c608}: 'java.lang.Object java.lang.invoke.DirectMethodHandle$Holder.newInvokeSpecial(java.lang.Object, java.lang.Object, java.lang.Object, java.lang.Object, java.lang.Object, java.lang.Object)'> (0x000000074910c608) 
thrown [s\src\hotspot\share\interpreter\linkResolver.cpp, line 771]
Event: 8.203 Thread 0x000001c8f555e6e0 Implicit null exception at 0x000001c887c5714c to 0x000001c887c57234
Event: 8.273 Thread 0x000001c8f555e6e0 Exception <a 'java/lang/NoSuchMethodError'{0x0000000748145d88}: 'java.lang.Object java.lang.invoke.DirectMethodHandle$Holder.newInvokeSpecial(java.lang.Object, java.lang.Object, java.lang.Object, java.lang.Object, java.lang.Object, java.lang.Object, java.lang.Object, java.lang.Object)'> (0x0000000748145d88) 
thrown [s\src\hotspot\share\interpreter\linkResolver.cpp, line 771]
Event: 8.274 Thread 0x000001c8f555e6e0 Exception <a 'java/lang/NoSuchMethodError'{0x000000074814b3a0}: 'java.lang.Object java.lang.invoke.DirectMethodHandle$Holder.invokeSpecial(java.lang.Object, java.lang.Object, java.lang.Object, java.lang.Object, java.lang.Object, java.lang.Object, java.lang.Object, java.lang.Object, java.lang.Object)'> (0x000000074814b3a0) 
thrown [s\src\hotspot\share\interpreter\linkResolver.cpp, line 771]
Event: 8.274 Thread 0x000001c8f555e6e0 Exception <a 'java/lang/NoSuchMethodError'{0x00000007481502d0}: 'java.lang.Object java.lang.invoke.Invokers$Holder.linkToTargetMethod(java.lang.Object, java.lang.Object, java.lang.Object, java.lang.Object, java.lang.Object, java.lang.Object, java.lang.Object, java.lang.Object)'> (0x00000007481502d0) 
thrown [s\src\hotspot\share\interpreter\linkResolver.cpp, line 771]

VM Operations (20 events):
Event: 7.675 Executing VM operation: HandshakeAllThreads
Event: 7.675 Executing VM operation: HandshakeAllThreads done
Event: 7.687 Executing VM operation: G1Concurrent
Event: 7.694 Executing VM operation: G1Concurrent done
Event: 7.712 Executing VM operation: G1Concurrent
Event: 7.712 Executing VM operation: G1Concurrent done
Event: 7.862 Executing VM operation: HandshakeAllThreads
Event: 7.862 Executing VM operation: HandshakeAllThreads done
Event: 7.944 Executing VM operation: ICBufferFull
Event: 7.944 Executing VM operation: ICBufferFull done
Event: 8.013 Executing VM operation: HandshakeAllThreads
Event: 8.013 Executing VM operation: HandshakeAllThreads done
Event: 8.152 Executing VM operation: HandshakeAllThreads
Event: 8.152 Executing VM operation: HandshakeAllThreads done
Event: 8.175 Executing VM operation: ICBufferFull
Event: 8.175 Executing VM operation: ICBufferFull done
Event: 8.265 Executing VM operation: HandshakeAllThreads
Event: 8.265 Executing VM operation: HandshakeAllThreads done
Event: 8.337 Executing VM operation: HandshakeAllThreads
Event: 8.337 Executing VM operation: HandshakeAllThreads done

Events (20 events):
Event: 7.468 Thread 0x000001c8ffa34cd0 flushing nmethod 0x000001c880a61810
Event: 7.468 Thread 0x000001c8ffa34cd0 flushing nmethod 0x000001c880a65b90
Event: 7.468 Thread 0x000001c8ffa34cd0 flushing nmethod 0x000001c880a6a410
Event: 7.468 Thread 0x000001c8ffa34cd0 flushing nmethod 0x000001c880a6e610
Event: 7.468 Thread 0x000001c8ffa34cd0 flushing nmethod 0x000001c880a74610
Event: 7.468 Thread 0x000001c8ffa34cd0 flushing nmethod 0x000001c880a7ba10
Event: 7.468 Thread 0x000001c8ffa34cd0 flushing nmethod 0x000001c880a8d390
Event: 7.468 Thread 0x000001c8ffa34cd0 flushing nmethod 0x000001c880a93690
Event: 7.468 Thread 0x000001c8ffa34cd0 flushing nmethod 0x000001c880a96310
Event: 7.469 Thread 0x000001c8ffa34cd0 flushing nmethod 0x000001c880abaa10
Event: 7.469 Thread 0x000001c8ffa34cd0 flushing nmethod 0x000001c880ac5e10
Event: 7.469 Thread 0x000001c8ffa34cd0 flushing nmethod 0x000001c880ad5a90
Event: 7.469 Thread 0x000001c8ffa34cd0 flushing nmethod 0x000001c880ad9090
Event: 7.469 Thread 0x000001c8ffa34cd0 flushing nmethod 0x000001c880adf410
Event: 7.469 Thread 0x000001c8ffa34cd0 flushing nmethod 0x000001c880ae1690
Event: 7.469 Thread 0x000001c8ffa34cd0 flushing nmethod 0x000001c880af2490
Event: 7.469 Thread 0x000001c8ffa34cd0 flushing nmethod 0x000001c880b00610
Event: 7.469 Thread 0x000001c8ffa34cd0 flushing nmethod 0x000001c880b37610
Event: 7.470 Thread 0x000001c8ffa34cd0 flushing nmethod 0x000001c880b65910
Event: 7.470 Thread 0x000001c8ffa34cd0 flushing nmethod 0x000001c880c28690


Dynamic libraries:
0x00007ff7fdf40000 - 0x00007ff7fdf4a000 	C:\Program Files\Android\Android Studio\jbr\bin\java.exe
0x00007ffabc780000 - 0x00007ffabc96d000 	C:\Windows\SYSTEM32\ntdll.dll
0x00007ffab9be0000 - 0x00007ffab9c93000 	C:\Windows\System32\KERNEL32.DLL
0x00007ffab8a50000 - 0x00007ffab8ce3000 	C:\Windows\System32\KERNELBASE.dll
0x00007ffab96d0000 - 0x00007ffab97cc000 	C:\Windows\System32\ucrtbase.dll
0x00007ffab4db0000 - 0x00007ffab4dc7000 	C:\Program Files\Android\Android Studio\jbr\bin\jli.dll
0x00007ffaae730000 - 0x00007ffaae74b000 	C:\Program Files\Android\Android Studio\jbr\bin\VCRUNTIME140.dll
0x00007ffabc280000 - 0x00007ffabc417000 	C:\Windows\System32\USER32.dll
0x00007ffaa8700000 - 0x00007ffaa8979000 	C:\Windows\WinSxS\amd64_microsoft.windows.common-controls_6595b64144ccf1df_6.0.17763.134_none_05b3373a07211a5c\COMCTL32.dll
0x00007ffab8f40000 - 0x00007ffab8f60000 	C:\Windows\System32\win32u.dll
0x00007ffab9b40000 - 0x00007ffab9bde000 	C:\Windows\System32\msvcrt.dll
0x00007ffab9f40000 - 0x00007ffab9f69000 	C:\Windows\System32\GDI32.dll
0x00007ffabc420000 - 0x00007ffabc74d000 	C:\Windows\System32\combase.dll
0x00007ffab8cf0000 - 0x00007ffab8e8a000 	C:\Windows\System32\gdi32full.dll
0x00007ffaba810000 - 0x00007ffaba933000 	C:\Windows\System32\RPCRT4.dll
0x00007ffab8850000 - 0x00007ffab88f0000 	C:\Windows\System32\msvcp_win.dll
0x00007ffab8920000 - 0x00007ffab899e000 	C:\Windows\System32\bcryptPrimitives.dll
0x00007ffaba7e0000 - 0x00007ffaba80e000 	C:\Windows\System32\IMM32.DLL
0x00007ffa97540000 - 0x00007ffa9754c000 	C:\Program Files\Android\Android Studio\jbr\bin\vcruntime140_1.dll
0x00007ffa91db0000 - 0x00007ffa91e3d000 	C:\Program Files\Android\Android Studio\jbr\bin\msvcp140.dll
0x00007ffa97e40000 - 0x00007ffa98aae000 	C:\Program Files\Android\Android Studio\jbr\bin\server\jvm.dll
0x00007ffabc0c0000 - 0x00007ffabc163000 	C:\Windows\System32\ADVAPI32.dll
0x00007ffab9d30000 - 0x00007ffab9dce000 	C:\Windows\System32\sechost.dll
0x00007ffaa7ea0000 - 0x00007ffaa7ea9000 	C:\Windows\SYSTEM32\WSOCK32.dll
0x00007ffab6220000 - 0x00007ffab6244000 	C:\Windows\SYSTEM32\WINMM.dll
0x00007ffab2360000 - 0x00007ffab236a000 	C:\Windows\SYSTEM32\VERSION.dll
0x00007ffab9a40000 - 0x00007ffab9aad000 	C:\Windows\System32\WS2_32.dll
0x00007ffab61f0000 - 0x00007ffab621d000 	C:\Windows\SYSTEM32\WINMMBASE.dll
0x00007ffab8a00000 - 0x00007ffab8a4a000 	C:\Windows\System32\cfgmgr32.dll
0x00007ffab87e0000 - 0x00007ffab87f1000 	C:\Windows\System32\kernel.appcore.dll
0x00007ffab4e70000 - 0x00007ffab4e7a000 	C:\Program Files\Android\Android Studio\jbr\bin\jimage.dll
0x00007ffaa7ba0000 - 0x00007ffaa7d8d000 	C:\Windows\SYSTEM32\DBGHELP.DLL
0x00007ffa9dcd0000 - 0x00007ffa9dcfa000 	C:\Windows\SYSTEM32\dbgcore.DLL
0x00007ffaa6f30000 - 0x00007ffaa6f55000 	C:\Program Files\Android\Android Studio\jbr\bin\java.dll
0x00007ffab2010000 - 0x00007ffab2028000 	C:\Program Files\Android\Android Studio\jbr\bin\zip.dll
0x00007ffababd0000 - 0x00007ffabc0bf000 	C:\Windows\System32\SHELL32.dll
0x00007ffaba0a0000 - 0x00007ffaba148000 	C:\Windows\System32\shcore.dll
0x00007ffab8f60000 - 0x00007ffab96a8000 	C:\Windows\System32\windows.storage.dll
0x00007ffab8820000 - 0x00007ffab8844000 	C:\Windows\System32\profapi.dll
0x00007ffab8780000 - 0x00007ffab87dd000 	C:\Windows\System32\powrprof.dll
0x00007ffabc170000 - 0x00007ffabc1c2000 	C:\Windows\System32\shlwapi.dll
0x00007ffab96b0000 - 0x00007ffab96c7000 	C:\Windows\System32\cryptsp.dll
0x00007ffaafa90000 - 0x00007ffaafaa9000 	C:\Program Files\Android\Android Studio\jbr\bin\net.dll
0x00007ffab2630000 - 0x00007ffab2721000 	C:\Windows\SYSTEM32\WINHTTP.dll
0x00007ffab8010000 - 0x00007ffab8077000 	C:\Windows\system32\mswsock.dll
0x00007ffaa7060000 - 0x00007ffaa7076000 	C:\Program Files\Android\Android Studio\jbr\bin\nio.dll
0x00007ffaaeaf0000 - 0x00007ffaaeb00000 	C:\Program Files\Android\Android Studio\jbr\bin\verify.dll

dbghelp: loaded successfully - version: 4.0.5 - missing functions: none
symbol engine: initialized successfully - sym options: 0x614 - pdb path: .;C:\Program Files\Android\Android Studio\jbr\bin;C:\Windows\SYSTEM32;C:\Windows\WinSxS\amd64_microsoft.windows.common-controls_6595b64144ccf1df_6.0.17763.134_none_05b3373a07211a5c;C:\Program Files\Android\Android Studio\jbr\bin\server

VM Arguments:
java_command: org.jetbrains.kotlin.cli.jvm.K2JVMCompiler @E:\AndroidStudioProject\CryptoApp\app\build\20231206_18414759969181116101.compiler.options
java_class_path (initial): C:\Users\Alexx\.gradle\caches\modules-2\files-2.1\org.jetbrains.kotlin\kotlin-compiler-embeddable\1.8.0\eb9118d4bcceaa2a94b2ae2a33a4ddba7c9a947f\kotlin-compiler-embeddable-1.8.0.jar;C:\Users\Alexx\.gradle\caches\modules-2\files-2.1\org.jetbrains.kotlin\kotlin-stdlib\1.8.0\1796921c7a3e2e2665a83e6c8d33399336cd39bc\kotlin-stdlib-1.8.0.jar;C:\Users\Alexx\.gradle\caches\modules-2\files-2.1\org.jetbrains.kotlin\kotlin-script-runtime\1.8.0\b2f7e760d283cb339974851c222a4c1d48f2d3d\kotlin-script-runtime-1.8.0.jar;C:\Users\Alexx\.gradle\caches\modules-2\files-2.1\org.jetbrains.kotlin\kotlin-reflect\1.6.10\1cbe9c92c12a94eea200d23c2bbaedaf3daf5132\kotlin-reflect-1.6.10.jar;C:\Users\Alexx\.gradle\caches\modules-2\files-2.1\org.jetbrains.kotlin\kotlin-daemon-embeddable\1.8.0\d255216c551685dc3a7e852b53617f5f01aaaa5c\kotlin-daemon-embeddable-1.8.0.jar;C:\Users\Alexx\.gradle\caches\modules-2\files-2.1\org.jetbrains.intellij.deps\trove4j\1.0.20200330\3afb14d5f9ceb459d724e907a21145e8ff394f02\trove4j-1.0.20200330.jar;C:\Users\Alexx\.gradle\caches\modules-2\files-2.1\net.java.dev.jna\jna\5.6.0\330f2244e9030119ab3030fc3fededc86713d9cc\jna-5.6.0.jar;C:\Users\Alexx\.gradle\caches\modules-2\files-2.1\org.jetbrains.kotlin\kotlin-stdlib-common\1.8.0\f7197e7cc76453ac59f8b0f8d5137cc600becd36\kotlin-stdlib-common-1.8.0.jar;C:\Users\Alexx\.gradle\caches\modules-2\files-2.1\org.jetbrains\annotations\13.0\919f0dfe192fb4e063e7dacadee7f8bb9a2672a9\annotations-13.0.jar
Launcher Type: SUN_STANDARD

[Global flags]
     intx CICompilerCount                          = 4                                         {product} {ergonomic}
     uint ConcGCThreads                            = 2                                         {product} {ergonomic}
     uint G1ConcRefinementThreads                  = 8                                         {product} {ergonomic}
   size_t G1HeapRegionSize                         = 2097152                                   {product} {ergonomic}
    uintx GCDrainStackTargetSize                   = 64                                        {product} {ergonomic}
   size_t InitialHeapSize                          = 201326592                                 {product} {ergonomic}
   size_t MarkStackSize                            = 4194304                                   {product} {ergonomic}
   size_t MaxHeapSize                              = 3221225472                                {product} {ergonomic}
   size_t MaxNewSize                               = 1931476992                                {product} {ergonomic}
   size_t MinHeapDeltaBytes                        = 2097152                                   {product} {ergonomic}
   size_t MinHeapSize                              = 8388608                                   {product} {ergonomic}
    uintx NonNMethodCodeHeapSize                   = 5839372                                {pd product} {ergonomic}
    uintx NonProfiledCodeHeapSize                  = 122909434                              {pd product} {ergonomic}
    uintx ProfiledCodeHeapSize                     = 122909434                              {pd product} {ergonomic}
    uintx ReservedCodeCacheSize                    = 251658240                              {pd product} {ergonomic}
     bool SegmentedCodeCache                       = true                                      {product} {ergonomic}
   size_t SoftMaxHeapSize                          = 3221225472                             {manageable} {ergonomic}
     bool UseCompressedClassPointers               = true                           {product lp64_product} {ergonomic}
     bool UseCompressedOops                        = true                           {product lp64_product} {ergonomic}
     bool UseG1GC                                  = true                                      {product} {ergonomic}
     bool UseLargePagesIndividualAllocation        = false                                  {pd product} {ergonomic}

Logging:
Log output configuration:
 #0: stdout all=warning uptime,level,tags
 #1: stderr all=off uptime,level,tags

Environment Variables:
PATH=C:\ProgramData\Oracle\Java\javapath;C:\Program Files (x86)\Python38-32\Scripts\;C:\Program Files (x86)\Python38-32\;C:\Windows\system32;C:\Windows;C:\Windows\System32\Wbem;C:\Windows\System32\WindowsPowerShell\v1.0\;C:\Program Files (x86)\Common Files\Acronis\SnapAPI\;C:\Program Files (x86)\dotnet\;C:\Program Files\PuTTY\;C:\Program Files\Git\cmd;C:\Users\Alexx\AppData\Local\Microsoft\WindowsApps;C:\Program Files (x86)\Nmap
USERNAME=Alexx
OS=Windows_NT
PROCESSOR_IDENTIFIER=AMD64 Family 21 Model 2 Stepping 0, AuthenticAMD
TMP=C:\Temp
TEMP=C:\Temp


JNI global refs:
JNI global refs: 12, weak refs: 4

JNI global refs memory usage: 843, weak refs: 841


---------------  S Y S T E M  ---------------

OS:
 Windows 10 , 64 bit Build 17763 (10.0.17763.1)
OS uptime: 0 days 2:42 hours

CPU: total 8 (initial active 8) (8 cores per cpu, 1 threads per core) family 21 model 2 stepping 0 microcode 0x0, cx8, cmov, fxsr, mmx, 3dnowpref, sse, sse2, sse3, ssse3, sse4a, sse4.1, sse4.2, popcnt, lzcnt, tsc, tscinvbit, avx, aes, clmul, bmi1, fma, vzeroupper, clflush

Memory: 4k page, system-wide physical 12285M (3082M free)
TotalPageFile size 12541M (AvailPageFile size 28M)
current process WorkingSet (physical memory assigned to process): 280M, peak: 284M
current process commit charge ("private bytes"): 371M, peak: 376M

vm_info: OpenJDK 64-Bit Server VM (17.0.6+0-b2043.56-10027231) for windows-amd64 JRE (17.0.6+0-b2043.56-10027231), built on Apr 28 2023 00:43:19 by "androidbuild" with MS VC++ 16.10 / 16.11 (VS2019)

END.
