#
# There is insufficient memory for the Java Runtime Environment to continue.
# Native memory allocation (mmap) failed to map 201326592 bytes for G1 virtual space
# Possible reasons:
#   The system is out of physical RAM or swap space
#   The process is running with CompressedOops enabled, and the Java Heap may be blocking the growth of the native heap
# Possible solutions:
#   Reduce memory load on the system
#   Increase physical memory or swap space
#   Check if swap backing store is full
#   Decrease Java heap size (-Xmx/-Xms)
#   Decrease number of Java threads
#   Decrease Java thread stack sizes (-Xss)
#   Set larger code cache with -XX:ReservedCodeCacheSize=
#   JVM is running with Zero Based Compressed Oops mode in which the Java heap is
#     placed in the first 32GB address space. The Java Heap base address is the
#     maximum limit for the native heap growth. Please use -XX:HeapBaseMinAddress
#     to set the Java Heap base and to place the Java Heap above 32GB virtual address.
# This output file may be truncated or incomplete.
#
#  Out of Memory Error (os_windows.cpp:3769), pid=10352, tid=11772
#
# JRE version:  (17.0.6) (build )
# Java VM: OpenJDK 64-Bit Server VM (17.0.6+0-b2043.56-10027231, mixed mode, sharing, tiered, compressed oops, compressed class ptrs, g1 gc, windows-amd64)
# No core dump will be written. Minidumps are not enabled by default on client versions of Windows
#

---------------  S U M M A R Y ------------

Command Line: org.jetbrains.kotlin.cli.jvm.K2JVMCompiler @E:\AndroidStudioProject\CryptoApp\app\build\20231205_17473072365351272103.compiler.options

Host: AMD FX-8320E Eight-Core Processor              , 8 cores, 11G,  Windows 10 , 64 bit Build 17763 (10.0.17763.1)
Time: Tue Dec  5 17:27:37 2023 RTZ 2 (зима) elapsed time: 0.014776 seconds (0d 0h 0m 0s)

---------------  T H R E A D  ---------------

Current thread (0x000001ca6c1ff380):  JavaThread "Unknown thread" [_thread_in_vm, id=11772, stack(0x00000097a7900000,0x00000097a7a00000)]

Stack: [0x00000097a7900000,0x00000097a7a00000]
Native frames: (J=compiled Java code, j=interpreted, Vv=VM code, C=native code)
V  [jvm.dll+0x683c9a]
V  [jvm.dll+0x8427a4]
V  [jvm.dll+0x843f9e]
V  [jvm.dll+0x844603]
V  [jvm.dll+0x249b75]
V  [jvm.dll+0x680b69]
V  [jvm.dll+0x67505a]
V  [jvm.dll+0x309acb]
V  [jvm.dll+0x310f86]
V  [jvm.dll+0x3608ee]
V  [jvm.dll+0x360b1f]
V  [jvm.dll+0x2dfbf8]
V  [jvm.dll+0x2e0b64]
V  [jvm.dll+0x814091]
V  [jvm.dll+0x36e6a1]
V  [jvm.dll+0x7f35cc]
V  [jvm.dll+0x3f0e8f]
V  [jvm.dll+0x3f29d1]
C  [jli.dll+0x526b]
C  [ucrtbase.dll+0x203ba]
C  [KERNEL32.DLL+0x17e94]
C  [ntdll.dll+0x67ad1]


---------------  P R O C E S S  ---------------

Threads class SMR info:
_java_thread_list=0x00007ff8db21c058, length=0, elements={
}

Java Threads: ( => current thread )

Other Threads:
  0x000001ca6c259af0 GCTaskThread "GC Thread#0" [stack: 0x00000097a7a00000,0x00000097a7b00000] [id=10496]
  0x000001ca6c266a30 ConcurrentGCThread "G1 Main Marker" [stack: 0x00000097a7b00000,0x00000097a7c00000] [id=8920]
  0x000001ca6c269010 ConcurrentGCThread "G1 Conc#0" [stack: 0x00000097a7c00000,0x00000097a7d00000] [id=11272]

[error occurred during error reporting (printing all threads), id 0xc0000005, EXCEPTION_ACCESS_VIOLATION (0xc0000005) at pc=0x00007ff8da9d0797]

VM state: not at safepoint (not fully initialized)

VM Mutex/Monitor currently owned by a thread:  ([mutex/lock_event])
[0x000001ca6c1fb260] Heap_lock - owner thread: 0x000001ca6c1ff380

Heap address: 0x0000000740000000, size: 3072 MB, Compressed Oops mode: Zero based, Oop shift amount: 3

CDS archive(s) mapped at: [0x0000000000000000-0x0000000000000000-0x0000000000000000), size 0, SharedBaseAddress: 0x0000000800000000, ArchiveRelocationMode: 0.
Narrow klass base: 0x0000000000000000, Narrow klass shift: 0, Narrow klass range: 0x0

GC Precious Log:
<Empty>

Heap:
 garbage-first heap   total 0K, used 0K [0x0000000740000000, 0x0000000800000000)
  region size 2048K, 0 young (0K), 0 survivors (0K)

[error occurred during error reporting (printing heap information), id 0xc0000005, EXCEPTION_ACCESS_VIOLATION (0xc0000005) at pc=0x00007ff8dadbda89]

GC Heap History (0 events):
No events

Dll operation events (1 events):
Event: 0.008 Loaded shared library C:\Program Files\Android\Android Studio\jbr\bin\java.dll

Deoptimization events (0 events):
No events

Classes unloaded (0 events):
No events

Classes redefined (0 events):
No events

Internal exceptions (0 events):
No events

VM Operations (0 events):
No events

Events (0 events):
No events


Dynamic libraries:
0x00007ff686d20000 - 0x00007ff686d2a000 	C:\Program Files\Android\Android Studio\jbr\bin\java.exe
0x00007ff8fe2a0000 - 0x00007ff8fe48d000 	C:\Windows\SYSTEM32\ntdll.dll
0x00007ff8fd9c0000 - 0x00007ff8fda73000 	C:\Windows\System32\KERNEL32.DLL
0x00007ff8fafa0000 - 0x00007ff8fb233000 	C:\Windows\System32\KERNELBASE.dll
0x00007ff8fab90000 - 0x00007ff8fac8c000 	C:\Windows\System32\ucrtbase.dll
0x00007ff8f5ee0000 - 0x00007ff8f5ef7000 	C:\Program Files\Android\Android Studio\jbr\bin\jli.dll
0x00007ff8db650000 - 0x00007ff8db66b000 	C:\Program Files\Android\Android Studio\jbr\bin\VCRUNTIME140.dll
0x00007ff8fcfa0000 - 0x00007ff8fd137000 	C:\Windows\System32\USER32.dll
0x00007ff8ea940000 - 0x00007ff8eabb9000 	C:\Windows\WinSxS\amd64_microsoft.windows.common-controls_6595b64144ccf1df_6.0.17763.134_none_05b3373a07211a5c\COMCTL32.dll
0x00007ff8fa420000 - 0x00007ff8fa440000 	C:\Windows\System32\win32u.dll
0x00007ff8fe170000 - 0x00007ff8fe20e000 	C:\Windows\System32\msvcrt.dll
0x00007ff8fb960000 - 0x00007ff8fb989000 	C:\Windows\System32\GDI32.dll
0x00007ff8fb4d0000 - 0x00007ff8fb7fd000 	C:\Windows\System32\combase.dll
0x00007ff8face0000 - 0x00007ff8fae7a000 	C:\Windows\System32\gdi32full.dll
0x00007ff8fe040000 - 0x00007ff8fe163000 	C:\Windows\System32\RPCRT4.dll
0x00007ff8fae80000 - 0x00007ff8faf20000 	C:\Windows\System32\msvcp_win.dll
0x00007ff8faf20000 - 0x00007ff8faf9e000 	C:\Windows\System32\bcryptPrimitives.dll
0x00007ff8fcf60000 - 0x00007ff8fcf8e000 	C:\Windows\System32\IMM32.DLL
0x00007ff8db640000 - 0x00007ff8db64c000 	C:\Program Files\Android\Android Studio\jbr\bin\vcruntime140_1.dll
0x00007ff8db5b0000 - 0x00007ff8db63d000 	C:\Program Files\Android\Android Studio\jbr\bin\msvcp140.dll
0x00007ff8da6e0000 - 0x00007ff8db34e000 	C:\Program Files\Android\Android Studio\jbr\bin\server\jvm.dll
0x00007ff8fd210000 - 0x00007ff8fd2b3000 	C:\Windows\System32\ADVAPI32.dll
0x00007ff8fdfa0000 - 0x00007ff8fe03e000 	C:\Windows\System32\sechost.dll
0x00007ff8f70a0000 - 0x00007ff8f70c4000 	C:\Windows\SYSTEM32\WINMM.dll
0x00007ff8ea830000 - 0x00007ff8ea839000 	C:\Windows\SYSTEM32\WSOCK32.dll
0x00007ff8f3d20000 - 0x00007ff8f3d2a000 	C:\Windows\SYSTEM32\VERSION.dll
0x00007ff8fd140000 - 0x00007ff8fd1ad000 	C:\Windows\System32\WS2_32.dll
0x00007ff8f7070000 - 0x00007ff8f709d000 	C:\Windows\SYSTEM32\WINMMBASE.dll
0x00007ff8fac90000 - 0x00007ff8facda000 	C:\Windows\System32\cfgmgr32.dll
0x00007ff8fa2c0000 - 0x00007ff8fa2d1000 	C:\Windows\System32\kernel.appcore.dll
0x00007ff8f6aa0000 - 0x00007ff8f6aaa000 	C:\Program Files\Android\Android Studio\jbr\bin\jimage.dll
0x00007ff8ea010000 - 0x00007ff8ea1fd000 	C:\Windows\SYSTEM32\DBGHELP.DLL
0x00007ff8f7170000 - 0x00007ff8f719a000 	C:\Windows\SYSTEM32\dbgcore.DLL
0x00007ff8f1570000 - 0x00007ff8f1595000 	C:\Program Files\Android\Android Studio\jbr\bin\java.dll

dbghelp: loaded successfully - version: 4.0.5 - missing functions: none
symbol engine: initialized successfully - sym options: 0x614 - pdb path: .;C:\Program Files\Android\Android Studio\jbr\bin;C:\Windows\SYSTEM32;C:\Windows\WinSxS\amd64_microsoft.windows.common-controls_6595b64144ccf1df_6.0.17763.134_none_05b3373a07211a5c;C:\Program Files\Android\Android Studio\jbr\bin\server

VM Arguments:
java_command: org.jetbrains.kotlin.cli.jvm.K2JVMCompiler @E:\AndroidStudioProject\CryptoApp\app\build\20231205_17473072365351272103.compiler.options
java_class_path (initial): C:\Users\Alexx\.gradle\caches\modules-2\files-2.1\org.jetbrains.kotlin\kotlin-compiler-embeddable\1.8.0\eb9118d4bcceaa2a94b2ae2a33a4ddba7c9a947f\kotlin-compiler-embeddable-1.8.0.jar;C:\Users\Alexx\.gradle\caches\modules-2\files-2.1\org.jetbrains.kotlin\kotlin-stdlib\1.8.0\1796921c7a3e2e2665a83e6c8d33399336cd39bc\kotlin-stdlib-1.8.0.jar;C:\Users\Alexx\.gradle\caches\modules-2\files-2.1\org.jetbrains.kotlin\kotlin-script-runtime\1.8.0\b2f7e760d283cb339974851c222a4c1d48f2d3d\kotlin-script-runtime-1.8.0.jar;C:\Users\Alexx\.gradle\caches\modules-2\files-2.1\org.jetbrains.kotlin\kotlin-reflect\1.6.10\1cbe9c92c12a94eea200d23c2bbaedaf3daf5132\kotlin-reflect-1.6.10.jar;C:\Users\Alexx\.gradle\caches\modules-2\files-2.1\org.jetbrains.kotlin\kotlin-daemon-embeddable\1.8.0\d255216c551685dc3a7e852b53617f5f01aaaa5c\kotlin-daemon-embeddable-1.8.0.jar;C:\Users\Alexx\.gradle\caches\modules-2\files-2.1\org.jetbrains.intellij.deps\trove4j\1.0.20200330\3afb14d5f9ceb459d724e907a21145e8ff394f02\trove4j-1.0.20200330.jar;C:\Users\Alexx\.gradle\caches\modules-2\files-2.1\net.java.dev.jna\jna\5.6.0\330f2244e9030119ab3030fc3fededc86713d9cc\jna-5.6.0.jar;C:\Users\Alexx\.gradle\caches\modules-2\files-2.1\org.jetbrains.kotlin\kotlin-stdlib-common\1.8.0\f7197e7cc76453ac59f8b0f8d5137cc600becd36\kotlin-stdlib-common-1.8.0.jar;C:\Users\Alexx\.gradle\caches\modules-2\files-2.1\org.jetbrains\annotations\13.0\919f0dfe192fb4e063e7dacadee7f8bb9a2672a9\annotations-13.0.jar
Launcher Type: SUN_STANDARD

[Global flags]
     intx CICompilerCount                          = 4                                         {product} {ergonomic}
     uint ConcGCThreads                            = 2                                         {product} {ergonomic}
     uint G1ConcRefinementThreads                  = 8                                         {product} {ergonomic}
   size_t G1HeapRegionSize                         = 2097152                                   {product} {ergonomic}
    uintx GCDrainStackTargetSize                   = 64                                        {product} {ergonomic}
   size_t InitialHeapSize                          = 201326592                                 {product} {ergonomic}
   size_t MarkStackSize                            = 4194304                                   {product} {ergonomic}
   size_t MaxHeapSize                              = 3221225472                                {product} {ergonomic}
   size_t MinHeapDeltaBytes                        = 2097152                                   {product} {ergonomic}
   size_t MinHeapSize                              = 8388608                                   {product} {ergonomic}
    uintx NonNMethodCodeHeapSize                   = 5839372                                {pd product} {ergonomic}
    uintx NonProfiledCodeHeapSize                  = 122909434                              {pd product} {ergonomic}
    uintx ProfiledCodeHeapSize                     = 122909434                              {pd product} {ergonomic}
    uintx ReservedCodeCacheSize                    = 251658240                              {pd product} {ergonomic}
     bool SegmentedCodeCache                       = true                                      {product} {ergonomic}
   size_t SoftMaxHeapSize                          = 3221225472                             {manageable} {ergonomic}
     bool UseCompressedClassPointers               = true                           {product lp64_product} {ergonomic}
     bool UseCompressedOops                        = true                           {product lp64_product} {ergonomic}
     bool UseG1GC                                  = true                                      {product} {ergonomic}
     bool UseLargePagesIndividualAllocation        = false                                  {pd product} {ergonomic}

Logging:
Log output configuration:
 #0: stdout all=warning uptime,level,tags
 #1: stderr all=off uptime,level,tags

Environment Variables:
PATH=C:\ProgramData\Oracle\Java\javapath;C:\Program Files (x86)\Python38-32\Scripts\;C:\Program Files (x86)\Python38-32\;C:\Windows\system32;C:\Windows;C:\Windows\System32\Wbem;C:\Windows\System32\WindowsPowerShell\v1.0\;C:\Program Files (x86)\Common Files\Acronis\SnapAPI\;C:\Program Files (x86)\dotnet\;C:\Program Files\PuTTY\;C:\Program Files\Git\cmd;C:\Users\Alexx\AppData\Local\Microsoft\WindowsApps;C:\Program Files (x86)\Nmap
USERNAME=Alexx
OS=Windows_NT
PROCESSOR_IDENTIFIER=AMD64 Family 21 Model 2 Stepping 0, AuthenticAMD
TMP=C:\Temp
TEMP=C:\Temp


JNI global refs:

[error occurred during error reporting (JNI global references), id 0xc0000005, EXCEPTION_ACCESS_VIOLATION (0xc0000005) at pc=0x00007ff8da797a10]


---------------  S Y S T E M  ---------------

OS:
 Windows 10 , 64 bit Build 17763 (10.0.17763.1)
OS uptime: 0 days 7:38 hours

CPU: total 8 (initial active 8) (8 cores per cpu, 1 threads per core) family 21 model 2 stepping 0 microcode 0x0, cx8, cmov, fxsr, mmx, 3dnowpref, sse, sse2, sse3, ssse3, sse4a, sse4.1, sse4.2, popcnt, lzcnt, tsc, tscinvbit, avx, aes, clmul, bmi1, fma, vzeroupper, clflush

Memory: 4k page, system-wide physical 12285M (3179M free)
TotalPageFile size 12541M (AvailPageFile size 17M)
current process WorkingSet (physical memory assigned to process): 10M, peak: 10M
current process commit charge ("private bytes"): 60M, peak: 252M

vm_info: OpenJDK 64-Bit Server VM (17.0.6+0-b2043.56-10027231) for windows-amd64 JRE (17.0.6+0-b2043.56-10027231), built on Apr 28 2023 00:43:19 by "androidbuild" with MS VC++ 16.10 / 16.11 (VS2019)

END.
