#
# There is insufficient memory for the Java Runtime Environment to continue.
# Native memory allocation (mmap) failed to map 39845888 bytes for G1 virtual space
# Possible reasons:
#   The system is out of physical RAM or swap space
#   The process is running with CompressedOops enabled, and the Java Heap may be blocking the growth of the native heap
# Possible solutions:
#   Reduce memory load on the system
#   Increase physical memory or swap space
#   Check if swap backing store is full
#   Decrease Java heap size (-Xmx/-Xms)
#   Decrease number of Java threads
#   Decrease Java thread stack sizes (-Xss)
#   Set larger code cache with -XX:ReservedCodeCacheSize=
#   JVM is running with Zero Based Compressed Oops mode in which the Java heap is
#     placed in the first 32GB address space. The Java Heap base address is the
#     maximum limit for the native heap growth. Please use -XX:HeapBaseMinAddress
#     to set the Java Heap base and to place the Java Heap above 32GB virtual address.
# This output file may be truncated or incomplete.
#
#  Out of Memory Error (os_windows.cpp:3769), pid=6912, tid=4936
#
# JRE version: OpenJDK Runtime Environment (17.0.6) (build 17.0.6+0-b2043.56-10027231)
# Java VM: OpenJDK 64-Bit Server VM (17.0.6+0-b2043.56-10027231, mixed mode, tiered, compressed oops, compressed class ptrs, g1 gc, windows-amd64)
# No core dump will be written. Minidumps are not enabled by default on client versions of Windows
#

---------------  S U M M A R Y ------------

Command Line: org.jetbrains.kotlin.cli.jvm.K2JVMCompiler @E:\AndroidStudioProject\CryptoApp\app\build\20231206_8680639963768823423.compiler.options

Host: AMD FX-8320E Eight-Core Processor              , 8 cores, 11G,  Windows 10 , 64 bit Build 17763 (10.0.17763.1)
Time: Wed Dec  6 12:55:46 2023 RTZ 2 (зима) elapsed time: 7.580427 seconds (0d 0h 0m 7s)

---------------  T H R E A D  ---------------

Current thread (0x000001e0cf01e610):  VMThread "VM Thread" [stack: 0x0000008401f00000,0x0000008402000000] [id=4936]

Stack: [0x0000008401f00000,0x0000008402000000]
Native frames: (J=compiled Java code, j=interpreted, Vv=VM code, C=native code)
V  [jvm.dll+0x683c9a]
V  [jvm.dll+0x8427a4]
V  [jvm.dll+0x843f9e]
V  [jvm.dll+0x844603]
V  [jvm.dll+0x249b75]
V  [jvm.dll+0x680b69]
V  [jvm.dll+0x67505a]
V  [jvm.dll+0x309acb]
V  [jvm.dll+0x310f86]
V  [jvm.dll+0x3608ee]
V  [jvm.dll+0x360b1f]
V  [jvm.dll+0x2dfbf8]
V  [jvm.dll+0x2ddec4]
V  [jvm.dll+0x2dd4cc]
V  [jvm.dll+0x321f3b]
V  [jvm.dll+0x848ccb]
V  [jvm.dll+0x849a04]
V  [jvm.dll+0x849f1d]
V  [jvm.dll+0x84a2f4]
V  [jvm.dll+0x84a3c0]
V  [jvm.dll+0x7f274a]
V  [jvm.dll+0x682ad5]
C  [ucrtbase.dll+0x203ba]
C  [KERNEL32.DLL+0x17e94]
C  [ntdll.dll+0x67ad1]

VM_Operation (0x00000084019f8fd0): G1CollectForAllocation, mode: safepoint, requested by thread 0x000001e0b018fac0


---------------  P R O C E S S  ---------------

Threads class SMR info:
_java_thread_list=0x000001e0d07f2c60, length=14, elements={
0x000001e0b018fac0, 0x000001e0cf035270, 0x000001e0cf035ff0, 0x000001e0ce5ae8d0,
0x000001e0cf04c360, 0x000001e0cf04cc20, 0x000001e0cf04d4e0, 0x000001e0cf04fb50,
0x000001e0cf06be70, 0x000001e0cf06ef60, 0x000001e0ce545010, 0x000001e0cf1e9a20,
0x000001e0cf24d7d0, 0x000001e0d092d0a0
}

Java Threads: ( => current thread )
  0x000001e0b018fac0 JavaThread "main" [_thread_blocked, id=9752, stack(0x0000008401900000,0x0000008401a00000)]
  0x000001e0cf035270 JavaThread "Reference Handler" daemon [_thread_blocked, id=7688, stack(0x0000008402000000,0x0000008402100000)]
  0x000001e0cf035ff0 JavaThread "Finalizer" daemon [_thread_blocked, id=8876, stack(0x0000008402100000,0x0000008402200000)]
  0x000001e0ce5ae8d0 JavaThread "Signal Dispatcher" daemon [_thread_blocked, id=7988, stack(0x0000008402200000,0x0000008402300000)]
  0x000001e0cf04c360 JavaThread "Attach Listener" daemon [_thread_blocked, id=7684, stack(0x0000008402300000,0x0000008402400000)]
  0x000001e0cf04cc20 JavaThread "Service Thread" daemon [_thread_blocked, id=9444, stack(0x0000008402400000,0x0000008402500000)]
  0x000001e0cf04d4e0 JavaThread "Monitor Deflation Thread" daemon [_thread_blocked, id=8524, stack(0x0000008402500000,0x0000008402600000)]
  0x000001e0cf04fb50 JavaThread "C2 CompilerThread0" daemon [_thread_blocked, id=8380, stack(0x0000008402600000,0x0000008402700000)]
  0x000001e0cf06be70 JavaThread "C1 CompilerThread0" daemon [_thread_blocked, id=2296, stack(0x0000008402700000,0x0000008402800000)]
  0x000001e0cf06ef60 JavaThread "Sweeper thread" daemon [_thread_blocked, id=7004, stack(0x0000008402800000,0x0000008402900000)]
  0x000001e0ce545010 JavaThread "Notification Thread" daemon [_thread_blocked, id=9268, stack(0x0000008402900000,0x0000008402a00000)]
  0x000001e0cf1e9a20 JavaThread "Common-Cleaner" daemon [_thread_blocked, id=9376, stack(0x0000008402b00000,0x0000008402c00000)]
  0x000001e0cf24d7d0 JavaThread "C2 CompilerThread1" daemon [_thread_blocked, id=816, stack(0x0000008402c00000,0x0000008402d00000)]
  0x000001e0d092d0a0 JavaThread "C2 CompilerThread2" daemon [_thread_blocked, id=9844, stack(0x0000008403100000,0x0000008403200000)]

Other Threads:
=>0x000001e0cf01e610 VMThread "VM Thread" [stack: 0x0000008401f00000,0x0000008402000000] [id=4936]
  0x000001e0b0201a70 WatcherThread [stack: 0x0000008402a00000,0x0000008402b00000] [id=7624]
  0x000001e0b01e99a0 GCTaskThread "GC Thread#0" [stack: 0x0000008401a00000,0x0000008401b00000] [id=9520]
  0x000001e0cf756880 GCTaskThread "GC Thread#1" [stack: 0x0000008402d00000,0x0000008402e00000] [id=10012]
  0x000001e0cf756b30 GCTaskThread "GC Thread#2" [stack: 0x0000008402e00000,0x0000008402f00000] [id=8664]
  0x000001e0cf741400 GCTaskThread "GC Thread#3" [stack: 0x0000008402f00000,0x0000008403000000] [id=2608]
  0x000001e0cf77efc0 GCTaskThread "GC Thread#4" [stack: 0x0000008403000000,0x0000008403100000] [id=8432]
  0x000001e0cfbab8d0 GCTaskThread "GC Thread#5" [stack: 0x0000008403200000,0x0000008403300000] [id=9896]
  0x000001e0d04f4410 GCTaskThread "GC Thread#6" [stack: 0x0000008403300000,0x0000008403400000] [id=7400]
  0x000001e0d062e370 GCTaskThread "GC Thread#7" [stack: 0x0000008403400000,0x0000008403500000] [id=9236]
  0x000001e0b01f7800 ConcurrentGCThread "G1 Main Marker" [stack: 0x0000008401b00000,0x0000008401c00000] [id=9676]
  0x000001e0b01f8ce0 ConcurrentGCThread "G1 Conc#0" [stack: 0x0000008401c00000,0x0000008401d00000] [id=8220]
  0x000001e0d062de10 ConcurrentGCThread "G1 Conc#1" [stack: 0x0000008403500000,0x0000008403600000] [id=8856]
  0x000001e0b024d870 ConcurrentGCThread "G1 Refine#0" [stack: 0x0000008401d00000,0x0000008401e00000] [id=10192]
  0x000001e0d2879160 ConcurrentGCThread "G1 Refine#1" [stack: 0x0000008403600000,0x0000008403700000] [id=9192]
  0x000001e0d2877780 ConcurrentGCThread "G1 Refine#2" [stack: 0x0000008403700000,0x0000008403800000] [id=8424]
  0x000001e0b024e1a0 ConcurrentGCThread "G1 Service" [stack: 0x0000008401e00000,0x0000008401f00000] [id=4344]

Threads with active compile tasks:
C2 CompilerThread0     7597 7501       4       org.jetbrains.kotlin.metadata.ProtoBuf$Function::isInitialized (251 bytes)
C2 CompilerThread1     7597 7669       4       org.jetbrains.kotlin.serialization.deserialization.descriptors.DeserializedMemberScope::getContributedClassifier (63 bytes)
C2 CompilerThread2     7597 7601       4       org.jetbrains.kotlin.resolve.DelegatingBindingTrace::get (29 bytes)

VM state: at safepoint (normal execution)

VM Mutex/Monitor currently owned by a thread:  ([mutex/lock_event])
[0x000001e0b018bf40] Threads_lock - owner thread: 0x000001e0cf01e610
[0x000001e0b018c600] Heap_lock - owner thread: 0x000001e0b018fac0

Heap address: 0x0000000740000000, size: 3072 MB, Compressed Oops mode: Zero based, Oop shift amount: 3

CDS archive(s) not mapped
Compressed class space mapped at: 0x0000000800000000-0x0000000840000000, reserved size: 1073741824
Narrow klass base: 0x0000000800000000, Narrow klass shift: 0, Narrow klass range: 0x40000000

GC Precious Log:
 CPUs: 8 total, 8 available
 Memory: 12285M
 Large Page Support: Disabled
 NUMA Support: Disabled
 Compressed Oops: Enabled (Zero based)
 Heap Region Size: 2M
 Heap Min Capacity: 8M
 Heap Initial Capacity: 192M
 Heap Max Capacity: 3G
 Pre-touch: Disabled
 Parallel Workers: 8
 Concurrent Workers: 2
 Concurrent Refinement Workers: 8
 Periodic GC: Disabled

Heap:
 garbage-first heap   total 116736K, used 57653K [0x0000000740000000, 0x0000000800000000)
  region size 2048K, 1 young (2048K), 1 survivors (2048K)
 Metaspace       used 62906K, committed 63232K, reserved 1105920K
  class space    used 7492K, committed 7616K, reserved 1048576K

Heap Regions: E=young(eden), S=young(survivor), O=old, HS=humongous(starts), HC=humongous(continues), CS=collection set, F=free, OA=open archive, CA=closed archive, TAMS=top-at-mark-start (previous, next)
|   0|0x0000000740000000, 0x0000000740200000, 0x0000000740200000|100%|HS|  |TAMS 0x0000000740200000, 0x0000000740000000| Complete 
|   1|0x0000000740200000, 0x0000000740400000, 0x0000000740400000|100%|HC|  |TAMS 0x0000000740400000, 0x0000000740200000| Complete 
|   2|0x0000000740400000, 0x0000000740600000, 0x0000000740600000|100%|HS|  |TAMS 0x0000000740600000, 0x0000000740400000| Complete 
|   3|0x0000000740600000, 0x0000000740800000, 0x0000000740800000|100%|HC|  |TAMS 0x0000000740800000, 0x0000000740600000| Complete 
|   4|0x0000000740800000, 0x0000000740a00000, 0x0000000740a00000|100%| O|  |TAMS 0x0000000740a00000, 0x0000000740800000| Untracked 
|   5|0x0000000740a00000, 0x0000000740c00000, 0x0000000740c00000|100%| O|  |TAMS 0x0000000740c00000, 0x0000000740a00000| Untracked 
|   6|0x0000000740c00000, 0x0000000740e00000, 0x0000000740e00000|100%| O|  |TAMS 0x0000000740e00000, 0x0000000740c00000| Untracked 
|   7|0x0000000740e00000, 0x0000000741000000, 0x0000000741000000|100%| O|  |TAMS 0x0000000741000000, 0x0000000740e00000| Untracked 
|   8|0x0000000741000000, 0x0000000741200000, 0x0000000741200000|100%| O|  |TAMS 0x0000000741200000, 0x0000000741000000| Untracked 
|   9|0x0000000741200000, 0x0000000741400000, 0x0000000741400000|100%| O|  |TAMS 0x0000000741400000, 0x0000000741200000| Untracked 
|  10|0x0000000741400000, 0x0000000741600000, 0x0000000741600000|100%| O|  |TAMS 0x0000000741600000, 0x0000000741400000| Untracked 
|  11|0x0000000741600000, 0x0000000741800000, 0x0000000741800000|100%| O|  |TAMS 0x0000000741800000, 0x0000000741600000| Untracked 
|  12|0x0000000741800000, 0x0000000741a00000, 0x0000000741a00000|100%| O|  |TAMS 0x0000000741a00000, 0x0000000741800000| Untracked 
|  13|0x0000000741a00000, 0x0000000741a00000, 0x0000000741c00000|  0%| F|  |TAMS 0x0000000741a00000, 0x0000000741a00000| Untracked 
|  14|0x0000000741c00000, 0x0000000741e00000, 0x0000000741e00000|100%|HS|  |TAMS 0x0000000741e00000, 0x0000000741c00000| Complete 
|  15|0x0000000741e00000, 0x0000000742000000, 0x0000000742000000|100%| O|  |TAMS 0x0000000742000000, 0x0000000741e00000| Untracked 
|  16|0x0000000742000000, 0x0000000742200000, 0x0000000742200000|100%| O|  |TAMS 0x0000000742200000, 0x0000000742000000| Untracked 
|  17|0x0000000742200000, 0x0000000742400000, 0x0000000742400000|100%| O|  |TAMS 0x0000000742400000, 0x0000000742200000| Untracked 
|  18|0x0000000742400000, 0x0000000742600000, 0x0000000742600000|100%| O|  |TAMS 0x0000000742600000, 0x0000000742400000| Untracked 
|  19|0x0000000742600000, 0x0000000742800000, 0x0000000742800000|100%| O|  |TAMS 0x00000007426eae00, 0x0000000742600000| Untracked 
|  20|0x0000000742800000, 0x0000000742a00000, 0x0000000742a00000|100%| O|  |TAMS 0x0000000742800000, 0x0000000742800000| Untracked 
|  21|0x0000000742a00000, 0x0000000742c00000, 0x0000000742c00000|100%| O|  |TAMS 0x0000000742a00000, 0x0000000742a00000| Untracked 
|  22|0x0000000742c00000, 0x0000000742e00000, 0x0000000742e00000|100%| O|  |TAMS 0x0000000742c00000, 0x0000000742c00000| Untracked 
|  23|0x0000000742e00000, 0x0000000743000000, 0x0000000743000000|100%| O|  |TAMS 0x0000000742e00000, 0x0000000742e00000| Untracked 
|  24|0x0000000743000000, 0x0000000743200000, 0x0000000743200000|100%| O|  |TAMS 0x0000000743000000, 0x0000000743000000| Untracked 
|  25|0x0000000743200000, 0x0000000743400000, 0x0000000743400000|100%| O|  |TAMS 0x0000000743200000, 0x0000000743200000| Untracked 
|  26|0x0000000743400000, 0x0000000743600000, 0x0000000743600000|100%| O|  |TAMS 0x0000000743400000, 0x0000000743400000| Untracked 
|  27|0x0000000743600000, 0x0000000743800000, 0x0000000743800000|100%| O|  |TAMS 0x0000000743600000, 0x0000000743600000| Untracked 
|  28|0x0000000743800000, 0x0000000743937c00, 0x0000000743a00000| 60%| O|  |TAMS 0x0000000743800000, 0x0000000743800000| Untracked 
|  29|0x0000000743a00000, 0x0000000743a00000, 0x0000000743c00000|  0%| F|  |TAMS 0x0000000743a00000, 0x0000000743a00000| Untracked 
|  30|0x0000000743c00000, 0x0000000743c00000, 0x0000000743e00000|  0%| F|  |TAMS 0x0000000743c00000, 0x0000000743c00000| Untracked 
|  31|0x0000000743e00000, 0x0000000743e00000, 0x0000000744000000|  0%| F|  |TAMS 0x0000000743e00000, 0x0000000743e00000| Untracked 
|  32|0x0000000744000000, 0x0000000744000000, 0x0000000744200000|  0%| F|  |TAMS 0x0000000744000000, 0x0000000744000000| Untracked 
|  33|0x0000000744200000, 0x0000000744200000, 0x0000000744400000|  0%| F|  |TAMS 0x0000000744200000, 0x0000000744200000| Untracked 
|  34|0x0000000744400000, 0x0000000744400000, 0x0000000744600000|  0%| F|  |TAMS 0x0000000744400000, 0x0000000744400000| Untracked 
|  35|0x0000000744600000, 0x0000000744600000, 0x0000000744800000|  0%| F|  |TAMS 0x0000000744600000, 0x0000000744600000| Untracked 
|  36|0x0000000744800000, 0x0000000744800000, 0x0000000744a00000|  0%| F|  |TAMS 0x0000000744800000, 0x0000000744800000| Untracked 
|  37|0x0000000744a00000, 0x0000000744a00000, 0x0000000744c00000|  0%| F|  |TAMS 0x0000000744a00000, 0x0000000744a00000| Untracked 
|  38|0x0000000744c00000, 0x0000000744c00000, 0x0000000744e00000|  0%| F|  |TAMS 0x0000000744c00000, 0x0000000744c00000| Untracked 
|  39|0x0000000744e00000, 0x0000000744e00000, 0x0000000745000000|  0%| F|  |TAMS 0x0000000744e00000, 0x0000000744e00000| Untracked 
|  40|0x0000000745000000, 0x0000000745000000, 0x0000000745200000|  0%| F|  |TAMS 0x0000000745000000, 0x0000000745000000| Untracked 
|  41|0x0000000745200000, 0x0000000745200000, 0x0000000745400000|  0%| F|  |TAMS 0x0000000745200000, 0x0000000745200000| Untracked 
|  42|0x0000000745400000, 0x0000000745400000, 0x0000000745600000|  0%| F|  |TAMS 0x0000000745400000, 0x0000000745400000| Untracked 
|  43|0x0000000745600000, 0x0000000745600000, 0x0000000745800000|  0%| F|  |TAMS 0x0000000745600000, 0x0000000745600000| Untracked 
|  44|0x0000000745800000, 0x0000000745800000, 0x0000000745a00000|  0%| F|  |TAMS 0x0000000745800000, 0x0000000745800000| Untracked 
|  45|0x0000000745a00000, 0x0000000745a00000, 0x0000000745c00000|  0%| F|  |TAMS 0x0000000745a00000, 0x0000000745a00000| Untracked 
|  46|0x0000000745c00000, 0x0000000745c00000, 0x0000000745e00000|  0%| F|  |TAMS 0x0000000745c00000, 0x0000000745c00000| Untracked 
|  47|0x0000000745e00000, 0x0000000745e00000, 0x0000000746000000|  0%| F|  |TAMS 0x0000000745e00000, 0x0000000745e00000| Untracked 
|  48|0x0000000746000000, 0x0000000746000000, 0x0000000746200000|  0%| F|  |TAMS 0x0000000746000000, 0x0000000746000000| Untracked 
|  49|0x0000000746200000, 0x0000000746200000, 0x0000000746400000|  0%| F|  |TAMS 0x0000000746200000, 0x0000000746200000| Untracked 
|  50|0x0000000746400000, 0x0000000746400000, 0x0000000746600000|  0%| F|  |TAMS 0x0000000746400000, 0x0000000746400000| Untracked 
|  51|0x0000000746600000, 0x0000000746600000, 0x0000000746800000|  0%| F|  |TAMS 0x0000000746600000, 0x0000000746600000| Untracked 
|  90|0x000000074b400000, 0x000000074b400000, 0x000000074b600000|  0%| F|  |TAMS 0x000000074b400000, 0x000000074b400000| Untracked 
|  91|0x000000074b600000, 0x000000074b600000, 0x000000074b800000|  0%| F|  |TAMS 0x000000074b600000, 0x000000074b600000| Untracked 
|  92|0x000000074b800000, 0x000000074b800000, 0x000000074ba00000|  0%| F|  |TAMS 0x000000074b800000, 0x000000074b800000| Untracked 
|  93|0x000000074ba00000, 0x000000074bb15b50, 0x000000074bc00000| 54%| S|CS|TAMS 0x000000074ba00000, 0x000000074ba00000| Complete 
|  95|0x000000074be00000, 0x000000074be00000, 0x000000074c000000|  0%| F|  |TAMS 0x000000074be00000, 0x000000074be00000| Untracked 

Card table byte_map: [0x000001e0c4e90000,0x000001e0c5490000] _byte_map_base: 0x000001e0c1490000

Marking Bits (Prev, Next): (CMBitMap*) 0x000001e0b01eaf10, (CMBitMap*) 0x000001e0b01eaed0
 Prev Bits: [0x000001e0c8a90000, 0x000001e0cba90000)
 Next Bits: [0x000001e0c5a90000, 0x000001e0c8a90000)

Polling page: 0x000001e0b0250000

Metaspace:

Usage:
  Non-class:     54.12 MB used.
      Class:      7.32 MB used.
       Both:     61.43 MB used.

Virtual space:
  Non-class space:       56.00 MB reserved,      54.31 MB ( 97%) committed,  7 nodes.
      Class space:        1.00 GB reserved,       7.44 MB ( <1%) committed,  1 nodes.
             Both:        1.05 GB reserved,      61.75 MB (  6%) committed. 

Chunk freelists:
   Non-Class:  1.09 MB
       Class:  518.00 KB
        Both:  1.60 MB

MaxMetaspaceSize: unlimited
CompressedClassSpaceSize: 1.00 GB
Initial GC threshold: 21.00 MB
Current GC threshold: 99.69 MB
CDS: off
MetaspaceReclaimPolicy: balanced
 - commit_granule_bytes: 65536.
 - commit_granule_words: 8192.
 - virtual_space_node_default_size: 1048576.
 - enlarge_chunks_in_place: 1.
 - new_chunks_are_fully_committed: 0.
 - uncommit_free_chunks: 1.
 - use_allocation_guard: 0.
 - handle_deallocations: 1.


Internal statistics:

num_allocs_failed_limit: 17.
num_arena_births: 300.
num_arena_deaths: 0.
num_vsnodes_births: 8.
num_vsnodes_deaths: 0.
num_space_committed: 986.
num_space_uncommitted: 0.
num_chunks_returned_to_freelist: 17.
num_chunks_taken_from_freelist: 2222.
num_chunk_merges: 17.
num_chunk_splits: 1784.
num_chunks_enlarged: 1552.
num_purges: 0.
num_inconsistent_stats: 0.

CodeHeap 'non-profiled nmethods': size=120000Kb used=3661Kb max_used=3661Kb free=116338Kb
 bounds [0x000001e0bc8f0000, 0x000001e0bcc90000, 0x000001e0c3e20000]
CodeHeap 'profiled nmethods': size=120000Kb used=16961Kb max_used=16961Kb free=103038Kb
 bounds [0x000001e0b4e20000, 0x000001e0b5ec0000, 0x000001e0bc350000]
CodeHeap 'non-nmethods': size=5760Kb used=1348Kb max_used=1396Kb free=4411Kb
 bounds [0x000001e0bc350000, 0x000001e0bc5c0000, 0x000001e0bc8f0000]
 total_blobs=7407 nmethods=6777 adapters=538
 compilation: enabled
              stopped_count=0, restarted_count=0
 full_count=0

Compilation events (20 events):
Event: 7.541 Thread 0x000001e0cf06be70 7678       3       org.jetbrains.kotlin.load.java.lazy.descriptors.LazyJavaClassDescriptor$declaredParameters$1::invoke (5 bytes)
Event: 7.541 Thread 0x000001e0cf06be70 nmethod 7678 0x000001e0b5ea9990 code [0x000001e0b5ea9b20, 0x000001e0b5ea9c68]
Event: 7.541 Thread 0x000001e0cf06be70 7691       3       org.jetbrains.kotlin.resolve.calls.context.TemporaryTraceAndCache::create (11 bytes)
Event: 7.543 Thread 0x000001e0cf06be70 nmethod 7691 0x000001e0b5ea9d10 code [0x000001e0b5eaa040, 0x000001e0b5eab3c8]
Event: 7.543 Thread 0x000001e0cf06be70 7697       3       org.jetbrains.kotlin.resolve.lazy.descriptors.LazyClassMemberScope::getContributedVariables (35 bytes)
Event: 7.545 Thread 0x000001e0cf06be70 nmethod 7697 0x000001e0b5eabb10 code [0x000001e0b5eabf40, 0x000001e0b5eada58]
Event: 7.545 Thread 0x000001e0cf06be70 7692       3       org.jetbrains.kotlin.resolve.calls.context.TemporaryTraceAndCache::<init> (33 bytes)
Event: 7.547 Thread 0x000001e0cf06be70 nmethod 7692 0x000001e0b5eae390 code [0x000001e0b5eae6e0, 0x000001e0b5eafac8]
Event: 7.547 Thread 0x000001e0cf06be70 7699       3       org.jetbrains.kotlin.resolve.calls.components.candidate.ResolutionCandidate::isSuccessful (47 bytes)
Event: 7.548 Thread 0x000001e0cf06be70 nmethod 7699 0x000001e0b5eb0210 code [0x000001e0b5eb0480, 0x000001e0b5eb0dc8]
Event: 7.548 Thread 0x000001e0cf06be70 7693       3       org.jetbrains.kotlin.resolve.calls.context.TemporaryResolutionResultsCache::<init> (27 bytes)
Event: 7.548 Thread 0x000001e0cf06be70 nmethod 7693 0x000001e0b5eb1110 code [0x000001e0b5eb1360, 0x000001e0b5eb1d58]
Event: 7.548 Thread 0x000001e0cf06be70 7694       1       org.jetbrains.kotlin.resolve.calls.tower.PSICallResolver::access$getCallComponents$p (5 bytes)
Event: 7.549 Thread 0x000001e0cf06be70 nmethod 7694 0x000001e0bcc82990 code [0x000001e0bcc82b20, 0x000001e0bcc82bd8]
Event: 7.549 Thread 0x000001e0cf06be70 7695       1       org.jetbrains.kotlin.resolve.calls.model.KotlinCall::getDispatchReceiverForInvokeExtension (2 bytes)
Event: 7.549 Thread 0x000001e0cf06be70 nmethod 7695 0x000001e0bcc82c90 code [0x000001e0bcc82e20, 0x000001e0bcc82ef8]
Event: 7.549 Thread 0x000001e0cf06be70 7696       1       org.jetbrains.kotlin.resolve.calls.tower.PSIKotlinCallForVariable::getExternalArgument (2 bytes)
Event: 7.549 Thread 0x000001e0cf06be70 nmethod 7696 0x000001e0bcc82f90 code [0x000001e0bcc83120, 0x000001e0bcc831f8]
Event: 7.549 Thread 0x000001e0cf06be70 7700       1       org.jetbrains.kotlin.metadata.ProtoBuf$MemberKind::getNumber (5 bytes)
Event: 7.549 Thread 0x000001e0cf06be70 nmethod 7700 0x000001e0bcc83290 code [0x000001e0bcc83420, 0x000001e0bcc834f8]

GC Heap History (20 events):
Event: 2.778 GC heap after
{Heap after GC invocations=8 (full 0):
 garbage-first heap   total 63488K, used 25299K [0x0000000740000000, 0x0000000800000000)
  region size 2048K, 1 young (2048K), 1 survivors (2048K)
 Metaspace       used 35862K, committed 36096K, reserved 1081344K
  class space    used 4567K, committed 4672K, reserved 1048576K
}
Event: 3.130 GC heap before
{Heap before GC invocations=9 (full 0):
 garbage-first heap   total 63488K, used 45779K [0x0000000740000000, 0x0000000800000000)
  region size 2048K, 11 young (22528K), 1 survivors (2048K)
 Metaspace       used 39700K, committed 39936K, reserved 1089536K
  class space    used 5000K, committed 5120K, reserved 1048576K
}
Event: 3.137 GC heap after
{Heap after GC invocations=10 (full 0):
 garbage-first heap   total 63488K, used 26134K [0x0000000740000000, 0x0000000800000000)
  region size 2048K, 2 young (4096K), 2 survivors (4096K)
 Metaspace       used 39700K, committed 39936K, reserved 1089536K
  class space    used 5000K, committed 5120K, reserved 1048576K
}
Event: 3.168 GC heap before
{Heap before GC invocations=10 (full 0):
 garbage-first heap   total 63488K, used 28182K [0x0000000740000000, 0x0000000800000000)
  region size 2048K, 3 young (6144K), 2 survivors (4096K)
 Metaspace       used 40178K, committed 40448K, reserved 1089536K
  class space    used 5046K, committed 5184K, reserved 1048576K
}
Event: 3.178 GC heap after
{Heap after GC invocations=11 (full 0):
 garbage-first heap   total 63488K, used 26071K [0x0000000740000000, 0x0000000800000000)
  region size 2048K, 1 young (2048K), 1 survivors (2048K)
 Metaspace       used 40178K, committed 40448K, reserved 1089536K
  class space    used 5046K, committed 5184K, reserved 1048576K
}
Event: 3.498 GC heap before
{Heap before GC invocations=11 (full 0):
 garbage-first heap   total 63488K, used 42455K [0x0000000740000000, 0x0000000800000000)
  region size 2048K, 10 young (20480K), 1 survivors (2048K)
 Metaspace       used 43955K, committed 44224K, reserved 1089536K
  class space    used 5383K, committed 5504K, reserved 1048576K
}
Event: 3.503 GC heap after
{Heap after GC invocations=12 (full 0):
 garbage-first heap   total 63488K, used 27316K [0x0000000740000000, 0x0000000800000000)
  region size 2048K, 1 young (2048K), 1 survivors (2048K)
 Metaspace       used 43955K, committed 44224K, reserved 1089536K
  class space    used 5383K, committed 5504K, reserved 1048576K
}
Event: 3.983 GC heap before
{Heap before GC invocations=12 (full 0):
 garbage-first heap   total 63488K, used 45748K [0x0000000740000000, 0x0000000800000000)
  region size 2048K, 10 young (20480K), 1 survivors (2048K)
 Metaspace       used 48568K, committed 48832K, reserved 1097728K
  class space    used 5898K, committed 6016K, reserved 1048576K
}
Event: 3.990 GC heap after
{Heap after GC invocations=13 (full 0):
 garbage-first heap   total 63488K, used 29202K [0x0000000740000000, 0x0000000800000000)
  region size 2048K, 2 young (4096K), 2 survivors (4096K)
 Metaspace       used 48568K, committed 48832K, reserved 1097728K
  class space    used 5898K, committed 6016K, reserved 1048576K
}
Event: 4.136 GC heap before
{Heap before GC invocations=13 (full 0):
 garbage-first heap   total 63488K, used 43538K [0x0000000740000000, 0x0000000800000000)
  region size 2048K, 10 young (20480K), 2 survivors (4096K)
 Metaspace       used 49014K, committed 49280K, reserved 1097728K
  class space    used 5954K, committed 6080K, reserved 1048576K
}
Event: 4.145 GC heap after
{Heap after GC invocations=14 (full 0):
 garbage-first heap   total 116736K, used 29953K [0x0000000740000000, 0x0000000800000000)
  region size 2048K, 2 young (4096K), 2 survivors (4096K)
 Metaspace       used 49014K, committed 49280K, reserved 1097728K
  class space    used 5954K, committed 6080K, reserved 1048576K
}
Event: 5.110 GC heap before
{Heap before GC invocations=14 (full 0):
 garbage-first heap   total 116736K, used 87297K [0x0000000740000000, 0x0000000800000000)
  region size 2048K, 29 young (59392K), 2 survivors (4096K)
 Metaspace       used 55006K, committed 55296K, reserved 1105920K
  class space    used 6630K, committed 6784K, reserved 1048576K
}
Event: 5.132 GC heap after
{Heap after GC invocations=15 (full 0):
 garbage-first heap   total 116736K, used 39791K [0x0000000740000000, 0x0000000800000000)
  region size 2048K, 4 young (8192K), 4 survivors (8192K)
 Metaspace       used 55006K, committed 55296K, reserved 1105920K
  class space    used 6630K, committed 6784K, reserved 1048576K
}
Event: 6.017 GC heap before
{Heap before GC invocations=15 (full 0):
 garbage-first heap   total 116736K, used 78703K [0x0000000740000000, 0x0000000800000000)
  region size 2048K, 23 young (47104K), 4 survivors (8192K)
 Metaspace       used 58339K, committed 58624K, reserved 1105920K
  class space    used 6921K, committed 7040K, reserved 1048576K
}
Event: 6.046 GC heap after
{Heap after GC invocations=16 (full 0):
 garbage-first heap   total 116736K, used 45995K [0x0000000740000000, 0x0000000800000000)
  region size 2048K, 3 young (6144K), 3 survivors (6144K)
 Metaspace       used 58339K, committed 58624K, reserved 1105920K
  class space    used 6921K, committed 7040K, reserved 1048576K
}
Event: 6.532 GC heap before
{Heap before GC invocations=16 (full 0):
 garbage-first heap   total 116736K, used 72619K [0x0000000740000000, 0x0000000800000000)
  region size 2048K, 17 young (34816K), 3 survivors (6144K)
 Metaspace       used 60183K, committed 60480K, reserved 1105920K
  class space    used 7146K, committed 7296K, reserved 1048576K
}
Event: 6.555 GC heap after
{Heap after GC invocations=17 (full 0):
 garbage-first heap   total 116736K, used 50370K [0x0000000740000000, 0x0000000800000000)
  region size 2048K, 2 young (4096K), 2 survivors (4096K)
 Metaspace       used 60183K, committed 60480K, reserved 1105920K
  class space    used 7146K, committed 7296K, reserved 1048576K
}
Event: 7.442 GC heap before
{Heap before GC invocations=18 (full 0):
 garbage-first heap   total 116736K, used 85186K [0x0000000740000000, 0x0000000800000000)
  region size 2048K, 19 young (38912K), 2 survivors (4096K)
 Metaspace       used 62826K, committed 63168K, reserved 1105920K
  class space    used 7489K, committed 7616K, reserved 1048576K
}
Event: 7.465 GC heap after
{Heap after GC invocations=19 (full 0):
 garbage-first heap   total 116736K, used 57074K [0x0000000740000000, 0x0000000800000000)
  region size 2048K, 3 young (6144K), 3 survivors (6144K)
 Metaspace       used 62826K, committed 63168K, reserved 1105920K
  class space    used 7489K, committed 7616K, reserved 1048576K
}
Event: 7.549 GC heap before
{Heap before GC invocations=19 (full 0):
 garbage-first heap   total 116736K, used 59122K [0x0000000740000000, 0x0000000800000000)
  region size 2048K, 4 young (8192K), 3 survivors (6144K)
 Metaspace       used 62906K, committed 63232K, reserved 1105920K
  class space    used 7492K, committed 7616K, reserved 1048576K
}

Dll operation events (2 events):
Event: 0.007 Loaded shared library C:\Program Files\Android\Android Studio\jbr\bin\java.dll
Event: 1.246 Loaded shared library C:\Program Files\Android\Android Studio\jbr\bin\verify.dll

Deoptimization events (20 events):
Event: 7.496 Thread 0x000001e0b018fac0 Uncommon trap: trap_request=0xffffffbe fr.pc=0x000001e0bcc6f650 relative=0x00000000000059b0
Event: 7.496 Thread 0x000001e0b018fac0 Uncommon trap: reason=profile_predicate action=maybe_recompile pc=0x000001e0bcc6f650 method=org.jetbrains.kotlin.cli.jvm.index.JvmDependenciesIndexImpl.search(Lorg/jetbrains/kotlin/cli/jvm/index/JvmDependenciesIndexImpl$SearchRequest;Lkotlin/jvm/functions
Event: 7.496 Thread 0x000001e0b018fac0 DEOPT PACKING pc=0x000001e0bcc6f650 sp=0x00000084019f9220
Event: 7.496 Thread 0x000001e0b018fac0 DEOPT UNPACKING pc=0x000001e0bc3a69a3 sp=0x00000084019f91f8 mode 2
Event: 7.497 Thread 0x000001e0b018fac0 Uncommon trap: trap_request=0xffffffbe fr.pc=0x000001e0bcc6f650 relative=0x00000000000059b0
Event: 7.497 Thread 0x000001e0b018fac0 Uncommon trap: reason=profile_predicate action=maybe_recompile pc=0x000001e0bcc6f650 method=org.jetbrains.kotlin.cli.jvm.index.JvmDependenciesIndexImpl.search(Lorg/jetbrains/kotlin/cli/jvm/index/JvmDependenciesIndexImpl$SearchRequest;Lkotlin/jvm/functions
Event: 7.497 Thread 0x000001e0b018fac0 DEOPT PACKING pc=0x000001e0bcc6f650 sp=0x00000084019f97f0
Event: 7.497 Thread 0x000001e0b018fac0 DEOPT UNPACKING pc=0x000001e0bc3a69a3 sp=0x00000084019f97c8 mode 2
Event: 7.507 Thread 0x000001e0b018fac0 Uncommon trap: trap_request=0xffffffbe fr.pc=0x000001e0bcc6f650 relative=0x00000000000059b0
Event: 7.508 Thread 0x000001e0b018fac0 Uncommon trap: reason=profile_predicate action=maybe_recompile pc=0x000001e0bcc6f650 method=org.jetbrains.kotlin.cli.jvm.index.JvmDependenciesIndexImpl.search(Lorg/jetbrains/kotlin/cli/jvm/index/JvmDependenciesIndexImpl$SearchRequest;Lkotlin/jvm/functions
Event: 7.508 Thread 0x000001e0b018fac0 DEOPT PACKING pc=0x000001e0bcc6f650 sp=0x00000084019fa460
Event: 7.508 Thread 0x000001e0b018fac0 DEOPT UNPACKING pc=0x000001e0bc3a69a3 sp=0x00000084019fa438 mode 2
Event: 7.508 Thread 0x000001e0b018fac0 Uncommon trap: trap_request=0xffffffbe fr.pc=0x000001e0bcc6f650 relative=0x00000000000059b0
Event: 7.508 Thread 0x000001e0b018fac0 Uncommon trap: reason=profile_predicate action=maybe_recompile pc=0x000001e0bcc6f650 method=org.jetbrains.kotlin.cli.jvm.index.JvmDependenciesIndexImpl.search(Lorg/jetbrains/kotlin/cli/jvm/index/JvmDependenciesIndexImpl$SearchRequest;Lkotlin/jvm/functions
Event: 7.508 Thread 0x000001e0b018fac0 DEOPT PACKING pc=0x000001e0bcc6f650 sp=0x00000084019fa480
Event: 7.508 Thread 0x000001e0b018fac0 DEOPT UNPACKING pc=0x000001e0bc3a69a3 sp=0x00000084019fa458 mode 2
Event: 7.527 Thread 0x000001e0b018fac0 Uncommon trap: trap_request=0xffffff45 fr.pc=0x000001e0bcbe2f40 relative=0x0000000000000620
Event: 7.527 Thread 0x000001e0b018fac0 Uncommon trap: reason=unstable_if action=reinterpret pc=0x000001e0bcbe2f40 method=org.jetbrains.kotlin.name.FqNameUnsafe.child(Lorg/jetbrains/kotlin/name/Name;)Lorg/jetbrains/kotlin/name/FqNameUnsafe; @ 13 c2
Event: 7.527 Thread 0x000001e0b018fac0 DEOPT PACKING pc=0x000001e0bcbe2f40 sp=0x00000084019fa980
Event: 7.527 Thread 0x000001e0b018fac0 DEOPT UNPACKING pc=0x000001e0bc3a69a3 sp=0x00000084019fa948 mode 2

Classes unloaded (0 events):
No events

Classes redefined (0 events):
No events

Internal exceptions (20 events):
Event: 4.964 Thread 0x000001e0b018fac0 Implicit null exception at 0x000001e0bc9e3da0 to 0x000001e0bc9e3f1c
Event: 4.964 Thread 0x000001e0b018fac0 Implicit null exception at 0x000001e0bc9560d8 to 0x000001e0bc95616e
Event: 4.983 Thread 0x000001e0b018fac0 Implicit null exception at 0x000001e0bc93ab74 to 0x000001e0bc93ad60
Event: 4.987 Thread 0x000001e0b018fac0 Implicit null exception at 0x000001e0bca26a8f to 0x000001e0bca26b09
Event: 5.367 Thread 0x000001e0b018fac0 Exception <a 'java/lang/NoSuchMethodError'{0x000000074b4742e8}: 'java.lang.Object java.lang.invoke.DirectMethodHandle$Holder.invokeStaticInit(java.lang.Object, java.lang.Object, java.lang.Object)'> (0x000000074b4742e8) 
thrown [s\src\hotspot\share\interpreter\linkResolver.cpp, line 771]
Event: 6.003 Thread 0x000001e0b018fac0 Exception <a 'java/lang/NoSuchMethodError'{0x0000000744d4bb50}: 'java.lang.Object java.lang.invoke.DirectMethodHandle$Holder.newInvokeSpecial(java.lang.Object, int, java.lang.Object)'> (0x0000000744d4bb50) 
thrown [s\src\hotspot\share\interpreter\linkResolver.cpp, line 771]
Event: 6.004 Thread 0x000001e0b018fac0 Exception <a 'java/lang/NoSuchMethodError'{0x0000000744d52118}: 'int java.lang.invoke.DirectMethodHandle$Holder.invokeInterface(java.lang.Object, java.lang.Object)'> (0x0000000744d52118) 
thrown [s\src\hotspot\share\interpreter\linkResolver.cpp, line 771]
Event: 6.201 Thread 0x000001e0b018fac0 Exception <a 'java/lang/NoSuchMethodError'{0x00000007466960d8}: 'int java.lang.invoke.DirectMethodHandle$Holder.invokeStaticInit(java.lang.Object, int)'> (0x00000007466960d8) 
thrown [s\src\hotspot\share\interpreter\linkResolver.cpp, line 771]
Event: 6.252 Thread 0x000001e0b018fac0 Implicit null exception at 0x000001e0bc92bcbc to 0x000001e0bc92cc94
Event: 6.267 Thread 0x000001e0b018fac0 Exception <a 'java/lang/NoSuchMethodError'{0x00000007464d8ea8}: 'java.lang.Object java.lang.invoke.DirectMethodHandle$Holder.newInvokeSpecial(java.lang.Object, int, java.lang.Object, java.lang.Object)'> (0x00000007464d8ea8) 
thrown [s\src\hotspot\share\interpreter\linkResolver.cpp, line 771]
Event: 6.632 Thread 0x000001e0b018fac0 Exception <a 'java/lang/NoSuchMethodError'{0x000000074ba26c18}: 'java.lang.Object java.lang.invoke.DirectMethodHandle$Holder.invokeStatic(java.lang.Object, java.lang.Object, java.lang.Object, java.lang.Object, int)'> (0x000000074ba26c18) 
thrown [s\src\hotspot\share\interpreter\linkResolver.cpp, line 771]
Event: 6.632 Thread 0x000001e0b018fac0 Exception <a 'java/lang/NoSuchMethodError'{0x000000074ba30808}: 'java.lang.Object java.lang.invoke.DirectMethodHandle$Holder.newInvokeSpecial(java.lang.Object, java.lang.Object, java.lang.Object, java.lang.Object, int)'> (0x000000074ba30808) 
thrown [s\src\hotspot\share\interpreter\linkResolver.cpp, line 771]
Event: 6.633 Thread 0x000001e0b018fac0 Exception <a 'java/lang/NoSuchMethodError'{0x000000074ba35338}: 'java.lang.Object java.lang.invoke.DirectMethodHandle$Holder.invokeSpecial(java.lang.Object, java.lang.Object, java.lang.Object, java.lang.Object, java.lang.Object, int)'> (0x000000074ba35338) 
thrown [s\src\hotspot\share\interpreter\linkResolver.cpp, line 771]
Event: 6.633 Thread 0x000001e0b018fac0 Exception <a 'java/lang/NoSuchMethodError'{0x000000074ba39818}: 'java.lang.Object java.lang.invoke.Invokers$Holder.linkToTargetMethod(java.lang.Object, java.lang.Object, java.lang.Object, int, java.lang.Object)'> (0x000000074ba39818) 
thrown [s\src\hotspot\share\interpreter\linkResolver.cpp, line 771]
Event: 6.861 Thread 0x000001e0b018fac0 Exception <a 'java/lang/NoSuchMethodError'{0x000000074b482a60}: 'java.lang.Object java.lang.invoke.DirectMethodHandle$Holder.invokeInterface(java.lang.Object, java.lang.Object, java.lang.Object)'> (0x000000074b482a60) 
thrown [s\src\hotspot\share\interpreter\linkResolver.cpp, line 771]
Event: 6.861 Thread 0x000001e0b018fac0 Exception <a 'java/lang/IncompatibleClassChangeError'{0x000000074b4863d0}: Found class java.lang.Object, but interface was expected> (0x000000074b4863d0) 
thrown [s\src\hotspot\share\interpreter\linkResolver.cpp, line 838]
Event: 7.304 Thread 0x000001e0b018fac0 Exception <a 'java/lang/NoSuchMethodError'{0x00000007450380e0}: 'java.lang.Object java.lang.invoke.DirectMethodHandle$Holder.newInvokeSpecial(java.lang.Object, java.lang.Object, java.lang.Object, java.lang.Object, java.lang.Object, java.lang.Object, java.lang.Object)'> (0x00000007450380e0) 
thrown [s\src\hotspot\share\interpreter\linkResolver.cpp, line 771]
Event: 7.304 Thread 0x000001e0b018fac0 Exception <a 'java/lang/NoSuchMethodError'{0x000000074503cc98}: 'java.lang.Object java.lang.invoke.Invokers$Holder.linkToTargetMethod(java.lang.Object, java.lang.Object, java.lang.Object, java.lang.Object, java.lang.Object, java.lang.Object, java.lang.Object)'> (0x000000074503cc98) 
thrown [s\src\hotspot\share\interpreter\linkResolver.cpp, line 771]
Event: 7.336 Thread 0x000001e0b018fac0 Implicit null exception at 0x000001e0bc90ac72 to 0x000001e0bc90b234
Event: 7.373 Thread 0x000001e0b018fac0 Implicit null exception at 0x000001e0bc90bc72 to 0x000001e0bc90c220

VM Operations (20 events):
Event: 7.075 Executing VM operation: ICBufferFull done
Event: 7.189 Executing VM operation: ICBufferFull
Event: 7.189 Executing VM operation: ICBufferFull done
Event: 7.289 Executing VM operation: HandshakeAllThreads
Event: 7.289 Executing VM operation: HandshakeAllThreads done
Event: 7.327 Executing VM operation: ICBufferFull
Event: 7.327 Executing VM operation: ICBufferFull done
Event: 7.355 Executing VM operation: HandshakeAllThreads
Event: 7.355 Executing VM operation: HandshakeAllThreads done
Event: 7.359 Executing VM operation: HandshakeAllThreads
Event: 7.359 Executing VM operation: HandshakeAllThreads done
Event: 7.385 Executing VM operation: ICBufferFull
Event: 7.385 Executing VM operation: ICBufferFull done
Event: 7.442 Executing VM operation: G1CollectForAllocation
Event: 7.465 Executing VM operation: G1CollectForAllocation done
Event: 7.508 Executing VM operation: HandshakeAllThreads
Event: 7.508 Executing VM operation: HandshakeAllThreads done
Event: 7.523 Executing VM operation: ICBufferFull
Event: 7.523 Executing VM operation: ICBufferFull done
Event: 7.549 Executing VM operation: G1CollectForAllocation

Events (20 events):
Event: 5.872 Thread 0x000001e0cf06ef60 flushing nmethod 0x000001e0b5847d90
Event: 5.872 Thread 0x000001e0cf06ef60 flushing nmethod 0x000001e0b584b310
Event: 5.872 Thread 0x000001e0cf06ef60 flushing nmethod 0x000001e0b5853e10
Event: 5.872 Thread 0x000001e0cf06ef60 flushing nmethod 0x000001e0b5882490
Event: 5.872 Thread 0x000001e0cf06ef60 flushing nmethod 0x000001e0b5898610
Event: 5.872 Thread 0x000001e0cf06ef60 flushing nmethod 0x000001e0b58a6590
Event: 5.872 Thread 0x000001e0cf06ef60 flushing nmethod 0x000001e0b5912c90
Event: 5.872 Thread 0x000001e0cf06ef60 flushing nmethod 0x000001e0b5958f90
Event: 5.873 Thread 0x000001e0cf06ef60 flushing nmethod 0x000001e0b59e6910
Event: 6.321 loading class java/util/regex/Pattern$Bound
Event: 6.322 loading class java/util/regex/Pattern$Bound done
Event: 6.322 loading class java/util/regex/Pattern$NotBehind
Event: 6.322 loading class java/util/regex/Pattern$NotBehind done
Event: 6.635 loading class java/util/function/ToIntFunction
Event: 6.635 loading class java/util/function/ToIntFunction done
Event: 7.509 Thread 0x000001e0cf06ef60 flushing nmethod 0x000001e0bcb51d90
Event: 7.514 Thread 0x000001e0cf06ef60 flushing nmethod 0x000001e0b52bf590
Event: 7.516 Thread 0x000001e0cf06ef60 flushing nmethod 0x000001e0b54fda10
Event: 7.518 Thread 0x000001e0cf06ef60 flushing nmethod 0x000001e0b56b3410
Event: 7.519 Thread 0x000001e0cf06ef60 flushing nmethod 0x000001e0b587d810


Dynamic libraries:
0x00007ff7fdf40000 - 0x00007ff7fdf4a000 	C:\Program Files\Android\Android Studio\jbr\bin\java.exe
0x00007ffabc780000 - 0x00007ffabc96d000 	C:\Windows\SYSTEM32\ntdll.dll
0x00007ffab9be0000 - 0x00007ffab9c93000 	C:\Windows\System32\KERNEL32.DLL
0x00007ffab8a50000 - 0x00007ffab8ce3000 	C:\Windows\System32\KERNELBASE.dll
0x00007ffab96d0000 - 0x00007ffab97cc000 	C:\Windows\System32\ucrtbase.dll
0x00007ffab4db0000 - 0x00007ffab4dc7000 	C:\Program Files\Android\Android Studio\jbr\bin\jli.dll
0x00007ffaae730000 - 0x00007ffaae74b000 	C:\Program Files\Android\Android Studio\jbr\bin\VCRUNTIME140.dll
0x00007ffabc280000 - 0x00007ffabc417000 	C:\Windows\System32\USER32.dll
0x00007ffaa8700000 - 0x00007ffaa8979000 	C:\Windows\WinSxS\amd64_microsoft.windows.common-controls_6595b64144ccf1df_6.0.17763.134_none_05b3373a07211a5c\COMCTL32.dll
0x00007ffab8f40000 - 0x00007ffab8f60000 	C:\Windows\System32\win32u.dll
0x00007ffab9b40000 - 0x00007ffab9bde000 	C:\Windows\System32\msvcrt.dll
0x00007ffab9f40000 - 0x00007ffab9f69000 	C:\Windows\System32\GDI32.dll
0x00007ffab8cf0000 - 0x00007ffab8e8a000 	C:\Windows\System32\gdi32full.dll
0x00007ffabc420000 - 0x00007ffabc74d000 	C:\Windows\System32\combase.dll
0x00007ffab8850000 - 0x00007ffab88f0000 	C:\Windows\System32\msvcp_win.dll
0x00007ffaba810000 - 0x00007ffaba933000 	C:\Windows\System32\RPCRT4.dll
0x00007ffab8920000 - 0x00007ffab899e000 	C:\Windows\System32\bcryptPrimitives.dll
0x00007ffaba7e0000 - 0x00007ffaba80e000 	C:\Windows\System32\IMM32.DLL
0x00007ffa97540000 - 0x00007ffa9754c000 	C:\Program Files\Android\Android Studio\jbr\bin\vcruntime140_1.dll
0x00007ffa91db0000 - 0x00007ffa91e3d000 	C:\Program Files\Android\Android Studio\jbr\bin\msvcp140.dll
0x00007ffa97e40000 - 0x00007ffa98aae000 	C:\Program Files\Android\Android Studio\jbr\bin\server\jvm.dll
0x00007ffabc0c0000 - 0x00007ffabc163000 	C:\Windows\System32\ADVAPI32.dll
0x00007ffab9d30000 - 0x00007ffab9dce000 	C:\Windows\System32\sechost.dll
0x00007ffab6220000 - 0x00007ffab6244000 	C:\Windows\SYSTEM32\WINMM.dll
0x00007ffab2360000 - 0x00007ffab236a000 	C:\Windows\SYSTEM32\VERSION.dll
0x00007ffaa7ea0000 - 0x00007ffaa7ea9000 	C:\Windows\SYSTEM32\WSOCK32.dll
0x00007ffab9a40000 - 0x00007ffab9aad000 	C:\Windows\System32\WS2_32.dll
0x00007ffab61f0000 - 0x00007ffab621d000 	C:\Windows\SYSTEM32\WINMMBASE.dll
0x00007ffab8a00000 - 0x00007ffab8a4a000 	C:\Windows\System32\cfgmgr32.dll
0x00007ffab87e0000 - 0x00007ffab87f1000 	C:\Windows\System32\kernel.appcore.dll
0x00007ffab4e70000 - 0x00007ffab4e7a000 	C:\Program Files\Android\Android Studio\jbr\bin\jimage.dll
0x00007ffaa7ba0000 - 0x00007ffaa7d8d000 	C:\Windows\SYSTEM32\DBGHELP.DLL
0x00007ffa9dcd0000 - 0x00007ffa9dcfa000 	C:\Windows\SYSTEM32\dbgcore.DLL
0x00007ffaa6f30000 - 0x00007ffaa6f55000 	C:\Program Files\Android\Android Studio\jbr\bin\java.dll
0x00007ffab2010000 - 0x00007ffab2028000 	C:\Program Files\Android\Android Studio\jbr\bin\zip.dll
0x00007ffababd0000 - 0x00007ffabc0bf000 	C:\Windows\System32\SHELL32.dll
0x00007ffaba0a0000 - 0x00007ffaba148000 	C:\Windows\System32\shcore.dll
0x00007ffab8f60000 - 0x00007ffab96a8000 	C:\Windows\System32\windows.storage.dll
0x00007ffab8820000 - 0x00007ffab8844000 	C:\Windows\System32\profapi.dll
0x00007ffab8780000 - 0x00007ffab87dd000 	C:\Windows\System32\powrprof.dll
0x00007ffabc170000 - 0x00007ffabc1c2000 	C:\Windows\System32\shlwapi.dll
0x00007ffab96b0000 - 0x00007ffab96c7000 	C:\Windows\System32\cryptsp.dll
0x00007ffaafa90000 - 0x00007ffaafaa9000 	C:\Program Files\Android\Android Studio\jbr\bin\net.dll
0x00007ffab2630000 - 0x00007ffab2721000 	C:\Windows\SYSTEM32\WINHTTP.dll
0x00007ffab8010000 - 0x00007ffab8077000 	C:\Windows\system32\mswsock.dll
0x00007ffaa7060000 - 0x00007ffaa7076000 	C:\Program Files\Android\Android Studio\jbr\bin\nio.dll
0x00007ffaaeaf0000 - 0x00007ffaaeb00000 	C:\Program Files\Android\Android Studio\jbr\bin\verify.dll

dbghelp: loaded successfully - version: 4.0.5 - missing functions: none
symbol engine: initialized successfully - sym options: 0x614 - pdb path: .;C:\Program Files\Android\Android Studio\jbr\bin;C:\Windows\SYSTEM32;C:\Windows\WinSxS\amd64_microsoft.windows.common-controls_6595b64144ccf1df_6.0.17763.134_none_05b3373a07211a5c;C:\Program Files\Android\Android Studio\jbr\bin\server

VM Arguments:
java_command: org.jetbrains.kotlin.cli.jvm.K2JVMCompiler @E:\AndroidStudioProject\CryptoApp\app\build\20231206_8680639963768823423.compiler.options
java_class_path (initial): C:\Users\Alexx\.gradle\caches\modules-2\files-2.1\org.jetbrains.kotlin\kotlin-compiler-embeddable\1.8.0\eb9118d4bcceaa2a94b2ae2a33a4ddba7c9a947f\kotlin-compiler-embeddable-1.8.0.jar;C:\Users\Alexx\.gradle\caches\modules-2\files-2.1\org.jetbrains.kotlin\kotlin-stdlib\1.8.0\1796921c7a3e2e2665a83e6c8d33399336cd39bc\kotlin-stdlib-1.8.0.jar;C:\Users\Alexx\.gradle\caches\modules-2\files-2.1\org.jetbrains.kotlin\kotlin-script-runtime\1.8.0\b2f7e760d283cb339974851c222a4c1d48f2d3d\kotlin-script-runtime-1.8.0.jar;C:\Users\Alexx\.gradle\caches\modules-2\files-2.1\org.jetbrains.kotlin\kotlin-reflect\1.6.10\1cbe9c92c12a94eea200d23c2bbaedaf3daf5132\kotlin-reflect-1.6.10.jar;C:\Users\Alexx\.gradle\caches\modules-2\files-2.1\org.jetbrains.kotlin\kotlin-daemon-embeddable\1.8.0\d255216c551685dc3a7e852b53617f5f01aaaa5c\kotlin-daemon-embeddable-1.8.0.jar;C:\Users\Alexx\.gradle\caches\modules-2\files-2.1\org.jetbrains.intellij.deps\trove4j\1.0.20200330\3afb14d5f9ceb459d724e907a21145e8ff394f02\trove4j-1.0.20200330.jar;C:\Users\Alexx\.gradle\caches\modules-2\files-2.1\net.java.dev.jna\jna\5.6.0\330f2244e9030119ab3030fc3fededc86713d9cc\jna-5.6.0.jar;C:\Users\Alexx\.gradle\caches\modules-2\files-2.1\org.jetbrains.kotlin\kotlin-stdlib-common\1.8.0\f7197e7cc76453ac59f8b0f8d5137cc600becd36\kotlin-stdlib-common-1.8.0.jar;C:\Users\Alexx\.gradle\caches\modules-2\files-2.1\org.jetbrains\annotations\13.0\919f0dfe192fb4e063e7dacadee7f8bb9a2672a9\annotations-13.0.jar
Launcher Type: SUN_STANDARD

[Global flags]
     intx CICompilerCount                          = 4                                         {product} {ergonomic}
     uint ConcGCThreads                            = 2                                         {product} {ergonomic}
     uint G1ConcRefinementThreads                  = 8                                         {product} {ergonomic}
   size_t G1HeapRegionSize                         = 2097152                                   {product} {ergonomic}
    uintx GCDrainStackTargetSize                   = 64                                        {product} {ergonomic}
   size_t InitialHeapSize                          = 201326592                                 {product} {ergonomic}
   size_t MarkStackSize                            = 4194304                                   {product} {ergonomic}
   size_t MaxHeapSize                              = 3221225472                                {product} {ergonomic}
   size_t MaxNewSize                               = 1931476992                                {product} {ergonomic}
   size_t MinHeapDeltaBytes                        = 2097152                                   {product} {ergonomic}
   size_t MinHeapSize                              = 8388608                                   {product} {ergonomic}
    uintx NonNMethodCodeHeapSize                   = 5839372                                {pd product} {ergonomic}
    uintx NonProfiledCodeHeapSize                  = 122909434                              {pd product} {ergonomic}
    uintx ProfiledCodeHeapSize                     = 122909434                              {pd product} {ergonomic}
    uintx ReservedCodeCacheSize                    = 251658240                              {pd product} {ergonomic}
     bool SegmentedCodeCache                       = true                                      {product} {ergonomic}
   size_t SoftMaxHeapSize                          = 3221225472                             {manageable} {ergonomic}
     bool UseCompressedClassPointers               = true                           {product lp64_product} {ergonomic}
     bool UseCompressedOops                        = true                           {product lp64_product} {ergonomic}
     bool UseG1GC                                  = true                                      {product} {ergonomic}
     bool UseLargePagesIndividualAllocation        = false                                  {pd product} {ergonomic}

Logging:
Log output configuration:
 #0: stdout all=warning uptime,level,tags
 #1: stderr all=off uptime,level,tags

Environment Variables:
PATH=C:\ProgramData\Oracle\Java\javapath;C:\Program Files (x86)\Python38-32\Scripts\;C:\Program Files (x86)\Python38-32\;C:\Windows\system32;C:\Windows;C:\Windows\System32\Wbem;C:\Windows\System32\WindowsPowerShell\v1.0\;C:\Program Files (x86)\Common Files\Acronis\SnapAPI\;C:\Program Files (x86)\dotnet\;C:\Program Files\PuTTY\;C:\Program Files\Git\cmd;C:\Users\Alexx\AppData\Local\Microsoft\WindowsApps;C:\Program Files (x86)\Nmap
USERNAME=Alexx
OS=Windows_NT
PROCESSOR_IDENTIFIER=AMD64 Family 21 Model 2 Stepping 0, AuthenticAMD
TMP=C:\Temp
TEMP=C:\Temp


JNI global refs:
JNI global refs: 13, weak refs: 8

JNI global refs memory usage: 843, weak refs: 841


---------------  S Y S T E M  ---------------

OS:
 Windows 10 , 64 bit Build 17763 (10.0.17763.1)
OS uptime: 0 days 2:49 hours

CPU: total 8 (initial active 8) (8 cores per cpu, 1 threads per core) family 21 model 2 stepping 0 microcode 0x0, cx8, cmov, fxsr, mmx, 3dnowpref, sse, sse2, sse3, ssse3, sse4a, sse4.1, sse4.2, popcnt, lzcnt, tsc, tscinvbit, avx, aes, clmul, bmi1, fma, vzeroupper, clflush

Memory: 4k page, system-wide physical 12285M (2857M free)
TotalPageFile size 12541M (AvailPageFile size 19M)
current process WorkingSet (physical memory assigned to process): 298M, peak: 304M
current process commit charge ("private bytes"): 335M, peak: 373M

vm_info: OpenJDK 64-Bit Server VM (17.0.6+0-b2043.56-10027231) for windows-amd64 JRE (17.0.6+0-b2043.56-10027231), built on Apr 28 2023 00:43:19 by "androidbuild" with MS VC++ 16.10 / 16.11 (VS2019)

END.
