#
# There is insufficient memory for the Java Runtime Environment to continue.
# Native memory allocation (mmap) failed to map 92274688 bytes for G1 virtual space
# Possible reasons:
#   The system is out of physical RAM or swap space
#   The process is running with CompressedOops enabled, and the Java Heap may be blocking the growth of the native heap
# Possible solutions:
#   Reduce memory load on the system
#   Increase physical memory or swap space
#   Check if swap backing store is full
#   Decrease Java heap size (-Xmx/-Xms)
#   Decrease number of Java threads
#   Decrease Java thread stack sizes (-Xss)
#   Set larger code cache with -XX:ReservedCodeCacheSize=
#   JVM is running with Zero Based Compressed Oops mode in which the Java heap is
#     placed in the first 32GB address space. The Java Heap base address is the
#     maximum limit for the native heap growth. Please use -XX:HeapBaseMinAddress
#     to set the Java Heap base and to place the Java Heap above 32GB virtual address.
# This output file may be truncated or incomplete.
#
#  Out of Memory Error (os_windows.cpp:3769), pid=9116, tid=9636
#
# JRE version: OpenJDK Runtime Environment (17.0.6) (build 17.0.6+0-b2043.56-10027231)
# Java VM: OpenJDK 64-Bit Server VM (17.0.6+0-b2043.56-10027231, mixed mode, tiered, compressed oops, compressed class ptrs, g1 gc, windows-amd64)
# No core dump will be written. Minidumps are not enabled by default on client versions of Windows
#

---------------  S U M M A R Y ------------

Command Line: org.jetbrains.kotlin.cli.jvm.K2JVMCompiler @E:\AndroidStudioProject\CryptoApp\app\build\20231206_15196540197888357694.compiler.options

Host: AMD FX-8320E Eight-Core Processor              , 8 cores, 11G,  Windows 10 , 64 bit Build 17763 (10.0.17763.1)
Time: Wed Dec  6 12:55:09 2023 RTZ 2 (зима) elapsed time: 6.829287 seconds (0d 0h 0m 6s)

---------------  T H R E A D  ---------------

Current thread (0x0000013b91820930):  VMThread "VM Thread" [stack: 0x000000258aa00000,0x000000258ab00000] [id=9636]

Stack: [0x000000258aa00000,0x000000258ab00000]
Native frames: (J=compiled Java code, j=interpreted, Vv=VM code, C=native code)
V  [jvm.dll+0x683c9a]
V  [jvm.dll+0x8427a4]
V  [jvm.dll+0x843f9e]
V  [jvm.dll+0x844603]
V  [jvm.dll+0x249b75]
V  [jvm.dll+0x680b69]
V  [jvm.dll+0x67505a]
V  [jvm.dll+0x309acb]
V  [jvm.dll+0x310f86]
V  [jvm.dll+0x3608ee]
V  [jvm.dll+0x360b1f]
V  [jvm.dll+0x2dfbf8]
V  [jvm.dll+0x2ddec4]
V  [jvm.dll+0x2dd4cc]
V  [jvm.dll+0x321f3b]
V  [jvm.dll+0x848ccb]
V  [jvm.dll+0x849a04]
V  [jvm.dll+0x849f1d]
V  [jvm.dll+0x84a2f4]
V  [jvm.dll+0x84a3c0]
V  [jvm.dll+0x7f274a]
V  [jvm.dll+0x682ad5]
C  [ucrtbase.dll+0x203ba]
C  [KERNEL32.DLL+0x17e94]
C  [ntdll.dll+0x67ad1]

VM_Operation (0x000000258a4f8590): G1CollectForAllocation, mode: safepoint, requested by thread 0x0000013bf42ed1d0


---------------  P R O C E S S  ---------------

Threads class SMR info:
_java_thread_list=0x0000013b94cdc7d0, length=14, elements={
0x0000013bf42ed1d0, 0x0000013b91833260, 0x0000013b91834ba0, 0x0000013bff753d50,
0x0000013bff756230, 0x0000013b918697b0, 0x0000013b9186ac30, 0x0000013b9186efb0,
0x0000013b9186f8b0, 0x0000013b91894050, 0x0000013b919e07d0, 0x0000013b919e0f30,
0x0000013b9358d870, 0x0000013b93fce540
}

Java Threads: ( => current thread )
  0x0000013bf42ed1d0 JavaThread "main" [_thread_blocked, id=8596, stack(0x000000258a400000,0x000000258a500000)]
  0x0000013b91833260 JavaThread "Reference Handler" daemon [_thread_blocked, id=9248, stack(0x000000258ab00000,0x000000258ac00000)]
  0x0000013b91834ba0 JavaThread "Finalizer" daemon [_thread_blocked, id=9872, stack(0x000000258ac00000,0x000000258ad00000)]
  0x0000013bff753d50 JavaThread "Signal Dispatcher" daemon [_thread_blocked, id=9816, stack(0x000000258ad00000,0x000000258ae00000)]
  0x0000013bff756230 JavaThread "Attach Listener" daemon [_thread_blocked, id=6240, stack(0x000000258ae00000,0x000000258af00000)]
  0x0000013b918697b0 JavaThread "Service Thread" daemon [_thread_blocked, id=9628, stack(0x000000258af00000,0x000000258b000000)]
  0x0000013b9186ac30 JavaThread "Monitor Deflation Thread" daemon [_thread_blocked, id=9244, stack(0x000000258b000000,0x000000258b100000)]
  0x0000013b9186efb0 JavaThread "C2 CompilerThread0" daemon [_thread_blocked, id=2896, stack(0x000000258b100000,0x000000258b200000)]
  0x0000013b9186f8b0 JavaThread "C1 CompilerThread0" daemon [_thread_blocked, id=7216, stack(0x000000258b200000,0x000000258b300000)]
  0x0000013b91894050 JavaThread "Sweeper thread" daemon [_thread_blocked, id=9328, stack(0x000000258b300000,0x000000258b400000)]
  0x0000013b919e07d0 JavaThread "Notification Thread" daemon [_thread_blocked, id=9840, stack(0x000000258b400000,0x000000258b500000)]
  0x0000013b919e0f30 JavaThread "Common-Cleaner" daemon [_thread_blocked, id=7576, stack(0x000000258b600000,0x000000258b700000)]
  0x0000013b9358d870 JavaThread "C2 CompilerThread1" daemon [_thread_in_native, id=8668, stack(0x000000258b700000,0x000000258b800000)]
  0x0000013b93fce540 JavaThread "C2 CompilerThread2" daemon [_thread_blocked, id=9640, stack(0x000000258c000000,0x000000258c100000)]

Other Threads:
=>0x0000013b91820930 VMThread "VM Thread" [stack: 0x000000258aa00000,0x000000258ab00000] [id=9636]
  0x0000013b919e0ca0 WatcherThread [stack: 0x000000258b500000,0x000000258b600000] [id=3604]
  0x0000013bf43476e0 GCTaskThread "GC Thread#0" [stack: 0x000000258a500000,0x000000258a600000] [id=1948]
  0x0000013b91ffaa90 GCTaskThread "GC Thread#1" [stack: 0x000000258b800000,0x000000258b900000] [id=3440]
  0x0000013b91ffad40 GCTaskThread "GC Thread#2" [stack: 0x000000258b900000,0x000000258ba00000] [id=9256]
  0x0000013b91ffaff0 GCTaskThread "GC Thread#3" [stack: 0x000000258ba00000,0x000000258bb00000] [id=10084]
  0x0000013b920ce290 GCTaskThread "GC Thread#4" [stack: 0x000000258bb00000,0x000000258bc00000] [id=9632]
  0x0000013b93068e40 GCTaskThread "GC Thread#5" [stack: 0x000000258bc00000,0x000000258bd00000] [id=5608]
  0x0000013b9341ed70 GCTaskThread "GC Thread#6" [stack: 0x000000258bd00000,0x000000258be00000] [id=9864]
  0x0000013b9305fcf0 GCTaskThread "GC Thread#7" [stack: 0x000000258be00000,0x000000258bf00000] [id=9540]
  0x0000013bf4355540 ConcurrentGCThread "G1 Main Marker" [stack: 0x000000258a600000,0x000000258a700000] [id=10144]
  0x0000013bf4356a20 ConcurrentGCThread "G1 Conc#0" [stack: 0x000000258a700000,0x000000258a800000] [id=9320]
  0x0000013b93061270 ConcurrentGCThread "G1 Conc#1" [stack: 0x000000258bf00000,0x000000258c000000] [id=3568]
  0x0000013bf43a45b0 ConcurrentGCThread "G1 Refine#0" [stack: 0x000000258a800000,0x000000258a900000] [id=9744]
  0x0000013bf43a4ee0 ConcurrentGCThread "G1 Service" [stack: 0x000000258a900000,0x000000258aa00000] [id=9616]

Threads with active compile tasks:
C2 CompilerThread0     6850 6623       4       org.jetbrains.kotlin.load.java.lazy.descriptors.JvmPackageScope::getContributedClassifier (142 bytes)
C1 CompilerThread0     6851 6647       3       org.jetbrains.kotlin.resolve.BindingContextUtils::lambda$addOwnDataTo$0 (27 bytes)
C2 CompilerThread1     6851 6415       4       org.jetbrains.org.objectweb.asm.ClassReader::readMethod (1061 bytes)
C2 CompilerThread2     6851 6617       4       org.jetbrains.kotlin.com.intellij.psi.impl.source.tree.CompositeElement::getPsi (46 bytes)

VM state: at safepoint (normal execution)

VM Mutex/Monitor currently owned by a thread:  ([mutex/lock_event])
[0x0000013bf42e9590] Threads_lock - owner thread: 0x0000013b91820930
[0x0000013bf42e8f60] Heap_lock - owner thread: 0x0000013bf42ed1d0

Heap address: 0x0000000740000000, size: 3072 MB, Compressed Oops mode: Zero based, Oop shift amount: 3

CDS archive(s) not mapped
Compressed class space mapped at: 0x0000000800000000-0x0000000840000000, reserved size: 1073741824
Narrow klass base: 0x0000000800000000, Narrow klass shift: 0, Narrow klass range: 0x40000000

GC Precious Log:
 CPUs: 8 total, 8 available
 Memory: 12285M
 Large Page Support: Disabled
 NUMA Support: Disabled
 Compressed Oops: Enabled (Zero based)
 Heap Region Size: 2M
 Heap Min Capacity: 8M
 Heap Initial Capacity: 192M
 Heap Max Capacity: 3G
 Pre-touch: Disabled
 Parallel Workers: 8
 Concurrent Workers: 2
 Concurrent Refinement Workers: 8
 Periodic GC: Disabled

Heap:
 garbage-first heap   total 104448K, used 51183K [0x0000000740000000, 0x0000000800000000)
  region size 2048K, 2 young (4096K), 2 survivors (4096K)
 Metaspace       used 61453K, committed 61760K, reserved 1105920K
  class space    used 7337K, committed 7488K, reserved 1048576K

Heap Regions: E=young(eden), S=young(survivor), O=old, HS=humongous(starts), HC=humongous(continues), CS=collection set, F=free, OA=open archive, CA=closed archive, TAMS=top-at-mark-start (previous, next)
|   0|0x0000000740000000, 0x0000000740200000, 0x0000000740200000|100%|HS|  |TAMS 0x0000000740200000, 0x0000000740000000| Complete 
|   1|0x0000000740200000, 0x0000000740400000, 0x0000000740400000|100%|HC|  |TAMS 0x0000000740400000, 0x0000000740200000| Complete 
|   2|0x0000000740400000, 0x0000000740600000, 0x0000000740600000|100%|HS|  |TAMS 0x0000000740600000, 0x0000000740400000| Complete 
|   3|0x0000000740600000, 0x0000000740800000, 0x0000000740800000|100%|HC|  |TAMS 0x0000000740800000, 0x0000000740600000| Complete 
|   4|0x0000000740800000, 0x0000000740a00000, 0x0000000740a00000|100%| O|  |TAMS 0x0000000740a00000, 0x0000000740800000| Untracked 
|   5|0x0000000740a00000, 0x0000000740c00000, 0x0000000740c00000|100%| O|  |TAMS 0x0000000740c00000, 0x0000000740a00000| Untracked 
|   6|0x0000000740c00000, 0x0000000740e00000, 0x0000000740e00000|100%|HS|  |TAMS 0x0000000740e00000, 0x0000000740c00000| Complete 
|   7|0x0000000740e00000, 0x0000000741000000, 0x0000000741000000|100%| O|  |TAMS 0x0000000741000000, 0x0000000740e00000| Untracked 
|   8|0x0000000741000000, 0x0000000741200000, 0x0000000741200000|100%| O|  |TAMS 0x0000000741200000, 0x0000000741000000| Untracked 
|   9|0x0000000741200000, 0x0000000741400000, 0x0000000741400000|100%| O|  |TAMS 0x0000000741400000, 0x0000000741200000| Untracked 
|  10|0x0000000741400000, 0x0000000741600000, 0x0000000741600000|100%| O|  |TAMS 0x0000000741600000, 0x0000000741400000| Untracked 
|  11|0x0000000741600000, 0x0000000741800000, 0x0000000741800000|100%| O|  |TAMS 0x0000000741800000, 0x0000000741600000| Untracked 
|  12|0x0000000741800000, 0x0000000741a00000, 0x0000000741a00000|100%| O|  |TAMS 0x0000000741a00000, 0x0000000741800000| Untracked 
|  13|0x0000000741a00000, 0x0000000741c00000, 0x0000000741c00000|100%| O|  |TAMS 0x0000000741a00000, 0x0000000741a00000| Untracked 
|  14|0x0000000741c00000, 0x0000000741e00000, 0x0000000741e00000|100%| O|  |TAMS 0x0000000741c67e00, 0x0000000741c00000| Untracked 
|  15|0x0000000741e00000, 0x0000000742000000, 0x0000000742000000|100%| O|  |TAMS 0x0000000741e00000, 0x0000000741e00000| Untracked 
|  16|0x0000000742000000, 0x0000000742200000, 0x0000000742200000|100%| O|  |TAMS 0x0000000742000000, 0x0000000742000000| Untracked 
|  17|0x0000000742200000, 0x0000000742400000, 0x0000000742400000|100%| O|  |TAMS 0x0000000742200000, 0x0000000742200000| Untracked 
|  18|0x0000000742400000, 0x0000000742600000, 0x0000000742600000|100%| O|  |TAMS 0x0000000742400000, 0x0000000742400000| Untracked 
|  19|0x0000000742600000, 0x0000000742800000, 0x0000000742800000|100%| O|  |TAMS 0x0000000742600000, 0x0000000742600000| Untracked 
|  20|0x0000000742800000, 0x0000000742a00000, 0x0000000742a00000|100%| O|  |TAMS 0x0000000742800000, 0x0000000742800000| Untracked 
|  21|0x0000000742a00000, 0x0000000742c00000, 0x0000000742c00000|100%| O|  |TAMS 0x0000000742a00000, 0x0000000742a00000| Untracked 
|  22|0x0000000742c00000, 0x0000000742e00000, 0x0000000742e00000|100%| O|  |TAMS 0x0000000742c00000, 0x0000000742c00000| Untracked 
|  23|0x0000000742e00000, 0x0000000742f1a800, 0x0000000743000000| 55%| O|  |TAMS 0x0000000742e00000, 0x0000000742e00000| Untracked 
|  24|0x0000000743000000, 0x0000000743000000, 0x0000000743200000|  0%| F|  |TAMS 0x0000000743000000, 0x0000000743000000| Untracked 
|  25|0x0000000743200000, 0x0000000743200000, 0x0000000743400000|  0%| F|  |TAMS 0x0000000743200000, 0x0000000743200000| Untracked 
|  26|0x0000000743400000, 0x0000000743400000, 0x0000000743600000|  0%| F|  |TAMS 0x0000000743400000, 0x0000000743400000| Untracked 
|  27|0x0000000743600000, 0x0000000743600000, 0x0000000743800000|  0%| F|  |TAMS 0x0000000743600000, 0x0000000743600000| Untracked 
|  28|0x0000000743800000, 0x0000000743800000, 0x0000000743a00000|  0%| F|  |TAMS 0x0000000743800000, 0x0000000743800000| Untracked 
|  29|0x0000000743a00000, 0x0000000743a00000, 0x0000000743c00000|  0%| F|  |TAMS 0x0000000743a00000, 0x0000000743a00000| Untracked 
|  30|0x0000000743c00000, 0x0000000743c00000, 0x0000000743e00000|  0%| F|  |TAMS 0x0000000743c00000, 0x0000000743c00000| Untracked 
|  31|0x0000000743e00000, 0x0000000743e00000, 0x0000000744000000|  0%| F|  |TAMS 0x0000000743e00000, 0x0000000743e00000| Untracked 
|  32|0x0000000744000000, 0x0000000744000000, 0x0000000744200000|  0%| F|  |TAMS 0x0000000744000000, 0x0000000744000000| Untracked 
|  33|0x0000000744200000, 0x0000000744200000, 0x0000000744400000|  0%| F|  |TAMS 0x0000000744200000, 0x0000000744200000| Untracked 
|  34|0x0000000744400000, 0x0000000744400000, 0x0000000744600000|  0%| F|  |TAMS 0x0000000744400000, 0x0000000744400000| Untracked 
|  35|0x0000000744600000, 0x00000007446e1780, 0x0000000744800000| 44%| S|CS|TAMS 0x0000000744600000, 0x0000000744600000| Complete 
|  36|0x0000000744800000, 0x0000000744a00000, 0x0000000744a00000|100%| S|CS|TAMS 0x0000000744800000, 0x0000000744800000| Complete 
|  37|0x0000000744a00000, 0x0000000744a00000, 0x0000000744c00000|  0%| F|  |TAMS 0x0000000744a00000, 0x0000000744a00000| Untracked 
|  38|0x0000000744c00000, 0x0000000744c00000, 0x0000000744e00000|  0%| F|  |TAMS 0x0000000744c00000, 0x0000000744c00000| Untracked 
|  39|0x0000000744e00000, 0x0000000744e00000, 0x0000000745000000|  0%| F|  |TAMS 0x0000000744e00000, 0x0000000744e00000| Untracked 
|  40|0x0000000745000000, 0x0000000745000000, 0x0000000745200000|  0%| F|  |TAMS 0x0000000745000000, 0x0000000745000000| Untracked 
|  41|0x0000000745200000, 0x0000000745200000, 0x0000000745400000|  0%| F|  |TAMS 0x0000000745200000, 0x0000000745200000| Untracked 
|  42|0x0000000745400000, 0x0000000745400000, 0x0000000745600000|  0%| F|  |TAMS 0x0000000745400000, 0x0000000745400000| Untracked 
|  43|0x0000000745600000, 0x0000000745600000, 0x0000000745800000|  0%| F|  |TAMS 0x0000000745600000, 0x0000000745600000| Untracked 
|  44|0x0000000745800000, 0x0000000745800000, 0x0000000745a00000|  0%| F|  |TAMS 0x0000000745800000, 0x0000000745800000| Untracked 
|  45|0x0000000745a00000, 0x0000000745a00000, 0x0000000745c00000|  0%| F|  |TAMS 0x0000000745a00000, 0x0000000745a00000| Untracked 
|  90|0x000000074b400000, 0x000000074b400000, 0x000000074b600000|  0%| F|  |TAMS 0x000000074b400000, 0x000000074b400000| Untracked 
|  91|0x000000074b600000, 0x000000074b600000, 0x000000074b800000|  0%| F|  |TAMS 0x000000074b600000, 0x000000074b600000| Untracked 
|  92|0x000000074b800000, 0x000000074b800000, 0x000000074ba00000|  0%| F|  |TAMS 0x000000074b800000, 0x000000074b800000| Untracked 
|  93|0x000000074ba00000, 0x000000074ba00000, 0x000000074bc00000|  0%| F|  |TAMS 0x000000074ba00000, 0x000000074ba00000| Untracked 
|  95|0x000000074be00000, 0x000000074be00000, 0x000000074c000000|  0%| F|  |TAMS 0x000000074be00000, 0x000000074be00000| Untracked 

Card table byte_map: [0x0000013bf80e0000,0x0000013bf86e0000] _byte_map_base: 0x0000013bf46e0000

Marking Bits (Prev, Next): (CMBitMap*) 0x0000013bf4348c50, (CMBitMap*) 0x0000013bf4348c10
 Prev Bits: [0x0000013bfbce0000, 0x0000013bfece0000)
 Next Bits: [0x0000013bf8ce0000, 0x0000013bfbce0000)

Polling page: 0x0000013bf2290000

Metaspace:

Usage:
  Non-class:     52.85 MB used.
      Class:      7.17 MB used.
       Both:     60.01 MB used.

Virtual space:
  Non-class space:       56.00 MB reserved,      53.00 MB ( 95%) committed,  7 nodes.
      Class space:        1.00 GB reserved,       7.31 MB ( <1%) committed,  1 nodes.
             Both:        1.05 GB reserved,      60.31 MB (  6%) committed. 

Chunk freelists:
   Non-Class:  2.66 MB
       Class:  579.00 KB
        Both:  3.22 MB

MaxMetaspaceSize: unlimited
CompressedClassSpaceSize: 1.00 GB
Initial GC threshold: 21.00 MB
Current GC threshold: 84.69 MB
CDS: off
MetaspaceReclaimPolicy: balanced
 - commit_granule_bytes: 65536.
 - commit_granule_words: 8192.
 - virtual_space_node_default_size: 1048576.
 - enlarge_chunks_in_place: 1.
 - new_chunks_are_fully_committed: 0.
 - uncommit_free_chunks: 1.
 - use_allocation_guard: 0.
 - handle_deallocations: 1.


Internal statistics:

num_allocs_failed_limit: 6.
num_arena_births: 266.
num_arena_deaths: 0.
num_vsnodes_births: 8.
num_vsnodes_deaths: 0.
num_space_committed: 963.
num_space_uncommitted: 0.
num_chunks_returned_to_freelist: 6.
num_chunks_taken_from_freelist: 2090.
num_chunk_merges: 6.
num_chunk_splits: 1695.
num_chunks_enlarged: 1502.
num_purges: 0.
num_inconsistent_stats: 0.

CodeHeap 'non-profiled nmethods': size=120000Kb used=2807Kb max_used=3056Kb free=117192Kb
 bounds [0x0000013b87ad0000, 0x0000013b87dd0000, 0x0000013b8f000000]
CodeHeap 'profiled nmethods': size=120000Kb used=12190Kb max_used=14187Kb free=107809Kb
 bounds [0x0000013b80000000, 0x0000013b80de0000, 0x0000013b87530000]
CodeHeap 'non-nmethods': size=5760Kb used=1324Kb max_used=1376Kb free=4435Kb
 bounds [0x0000013b87530000, 0x0000013b877a0000, 0x0000013b87ad0000]
 total_blobs=6410 nmethods=5780 adapters=540
 compilation: enabled
              stopped_count=0, restarted_count=0
 full_count=0

Compilation events (20 events):
Event: 6.798 Thread 0x0000013b9186efb0 6623       4       org.jetbrains.kotlin.load.java.lazy.descriptors.JvmPackageScope::getContributedClassifier (142 bytes)
Event: 6.799 Thread 0x0000013b9186f8b0 6636       3       org.jetbrains.kotlin.resolve.calls.smartcasts.DataFlowValue::getKind (10 bytes)
Event: 6.799 Thread 0x0000013b9186f8b0 nmethod 6636 0x0000013b8054ea90 code [0x0000013b8054ec40, 0x0000013b8054ee28]
Event: 6.799 Thread 0x0000013b9186f8b0 6637       3       org.jetbrains.kotlin.resolve.calls.inference.DescriptorRelatedInferenceUtilsKt::addSubsystemFromArgument (104 bytes)
Event: 6.800 Thread 0x0000013b9186f8b0 nmethod 6637 0x0000013b80028390 code [0x0000013b800286a0, 0x0000013b800299c8]
Event: 6.800 Thread 0x0000013b9186f8b0 6638       3       org.jetbrains.kotlin.load.kotlin.TypeMappingConfigurationImpl::getPredefinedInternalNameForClass (8 bytes)
Event: 6.801 Thread 0x0000013b9186f8b0 nmethod 6638 0x0000013b802d0f10 code [0x0000013b802d1120, 0x0000013b802d16b8]
Event: 6.801 Thread 0x0000013b9186f8b0 6640       3       org.jetbrains.kotlin.resolve.calls.util.PsiUtilsKt::getCalleeExpressionIfAny (104 bytes)
Event: 6.802 Thread 0x0000013b9186f8b0 nmethod 6640 0x0000013b80471490 code [0x0000013b80471740, 0x0000013b80472c08]
Event: 6.802 Thread 0x0000013b9186f8b0 6641       3       org.jetbrains.kotlin.types.checker.NewCapturedTypeKt::captureArguments (662 bytes)
Event: 6.803 Thread 0x0000013b93fce540 nmethod 6578 0x0000013b87ca2a90 code [0x0000013b87ca2c80, 0x0000013b87ca3b88]
Event: 6.803 Thread 0x0000013b93fce540 6617       4       org.jetbrains.kotlin.com.intellij.psi.impl.source.tree.CompositeElement::getPsi (46 bytes)
Event: 6.806 Thread 0x0000013b9186f8b0 nmethod 6641 0x0000013b80715f90 code [0x0000013b80716840, 0x0000013b8071c718]
Event: 6.807 Thread 0x0000013b9186f8b0 6648       2       org.jetbrains.kotlin.com.intellij.lang.LanguageExtension::forLanguage (48 bytes)
Event: 6.807 Thread 0x0000013b9186f8b0 nmethod 6648 0x0000013b80537710 code [0x0000013b805378e0, 0x0000013b80537b18]
Event: 6.807 Thread 0x0000013b9186f8b0 6645       3       org.jetbrains.kotlin.util.slicedMap.AbstractWritableSlice::getSlice (5 bytes)
Event: 6.807 Thread 0x0000013b9186f8b0 nmethod 6645 0x0000013b8084c210 code [0x0000013b8084c3a0, 0x0000013b8084c4b8]
Event: 6.807 Thread 0x0000013b9186f8b0 6646       3       org.jetbrains.kotlin.resolve.BindingContextUtils$$Lambda$313/0x0000000800703a18::invoke (18 bytes)
Event: 6.807 Thread 0x0000013b9186f8b0 nmethod 6646 0x0000013b800d7c10 code [0x0000013b800d7de0, 0x0000013b800d82b8]
Event: 6.807 Thread 0x0000013b9186f8b0 6647       3       org.jetbrains.kotlin.resolve.BindingContextUtils::lambda$addOwnDataTo$0 (27 bytes)

GC Heap History (20 events):
Event: 2.775 GC heap after
{Heap after GC invocations=8 (full 0):
 garbage-first heap   total 65536K, used 25234K [0x0000000740000000, 0x0000000800000000)
  region size 2048K, 1 young (2048K), 1 survivors (2048K)
 Metaspace       used 35741K, committed 35968K, reserved 1081344K
  class space    used 4548K, committed 4672K, reserved 1048576K
}
Event: 3.154 GC heap before
{Heap before GC invocations=9 (full 0):
 garbage-first heap   total 65536K, used 45714K [0x0000000740000000, 0x0000000800000000)
  region size 2048K, 11 young (22528K), 1 survivors (2048K)
 Metaspace       used 39780K, committed 40064K, reserved 1089536K
  class space    used 4998K, committed 5120K, reserved 1048576K
}
Event: 3.161 GC heap after
{Heap after GC invocations=10 (full 0):
 garbage-first heap   total 65536K, used 25589K [0x0000000740000000, 0x0000000800000000)
  region size 2048K, 2 young (4096K), 2 survivors (4096K)
 Metaspace       used 39780K, committed 40064K, reserved 1089536K
  class space    used 4998K, committed 5120K, reserved 1048576K
}
Event: 3.200 GC heap before
{Heap before GC invocations=10 (full 0):
 garbage-first heap   total 65536K, used 27637K [0x0000000740000000, 0x0000000800000000)
  region size 2048K, 3 young (6144K), 2 survivors (4096K)
 Metaspace       used 40159K, committed 40448K, reserved 1089536K
  class space    used 5050K, committed 5184K, reserved 1048576K
}
Event: 3.208 GC heap after
{Heap after GC invocations=11 (full 0):
 garbage-first heap   total 65536K, used 25188K [0x0000000740000000, 0x0000000800000000)
  region size 2048K, 1 young (2048K), 1 survivors (2048K)
 Metaspace       used 40159K, committed 40448K, reserved 1089536K
  class space    used 5050K, committed 5184K, reserved 1048576K
}
Event: 3.519 GC heap before
{Heap before GC invocations=11 (full 0):
 garbage-first heap   total 65536K, used 45668K [0x0000000740000000, 0x0000000800000000)
  region size 2048K, 11 young (22528K), 1 survivors (2048K)
 Metaspace       used 44218K, committed 44480K, reserved 1089536K
  class space    used 5393K, committed 5504K, reserved 1048576K
}
Event: 3.525 GC heap after
{Heap after GC invocations=12 (full 0):
 garbage-first heap   total 65536K, used 27758K [0x0000000740000000, 0x0000000800000000)
  region size 2048K, 2 young (4096K), 2 survivors (4096K)
 Metaspace       used 44218K, committed 44480K, reserved 1089536K
  class space    used 5393K, committed 5504K, reserved 1048576K
}
Event: 4.037 GC heap before
{Heap before GC invocations=12 (full 0):
 garbage-first heap   total 65536K, used 46190K [0x0000000740000000, 0x0000000800000000)
  region size 2048K, 11 young (22528K), 2 survivors (4096K)
 Metaspace       used 49038K, committed 49280K, reserved 1097728K
  class space    used 5909K, committed 6016K, reserved 1048576K
}
Event: 4.045 GC heap after
{Heap after GC invocations=13 (full 0):
 garbage-first heap   total 65536K, used 31379K [0x0000000740000000, 0x0000000800000000)
  region size 2048K, 2 young (4096K), 2 survivors (4096K)
 Metaspace       used 49038K, committed 49280K, reserved 1097728K
  class space    used 5909K, committed 6016K, reserved 1048576K
}
Event: 4.318 GC heap before
{Heap before GC invocations=13 (full 0):
 garbage-first heap   total 65536K, used 45715K [0x0000000740000000, 0x0000000800000000)
  region size 2048K, 9 young (18432K), 2 survivors (4096K)
 Metaspace       used 51549K, committed 51840K, reserved 1097728K
  class space    used 6221K, committed 6336K, reserved 1048576K
}
Event: 4.326 GC heap after
{Heap after GC invocations=14 (full 0):
 garbage-first heap   total 104448K, used 33947K [0x0000000740000000, 0x0000000800000000)
  region size 2048K, 2 young (4096K), 2 survivors (4096K)
 Metaspace       used 51549K, committed 51840K, reserved 1097728K
  class space    used 6221K, committed 6336K, reserved 1048576K
}
Event: 4.875 GC heap before
{Heap before GC invocations=15 (full 0):
 garbage-first heap   total 104448K, used 72859K [0x0000000740000000, 0x0000000800000000)
  region size 2048K, 22 young (45056K), 2 survivors (4096K)
 Metaspace       used 53749K, committed 54016K, reserved 1097728K
  class space    used 6479K, committed 6592K, reserved 1048576K
}
Event: 4.894 GC heap after
{Heap after GC invocations=16 (full 0):
 garbage-first heap   total 104448K, used 39092K [0x0000000740000000, 0x0000000800000000)
  region size 2048K, 3 young (6144K), 3 survivors (6144K)
 Metaspace       used 53749K, committed 54016K, reserved 1097728K
  class space    used 6479K, committed 6592K, reserved 1048576K
}
Event: 4.903 GC heap before
{Heap before GC invocations=16 (full 0):
 garbage-first heap   total 104448K, used 41140K [0x0000000740000000, 0x0000000800000000)
  region size 2048K, 4 young (8192K), 3 survivors (6144K)
 Metaspace       used 53750K, committed 54016K, reserved 1097728K
  class space    used 6479K, committed 6592K, reserved 1048576K
}
Event: 4.920 GC heap after
{Heap after GC invocations=17 (full 0):
 garbage-first heap   total 104448K, used 39789K [0x0000000740000000, 0x0000000800000000)
  region size 2048K, 1 young (2048K), 1 survivors (2048K)
 Metaspace       used 53750K, committed 54016K, reserved 1097728K
  class space    used 6479K, committed 6592K, reserved 1048576K
}
Event: 5.667 GC heap before
{Heap before GC invocations=17 (full 0):
 garbage-first heap   total 104448K, used 74605K [0x0000000740000000, 0x0000000800000000)
  region size 2048K, 18 young (36864K), 1 survivors (2048K)
 Metaspace       used 56121K, committed 56384K, reserved 1105920K
  class space    used 6684K, committed 6784K, reserved 1048576K
}
Event: 5.680 GC heap after
{Heap after GC invocations=18 (full 0):
 garbage-first heap   total 104448K, used 43550K [0x0000000740000000, 0x0000000800000000)
  region size 2048K, 3 young (6144K), 3 survivors (6144K)
 Metaspace       used 56121K, committed 56384K, reserved 1105920K
  class space    used 6684K, committed 6784K, reserved 1048576K
}
Event: 6.196 GC heap before
{Heap before GC invocations=18 (full 0):
 garbage-first heap   total 104448K, used 76318K [0x0000000740000000, 0x0000000800000000)
  region size 2048K, 19 young (38912K), 3 survivors (6144K)
 Metaspace       used 58239K, committed 58560K, reserved 1105920K
  class space    used 6898K, committed 7040K, reserved 1048576K
}
Event: 6.219 GC heap after
{Heap after GC invocations=19 (full 0):
 garbage-first heap   total 104448K, used 48289K [0x0000000740000000, 0x0000000800000000)
  region size 2048K, 3 young (6144K), 3 survivors (6144K)
 Metaspace       used 58239K, committed 58560K, reserved 1105920K
  class space    used 6898K, committed 7040K, reserved 1048576K
}
Event: 6.807 GC heap before
{Heap before GC invocations=19 (full 0):
 garbage-first heap   total 104448K, used 76961K [0x0000000740000000, 0x0000000800000000)
  region size 2048K, 17 young (34816K), 3 survivors (6144K)
 Metaspace       used 61453K, committed 61760K, reserved 1105920K
  class space    used 7337K, committed 7488K, reserved 1048576K
}

Dll operation events (2 events):
Event: 0.006 Loaded shared library C:\Program Files\Android\Android Studio\jbr\bin\java.dll
Event: 1.213 Loaded shared library C:\Program Files\Android\Android Studio\jbr\bin\verify.dll

Deoptimization events (20 events):
Event: 6.721 Thread 0x0000013bf42ed1d0 Uncommon trap: trap_request=0xffffffc6 fr.pc=0x0000013b87bb42d0 relative=0x0000000000000b10
Event: 6.721 Thread 0x0000013bf42ed1d0 Uncommon trap: reason=bimorphic_or_optimized_type_check action=maybe_recompile pc=0x0000013b87bb42d0 method=gnu.trove.TObjectHash.insertionIndex(Ljava/lang/Object;)I @ 75 c2
Event: 6.721 Thread 0x0000013bf42ed1d0 DEOPT PACKING pc=0x0000013b87bb42d0 sp=0x000000258a4f8900
Event: 6.721 Thread 0x0000013bf42ed1d0 DEOPT UNPACKING pc=0x0000013b875869a3 sp=0x000000258a4f88a8 mode 2
Event: 6.721 Thread 0x0000013bf42ed1d0 Uncommon trap: trap_request=0xffffffc6 fr.pc=0x0000013b87d82d88 relative=0x0000000000000348
Event: 6.721 Thread 0x0000013bf42ed1d0 Uncommon trap: reason=bimorphic_or_optimized_type_check action=maybe_recompile pc=0x0000013b87d82d88 method=gnu.trove.TObjectHash.index(Ljava/lang/Object;)I @ 64 c2
Event: 6.721 Thread 0x0000013bf42ed1d0 DEOPT PACKING pc=0x0000013b87d82d88 sp=0x000000258a4f8f40
Event: 6.721 Thread 0x0000013bf42ed1d0 DEOPT UNPACKING pc=0x0000013b875869a3 sp=0x000000258a4f8ec0 mode 2
Event: 6.758 Thread 0x0000013bf42ed1d0 Uncommon trap: trap_request=0xffffffc6 fr.pc=0x0000013b87d82d88 relative=0x0000000000000348
Event: 6.758 Thread 0x0000013bf42ed1d0 Uncommon trap: reason=bimorphic_or_optimized_type_check action=maybe_recompile pc=0x0000013b87d82d88 method=gnu.trove.TObjectHash.index(Ljava/lang/Object;)I @ 64 c2
Event: 6.758 Thread 0x0000013bf42ed1d0 DEOPT PACKING pc=0x0000013b87d82d88 sp=0x000000258a4f8c90
Event: 6.758 Thread 0x0000013bf42ed1d0 DEOPT UNPACKING pc=0x0000013b875869a3 sp=0x000000258a4f8c10 mode 2
Event: 6.758 Thread 0x0000013bf42ed1d0 Uncommon trap: trap_request=0xffffffc6 fr.pc=0x0000013b87d82d88 relative=0x0000000000000348
Event: 6.758 Thread 0x0000013bf42ed1d0 Uncommon trap: reason=bimorphic_or_optimized_type_check action=maybe_recompile pc=0x0000013b87d82d88 method=gnu.trove.TObjectHash.index(Ljava/lang/Object;)I @ 64 c2
Event: 6.758 Thread 0x0000013bf42ed1d0 DEOPT PACKING pc=0x0000013b87d82d88 sp=0x000000258a4f8ac0
Event: 6.758 Thread 0x0000013bf42ed1d0 DEOPT UNPACKING pc=0x0000013b875869a3 sp=0x000000258a4f8a40 mode 2
Event: 6.778 Thread 0x0000013bf42ed1d0 Uncommon trap: trap_request=0xffffffc6 fr.pc=0x0000013b87d82d88 relative=0x0000000000000348
Event: 6.778 Thread 0x0000013bf42ed1d0 Uncommon trap: reason=bimorphic_or_optimized_type_check action=maybe_recompile pc=0x0000013b87d82d88 method=gnu.trove.TObjectHash.index(Ljava/lang/Object;)I @ 64 c2
Event: 6.778 Thread 0x0000013bf42ed1d0 DEOPT PACKING pc=0x0000013b87d82d88 sp=0x000000258a4f7cf0
Event: 6.778 Thread 0x0000013bf42ed1d0 DEOPT UNPACKING pc=0x0000013b875869a3 sp=0x000000258a4f7c70 mode 2

Classes unloaded (0 events):
No events

Classes redefined (0 events):
No events

Internal exceptions (20 events):
Event: 2.990 Thread 0x0000013bf42ed1d0 Exception <a 'java/lang/NoSuchMethodError'{0x000000074343b7c8}: 'java.lang.Object java.lang.invoke.DirectMethodHandle$Holder.invokeVirtual(java.lang.Object, java.lang.Object, java.lang.Object)'> (0x000000074343b7c8) 
thrown [s\src\hotspot\share\interpreter\linkResolver.cpp, line 771]
Event: 3.735 Thread 0x0000013bf42ed1d0 Exception <a 'java/lang/NoSuchMethodError'{0x000000074b7d1580}: 'java.lang.Object java.lang.invoke.DirectMethodHandle$Holder.newInvokeSpecial(java.lang.Object, java.lang.Object, int)'> (0x000000074b7d1580) 
thrown [s\src\hotspot\share\interpreter\linkResolver.cpp, line 771]
Event: 4.082 Thread 0x0000013bf42ed1d0 Exception <a 'java/lang/NoSuchMethodError'{0x000000074bfba618}: 'java.lang.Object java.lang.invoke.DirectMethodHandle$Holder.newInvokeSpecial(java.lang.Object, java.lang.Object, java.lang.Object, int)'> (0x000000074bfba618) 
thrown [s\src\hotspot\share\interpreter\linkResolver.cpp, line 771]
Event: 4.082 Thread 0x0000013bf42ed1d0 Exception <a 'java/lang/NoSuchMethodError'{0x000000074bfbeee8}: 'java.lang.Object java.lang.invoke.DirectMethodHandle$Holder.invokeSpecial(java.lang.Object, java.lang.Object, java.lang.Object, java.lang.Object, int)'> (0x000000074bfbeee8) 
thrown [s\src\hotspot\share\interpreter\linkResolver.cpp, line 771]
Event: 4.082 Thread 0x0000013bf42ed1d0 Exception <a 'java/lang/NoSuchMethodError'{0x000000074bfc2d58}: 'java.lang.Object java.lang.invoke.Invokers$Holder.linkToTargetMethod(java.lang.Object, java.lang.Object, int, java.lang.Object)'> (0x000000074bfc2d58) 
thrown [s\src\hotspot\share\interpreter\linkResolver.cpp, line 771]
Event: 4.346 Thread 0x0000013bf42ed1d0 Exception <a 'java/lang/NoSuchMethodError'{0x000000074bed7400}: 'java.lang.Object java.lang.invoke.DirectMethodHandle$Holder.invokeInterface(java.lang.Object, java.lang.Object)'> (0x000000074bed7400) 
thrown [s\src\hotspot\share\interpreter\linkResolver.cpp, line 771]
Event: 5.190 Thread 0x0000013bf42ed1d0 Exception <a 'java/lang/NoSuchMethodError'{0x0000000745540440}: 'java.lang.Object java.lang.invoke.DirectMethodHandle$Holder.invokeStaticInit(java.lang.Object, java.lang.Object, java.lang.Object)'> (0x0000000745540440) 
thrown [s\src\hotspot\share\interpreter\linkResolver.cpp, line 771]
Event: 5.785 Thread 0x0000013bf42ed1d0 Implicit null exception at 0x0000013b87b16c74 to 0x0000013b87b16e60
Event: 5.785 Thread 0x0000013bf42ed1d0 Implicit null exception at 0x0000013b87b2bf8f to 0x0000013b87b2c009
Event: 5.900 Thread 0x0000013bf42ed1d0 Exception <a 'java/lang/NoSuchMethodError'{0x000000074565a478}: 'java.lang.Object java.lang.invoke.DirectMethodHandle$Holder.newInvokeSpecial(java.lang.Object, int, java.lang.Object)'> (0x000000074565a478) 
thrown [s\src\hotspot\share\interpreter\linkResolver.cpp, line 771]
Event: 5.900 Thread 0x0000013bf42ed1d0 Exception <a 'java/lang/NoSuchMethodError'{0x0000000745660ad8}: 'int java.lang.invoke.DirectMethodHandle$Holder.invokeInterface(java.lang.Object, java.lang.Object)'> (0x0000000745660ad8) 
thrown [s\src\hotspot\share\interpreter\linkResolver.cpp, line 771]
Event: 6.174 Thread 0x0000013bf42ed1d0 Exception <a 'java/lang/NoSuchMethodError'{0x00000007446fe1c0}: 'java.lang.Object java.lang.invoke.DirectMethodHandle$Holder.newInvokeSpecial(java.lang.Object, java.lang.Object, java.lang.Object, java.lang.Object, java.lang.Object, java.lang.Object)'> (0x00000007446fe1c0) 
thrown [s\src\hotspot\share\interpreter\linkResolver.cpp, line 771]
Event: 6.385 Thread 0x0000013bf42ed1d0 Implicit null exception at 0x0000013b87c4ff4c to 0x0000013b87c50034
Event: 6.433 Thread 0x0000013bf42ed1d0 Exception <a 'java/lang/NoSuchMethodError'{0x00000007457394e0}: 'java.lang.Object java.lang.invoke.DirectMethodHandle$Holder.newInvokeSpecial(java.lang.Object, java.lang.Object, java.lang.Object, java.lang.Object, java.lang.Object, java.lang.Object, java.lang.Object, java.lang.Object)'> (0x00000007457394e0) 
thrown [s\src\hotspot\share\interpreter\linkResolver.cpp, line 771]
Event: 6.435 Thread 0x0000013bf42ed1d0 Exception <a 'java/lang/NoSuchMethodError'{0x000000074573eaf8}: 'java.lang.Object java.lang.invoke.DirectMethodHandle$Holder.invokeSpecial(java.lang.Object, java.lang.Object, java.lang.Object, java.lang.Object, java.lang.Object, java.lang.Object, java.lang.Object, java.lang.Object, java.lang.Object)'> (0x000000074573eaf8) 
thrown [s\src\hotspot\share\interpreter\linkResolver.cpp, line 771]
Event: 6.435 Thread 0x0000013bf42ed1d0 Exception <a 'java/lang/NoSuchMethodError'{0x0000000745743a28}: 'java.lang.Object java.lang.invoke.Invokers$Holder.linkToTargetMethod(java.lang.Object, java.lang.Object, java.lang.Object, java.lang.Object, java.lang.Object, java.lang.Object, java.lang.Object, java.lang.Object)'> (0x0000000745743a28) 
thrown [s\src\hotspot\share\interpreter\linkResolver.cpp, line 771]
Event: 6.743 Thread 0x0000013bf42ed1d0 Exception <a 'java/lang/NoSuchMethodError'{0x0000000744d7dcc8}: 'java.lang.Object java.lang.invoke.DirectMethodHandle$Holder.invokeStatic(java.lang.Object, java.lang.Object, java.lang.Object, java.lang.Object, int)'> (0x0000000744d7dcc8) 
thrown [s\src\hotspot\share\interpreter\linkResolver.cpp, line 771]
Event: 6.743 Thread 0x0000013bf42ed1d0 Exception <a 'java/lang/NoSuchMethodError'{0x0000000744d878b8}: 'java.lang.Object java.lang.invoke.DirectMethodHandle$Holder.newInvokeSpecial(java.lang.Object, java.lang.Object, java.lang.Object, java.lang.Object, int)'> (0x0000000744d878b8) 
thrown [s\src\hotspot\share\interpreter\linkResolver.cpp, line 771]
Event: 6.744 Thread 0x0000013bf42ed1d0 Exception <a 'java/lang/NoSuchMethodError'{0x0000000744d8c690}: 'java.lang.Object java.lang.invoke.DirectMethodHandle$Holder.invokeSpecial(java.lang.Object, java.lang.Object, java.lang.Object, java.lang.Object, java.lang.Object, int)'> (0x0000000744d8c690) 
thrown [s\src\hotspot\share\interpreter\linkResolver.cpp, line 771]
Event: 6.744 Thread 0x0000013bf42ed1d0 Exception <a 'java/lang/NoSuchMethodError'{0x0000000744d90b70}: 'java.lang.Object java.lang.invoke.Invokers$Holder.linkToTargetMethod(java.lang.Object, java.lang.Object, java.lang.Object, int, java.lang.Object)'> (0x0000000744d90b70) 
thrown [s\src\hotspot\share\interpreter\linkResolver.cpp, line 771]

VM Operations (20 events):
Event: 6.512 Executing VM operation: HandshakeAllThreads done
Event: 6.512 Executing VM operation: HandshakeAllThreads
Event: 6.512 Executing VM operation: HandshakeAllThreads done
Event: 6.528 Executing VM operation: HandshakeAllThreads
Event: 6.528 Executing VM operation: HandshakeAllThreads done
Event: 6.545 Executing VM operation: HandshakeAllThreads
Event: 6.545 Executing VM operation: HandshakeAllThreads done
Event: 6.601 Executing VM operation: ICBufferFull
Event: 6.602 Executing VM operation: ICBufferFull done
Event: 6.716 Executing VM operation: HandshakeAllThreads
Event: 6.716 Executing VM operation: HandshakeAllThreads done
Event: 6.726 Executing VM operation: HandshakeAllThreads
Event: 6.726 Executing VM operation: HandshakeAllThreads done
Event: 6.735 Executing VM operation: HandshakeAllThreads
Event: 6.735 Executing VM operation: HandshakeAllThreads done
Event: 6.762 Executing VM operation: HandshakeAllThreads
Event: 6.762 Executing VM operation: HandshakeAllThreads done
Event: 6.783 Executing VM operation: ICBufferFull
Event: 6.784 Executing VM operation: ICBufferFull done
Event: 6.807 Executing VM operation: G1CollectForAllocation

Events (20 events):
Event: 6.554 Thread 0x0000013b91894050 flushing nmethod 0x0000013b80a78790
Event: 6.554 Thread 0x0000013b91894050 flushing nmethod 0x0000013b80a7b610
Event: 6.554 Thread 0x0000013b91894050 flushing nmethod 0x0000013b80a7d310
Event: 6.554 Thread 0x0000013b91894050 flushing nmethod 0x0000013b80a82090
Event: 6.554 Thread 0x0000013b91894050 flushing nmethod 0x0000013b80a99690
Event: 6.555 Thread 0x0000013b91894050 flushing nmethod 0x0000013b80abd490
Event: 6.555 Thread 0x0000013b91894050 flushing nmethod 0x0000013b80b01710
Event: 6.555 Thread 0x0000013b91894050 flushing nmethod 0x0000013b80b49c10
Event: 6.555 Thread 0x0000013b91894050 flushing nmethod 0x0000013b80bb8a10
Event: 6.555 Thread 0x0000013b91894050 flushing nmethod 0x0000013b80bb9890
Event: 6.555 Thread 0x0000013b91894050 flushing nmethod 0x0000013b80bc0c90
Event: 6.555 Thread 0x0000013b91894050 flushing nmethod 0x0000013b80bd9d90
Event: 6.556 Thread 0x0000013b91894050 flushing nmethod 0x0000013b80c37e10
Event: 6.556 Thread 0x0000013b91894050 flushing nmethod 0x0000013b80c51f90
Event: 6.556 Thread 0x0000013b91894050 flushing nmethod 0x0000013b80cd0a90
Event: 6.556 Thread 0x0000013b91894050 flushing nmethod 0x0000013b80ce2690
Event: 6.557 Thread 0x0000013b91894050 flushing nmethod 0x0000013b80d36010
Event: 6.557 Thread 0x0000013b91894050 flushing nmethod 0x0000013b80d39690
Event: 6.746 loading class java/util/function/ToIntFunction
Event: 6.746 loading class java/util/function/ToIntFunction done


Dynamic libraries:
0x00007ff7fdf40000 - 0x00007ff7fdf4a000 	C:\Program Files\Android\Android Studio\jbr\bin\java.exe
0x00007ffabc780000 - 0x00007ffabc96d000 	C:\Windows\SYSTEM32\ntdll.dll
0x00007ffab9be0000 - 0x00007ffab9c93000 	C:\Windows\System32\KERNEL32.DLL
0x00007ffab8a50000 - 0x00007ffab8ce3000 	C:\Windows\System32\KERNELBASE.dll
0x00007ffab96d0000 - 0x00007ffab97cc000 	C:\Windows\System32\ucrtbase.dll
0x00007ffab4db0000 - 0x00007ffab4dc7000 	C:\Program Files\Android\Android Studio\jbr\bin\jli.dll
0x00007ffaae730000 - 0x00007ffaae74b000 	C:\Program Files\Android\Android Studio\jbr\bin\VCRUNTIME140.dll
0x00007ffabc280000 - 0x00007ffabc417000 	C:\Windows\System32\USER32.dll
0x00007ffab8f40000 - 0x00007ffab8f60000 	C:\Windows\System32\win32u.dll
0x00007ffaa8700000 - 0x00007ffaa8979000 	C:\Windows\WinSxS\amd64_microsoft.windows.common-controls_6595b64144ccf1df_6.0.17763.134_none_05b3373a07211a5c\COMCTL32.dll
0x00007ffab9f40000 - 0x00007ffab9f69000 	C:\Windows\System32\GDI32.dll
0x00007ffab9b40000 - 0x00007ffab9bde000 	C:\Windows\System32\msvcrt.dll
0x00007ffabc420000 - 0x00007ffabc74d000 	C:\Windows\System32\combase.dll
0x00007ffab8cf0000 - 0x00007ffab8e8a000 	C:\Windows\System32\gdi32full.dll
0x00007ffaba810000 - 0x00007ffaba933000 	C:\Windows\System32\RPCRT4.dll
0x00007ffab8850000 - 0x00007ffab88f0000 	C:\Windows\System32\msvcp_win.dll
0x00007ffab8920000 - 0x00007ffab899e000 	C:\Windows\System32\bcryptPrimitives.dll
0x00007ffaba7e0000 - 0x00007ffaba80e000 	C:\Windows\System32\IMM32.DLL
0x00007ffa97540000 - 0x00007ffa9754c000 	C:\Program Files\Android\Android Studio\jbr\bin\vcruntime140_1.dll
0x00007ffa91db0000 - 0x00007ffa91e3d000 	C:\Program Files\Android\Android Studio\jbr\bin\msvcp140.dll
0x00007ffa97e40000 - 0x00007ffa98aae000 	C:\Program Files\Android\Android Studio\jbr\bin\server\jvm.dll
0x00007ffabc0c0000 - 0x00007ffabc163000 	C:\Windows\System32\ADVAPI32.dll
0x00007ffab9d30000 - 0x00007ffab9dce000 	C:\Windows\System32\sechost.dll
0x00007ffaa7ea0000 - 0x00007ffaa7ea9000 	C:\Windows\SYSTEM32\WSOCK32.dll
0x00007ffab6220000 - 0x00007ffab6244000 	C:\Windows\SYSTEM32\WINMM.dll
0x00007ffab2360000 - 0x00007ffab236a000 	C:\Windows\SYSTEM32\VERSION.dll
0x00007ffab9a40000 - 0x00007ffab9aad000 	C:\Windows\System32\WS2_32.dll
0x00007ffab61f0000 - 0x00007ffab621d000 	C:\Windows\SYSTEM32\WINMMBASE.dll
0x00007ffab8a00000 - 0x00007ffab8a4a000 	C:\Windows\System32\cfgmgr32.dll
0x00007ffab87e0000 - 0x00007ffab87f1000 	C:\Windows\System32\kernel.appcore.dll
0x00007ffab4e70000 - 0x00007ffab4e7a000 	C:\Program Files\Android\Android Studio\jbr\bin\jimage.dll
0x00007ffaa7ba0000 - 0x00007ffaa7d8d000 	C:\Windows\SYSTEM32\DBGHELP.DLL
0x00007ffa9dcd0000 - 0x00007ffa9dcfa000 	C:\Windows\SYSTEM32\dbgcore.DLL
0x00007ffaa6f30000 - 0x00007ffaa6f55000 	C:\Program Files\Android\Android Studio\jbr\bin\java.dll
0x00007ffab2010000 - 0x00007ffab2028000 	C:\Program Files\Android\Android Studio\jbr\bin\zip.dll
0x00007ffababd0000 - 0x00007ffabc0bf000 	C:\Windows\System32\SHELL32.dll
0x00007ffaba0a0000 - 0x00007ffaba148000 	C:\Windows\System32\shcore.dll
0x00007ffab8f60000 - 0x00007ffab96a8000 	C:\Windows\System32\windows.storage.dll
0x00007ffab8820000 - 0x00007ffab8844000 	C:\Windows\System32\profapi.dll
0x00007ffab8780000 - 0x00007ffab87dd000 	C:\Windows\System32\powrprof.dll
0x00007ffabc170000 - 0x00007ffabc1c2000 	C:\Windows\System32\shlwapi.dll
0x00007ffab96b0000 - 0x00007ffab96c7000 	C:\Windows\System32\cryptsp.dll
0x00007ffaafa90000 - 0x00007ffaafaa9000 	C:\Program Files\Android\Android Studio\jbr\bin\net.dll
0x00007ffab2630000 - 0x00007ffab2721000 	C:\Windows\SYSTEM32\WINHTTP.dll
0x00007ffab8010000 - 0x00007ffab8077000 	C:\Windows\system32\mswsock.dll
0x00007ffaa7060000 - 0x00007ffaa7076000 	C:\Program Files\Android\Android Studio\jbr\bin\nio.dll
0x00007ffaaeaf0000 - 0x00007ffaaeb00000 	C:\Program Files\Android\Android Studio\jbr\bin\verify.dll

dbghelp: loaded successfully - version: 4.0.5 - missing functions: none
symbol engine: initialized successfully - sym options: 0x614 - pdb path: .;C:\Program Files\Android\Android Studio\jbr\bin;C:\Windows\SYSTEM32;C:\Windows\WinSxS\amd64_microsoft.windows.common-controls_6595b64144ccf1df_6.0.17763.134_none_05b3373a07211a5c;C:\Program Files\Android\Android Studio\jbr\bin\server

VM Arguments:
java_command: org.jetbrains.kotlin.cli.jvm.K2JVMCompiler @E:\AndroidStudioProject\CryptoApp\app\build\20231206_15196540197888357694.compiler.options
java_class_path (initial): C:\Users\Alexx\.gradle\caches\modules-2\files-2.1\org.jetbrains.kotlin\kotlin-compiler-embeddable\1.8.0\eb9118d4bcceaa2a94b2ae2a33a4ddba7c9a947f\kotlin-compiler-embeddable-1.8.0.jar;C:\Users\Alexx\.gradle\caches\modules-2\files-2.1\org.jetbrains.kotlin\kotlin-stdlib\1.8.0\1796921c7a3e2e2665a83e6c8d33399336cd39bc\kotlin-stdlib-1.8.0.jar;C:\Users\Alexx\.gradle\caches\modules-2\files-2.1\org.jetbrains.kotlin\kotlin-script-runtime\1.8.0\b2f7e760d283cb339974851c222a4c1d48f2d3d\kotlin-script-runtime-1.8.0.jar;C:\Users\Alexx\.gradle\caches\modules-2\files-2.1\org.jetbrains.kotlin\kotlin-reflect\1.6.10\1cbe9c92c12a94eea200d23c2bbaedaf3daf5132\kotlin-reflect-1.6.10.jar;C:\Users\Alexx\.gradle\caches\modules-2\files-2.1\org.jetbrains.kotlin\kotlin-daemon-embeddable\1.8.0\d255216c551685dc3a7e852b53617f5f01aaaa5c\kotlin-daemon-embeddable-1.8.0.jar;C:\Users\Alexx\.gradle\caches\modules-2\files-2.1\org.jetbrains.intellij.deps\trove4j\1.0.20200330\3afb14d5f9ceb459d724e907a21145e8ff394f02\trove4j-1.0.20200330.jar;C:\Users\Alexx\.gradle\caches\modules-2\files-2.1\net.java.dev.jna\jna\5.6.0\330f2244e9030119ab3030fc3fededc86713d9cc\jna-5.6.0.jar;C:\Users\Alexx\.gradle\caches\modules-2\files-2.1\org.jetbrains.kotlin\kotlin-stdlib-common\1.8.0\f7197e7cc76453ac59f8b0f8d5137cc600becd36\kotlin-stdlib-common-1.8.0.jar;C:\Users\Alexx\.gradle\caches\modules-2\files-2.1\org.jetbrains\annotations\13.0\919f0dfe192fb4e063e7dacadee7f8bb9a2672a9\annotations-13.0.jar
Launcher Type: SUN_STANDARD

[Global flags]
     intx CICompilerCount                          = 4                                         {product} {ergonomic}
     uint ConcGCThreads                            = 2                                         {product} {ergonomic}
     uint G1ConcRefinementThreads                  = 8                                         {product} {ergonomic}
   size_t G1HeapRegionSize                         = 2097152                                   {product} {ergonomic}
    uintx GCDrainStackTargetSize                   = 64                                        {product} {ergonomic}
   size_t InitialHeapSize                          = 201326592                                 {product} {ergonomic}
   size_t MarkStackSize                            = 4194304                                   {product} {ergonomic}
   size_t MaxHeapSize                              = 3221225472                                {product} {ergonomic}
   size_t MaxNewSize                               = 1931476992                                {product} {ergonomic}
   size_t MinHeapDeltaBytes                        = 2097152                                   {product} {ergonomic}
   size_t MinHeapSize                              = 8388608                                   {product} {ergonomic}
    uintx NonNMethodCodeHeapSize                   = 5839372                                {pd product} {ergonomic}
    uintx NonProfiledCodeHeapSize                  = 122909434                              {pd product} {ergonomic}
    uintx ProfiledCodeHeapSize                     = 122909434                              {pd product} {ergonomic}
    uintx ReservedCodeCacheSize                    = 251658240                              {pd product} {ergonomic}
     bool SegmentedCodeCache                       = true                                      {product} {ergonomic}
   size_t SoftMaxHeapSize                          = 3221225472                             {manageable} {ergonomic}
     bool UseCompressedClassPointers               = true                           {product lp64_product} {ergonomic}
     bool UseCompressedOops                        = true                           {product lp64_product} {ergonomic}
     bool UseG1GC                                  = true                                      {product} {ergonomic}
     bool UseLargePagesIndividualAllocation        = false                                  {pd product} {ergonomic}

Logging:
Log output configuration:
 #0: stdout all=warning uptime,level,tags
 #1: stderr all=off uptime,level,tags

Environment Variables:
PATH=C:\ProgramData\Oracle\Java\javapath;C:\Program Files (x86)\Python38-32\Scripts\;C:\Program Files (x86)\Python38-32\;C:\Windows\system32;C:\Windows;C:\Windows\System32\Wbem;C:\Windows\System32\WindowsPowerShell\v1.0\;C:\Program Files (x86)\Common Files\Acronis\SnapAPI\;C:\Program Files (x86)\dotnet\;C:\Program Files\PuTTY\;C:\Program Files\Git\cmd;C:\Users\Alexx\AppData\Local\Microsoft\WindowsApps;C:\Program Files (x86)\Nmap
USERNAME=Alexx
OS=Windows_NT
PROCESSOR_IDENTIFIER=AMD64 Family 21 Model 2 Stepping 0, AuthenticAMD
TMP=C:\Temp
TEMP=C:\Temp


JNI global refs:
JNI global refs: 13, weak refs: 13

JNI global refs memory usage: 843, weak refs: 841


---------------  S Y S T E M  ---------------

OS:
 Windows 10 , 64 bit Build 17763 (10.0.17763.1)
OS uptime: 0 days 2:48 hours

CPU: total 8 (initial active 8) (8 cores per cpu, 1 threads per core) family 21 model 2 stepping 0 microcode 0x0, cx8, cmov, fxsr, mmx, 3dnowpref, sse, sse2, sse3, ssse3, sse4a, sse4.1, sse4.2, popcnt, lzcnt, tsc, tscinvbit, avx, aes, clmul, bmi1, fma, vzeroupper, clflush

Memory: 4k page, system-wide physical 12285M (2908M free)
TotalPageFile size 12541M (AvailPageFile size 48M)
current process WorkingSet (physical memory assigned to process): 283M, peak: 289M
current process commit charge ("private bytes"): 323M, peak: 413M

vm_info: OpenJDK 64-Bit Server VM (17.0.6+0-b2043.56-10027231) for windows-amd64 JRE (17.0.6+0-b2043.56-10027231), built on Apr 28 2023 00:43:19 by "androidbuild" with MS VC++ 16.10 / 16.11 (VS2019)

END.
