#
# There is insufficient memory for the Java Runtime Environment to continue.
# Native memory allocation (mmap) failed to map 88080384 bytes for G1 virtual space
# Possible reasons:
#   The system is out of physical RAM or swap space
#   The process is running with CompressedOops enabled, and the Java Heap may be blocking the growth of the native heap
# Possible solutions:
#   Reduce memory load on the system
#   Increase physical memory or swap space
#   Check if swap backing store is full
#   Decrease Java heap size (-Xmx/-Xms)
#   Decrease number of Java threads
#   Decrease Java thread stack sizes (-Xss)
#   Set larger code cache with -XX:ReservedCodeCacheSize=
#   JVM is running with Zero Based Compressed Oops mode in which the Java heap is
#     placed in the first 32GB address space. The Java Heap base address is the
#     maximum limit for the native heap growth. Please use -XX:HeapBaseMinAddress
#     to set the Java Heap base and to place the Java Heap above 32GB virtual address.
# This output file may be truncated or incomplete.
#
#  Out of Memory Error (os_windows.cpp:3769), pid=7992, tid=9392
#
# JRE version: OpenJDK Runtime Environment (17.0.6) (build 17.0.6+0-b2043.56-10027231)
# Java VM: OpenJDK 64-Bit Server VM (17.0.6+0-b2043.56-10027231, mixed mode, tiered, compressed oops, compressed class ptrs, g1 gc, windows-amd64)
# No core dump will be written. Minidumps are not enabled by default on client versions of Windows
#

---------------  S U M M A R Y ------------

Command Line: org.jetbrains.kotlin.cli.jvm.K2JVMCompiler @E:\AndroidStudioProject\CryptoApp\app\build\20231206_13987867190077952589.compiler.options

Host: AMD FX-8320E Eight-Core Processor              , 8 cores, 11G,  Windows 10 , 64 bit Build 17763 (10.0.17763.1)
Time: Wed Dec  6 12:53:12 2023 RTZ 2 (зима) elapsed time: 7.021670 seconds (0d 0h 0m 7s)

---------------  T H R E A D  ---------------

Current thread (0x000002b5826413b0):  VMThread "VM Thread" [stack: 0x000000ba0da00000,0x000000ba0db00000] [id=9392]

Stack: [0x000000ba0da00000,0x000000ba0db00000]
Native frames: (J=compiled Java code, j=interpreted, Vv=VM code, C=native code)
V  [jvm.dll+0x683c9a]
V  [jvm.dll+0x8427a4]
V  [jvm.dll+0x843f9e]
V  [jvm.dll+0x844603]
V  [jvm.dll+0x249b75]
V  [jvm.dll+0x680b69]
V  [jvm.dll+0x67505a]
V  [jvm.dll+0x309acb]
V  [jvm.dll+0x310f86]
V  [jvm.dll+0x3608ee]
V  [jvm.dll+0x360b1f]
V  [jvm.dll+0x2dfbf8]
V  [jvm.dll+0x2ddec4]
V  [jvm.dll+0x2dd4cc]
V  [jvm.dll+0x321f3b]
V  [jvm.dll+0x848ccb]
V  [jvm.dll+0x849a04]
V  [jvm.dll+0x849f1d]
V  [jvm.dll+0x84a2f4]
V  [jvm.dll+0x84a3c0]
V  [jvm.dll+0x7f274a]
V  [jvm.dll+0x682ad5]
C  [ucrtbase.dll+0x203ba]
C  [KERNEL32.DLL+0x17e94]
C  [ntdll.dll+0x67ad1]

VM_Operation (0x000000ba0d4fd2e0): G1CollectForAllocation, mode: safepoint, requested by thread 0x000002b5e61a3430


---------------  P R O C E S S  ---------------

Threads class SMR info:
_java_thread_list=0x000002b5866d52c0, length=14, elements={
0x000002b5e61a3430, 0x000002b583062260, 0x000002b583062fe0, 0x000002b582649fb0,
0x000002b58264d4a0, 0x000002b58264dd60, 0x000002b58264e620, 0x000002b58309bd00,
0x000002b5830b6020, 0x000002b5830b9110, 0x000002b583209bc0, 0x000002b583216080,
0x000002b584cfced0, 0x000002b586588f30
}

Java Threads: ( => current thread )
  0x000002b5e61a3430 JavaThread "main" [_thread_blocked, id=5608, stack(0x000000ba0d400000,0x000000ba0d500000)]
  0x000002b583062260 JavaThread "Reference Handler" daemon [_thread_blocked, id=9640, stack(0x000000ba0db00000,0x000000ba0dc00000)]
  0x000002b583062fe0 JavaThread "Finalizer" daemon [_thread_blocked, id=8972, stack(0x000000ba0dc00000,0x000000ba0dd00000)]
  0x000002b582649fb0 JavaThread "Signal Dispatcher" daemon [_thread_blocked, id=10112, stack(0x000000ba0dd00000,0x000000ba0de00000)]
  0x000002b58264d4a0 JavaThread "Attach Listener" daemon [_thread_blocked, id=7612, stack(0x000000ba0de00000,0x000000ba0df00000)]
  0x000002b58264dd60 JavaThread "Service Thread" daemon [_thread_blocked, id=8348, stack(0x000000ba0df00000,0x000000ba0e000000)]
  0x000002b58264e620 JavaThread "Monitor Deflation Thread" daemon [_thread_blocked, id=9332, stack(0x000000ba0e000000,0x000000ba0e100000)]
  0x000002b58309bd00 JavaThread "C2 CompilerThread0" daemon [_thread_blocked, id=9644, stack(0x000000ba0e100000,0x000000ba0e200000)]
  0x000002b5830b6020 JavaThread "C1 CompilerThread0" daemon [_thread_blocked, id=6772, stack(0x000000ba0e200000,0x000000ba0e300000)]
  0x000002b5830b9110 JavaThread "Sweeper thread" daemon [_thread_blocked, id=8284, stack(0x000000ba0e300000,0x000000ba0e400000)]
  0x000002b583209bc0 JavaThread "Notification Thread" daemon [_thread_blocked, id=3232, stack(0x000000ba0e400000,0x000000ba0e500000)]
  0x000002b583216080 JavaThread "Common-Cleaner" daemon [_thread_blocked, id=8252, stack(0x000000ba0e600000,0x000000ba0e700000)]
  0x000002b584cfced0 JavaThread "C2 CompilerThread1" daemon [_thread_in_native, id=7652, stack(0x000000ba0e700000,0x000000ba0e800000)]
  0x000002b586588f30 JavaThread "C2 CompilerThread2" daemon [_thread_blocked, id=7628, stack(0x000000ba0f000000,0x000000ba0f100000)]

Other Threads:
=>0x000002b5826413b0 VMThread "VM Thread" [stack: 0x000000ba0da00000,0x000000ba0db00000] [id=9392]
  0x000002b58320a8b0 WatcherThread [stack: 0x000000ba0e500000,0x000000ba0e600000] [id=8828]
  0x000002b5e61fd670 GCTaskThread "GC Thread#0" [stack: 0x000000ba0d500000,0x000000ba0d600000] [id=9864]
  0x000002b58361a100 GCTaskThread "GC Thread#1" [stack: 0x000000ba0e800000,0x000000ba0e900000] [id=10180]
  0x000002b583771ec0 GCTaskThread "GC Thread#2" [stack: 0x000000ba0e900000,0x000000ba0ea00000] [id=3304]
  0x000002b583772170 GCTaskThread "GC Thread#3" [stack: 0x000000ba0ea00000,0x000000ba0eb00000] [id=528]
  0x000002b583772ee0 GCTaskThread "GC Thread#4" [stack: 0x000000ba0eb00000,0x000000ba0ec00000] [id=9908]
  0x000002b5844be8f0 GCTaskThread "GC Thread#5" [stack: 0x000000ba0ec00000,0x000000ba0ed00000] [id=8908]
  0x000002b5846c8040 GCTaskThread "GC Thread#6" [stack: 0x000000ba0ed00000,0x000000ba0ee00000] [id=5960]
  0x000002b58480d6d0 GCTaskThread "GC Thread#7" [stack: 0x000000ba0ee00000,0x000000ba0ef00000] [id=1476]
  0x000002b5e620b4d0 ConcurrentGCThread "G1 Main Marker" [stack: 0x000000ba0d600000,0x000000ba0d700000] [id=9540]
  0x000002b5e620c9b0 ConcurrentGCThread "G1 Conc#0" [stack: 0x000000ba0d700000,0x000000ba0d800000] [id=3568]
  0x000002b584770e40 ConcurrentGCThread "G1 Conc#1" [stack: 0x000000ba0ef00000,0x000000ba0f000000] [id=7608]
  0x000002b5e625e810 ConcurrentGCThread "G1 Refine#0" [stack: 0x000000ba0d800000,0x000000ba0d900000] [id=5088]
  0x000002b5824d8440 ConcurrentGCThread "G1 Service" [stack: 0x000000ba0d900000,0x000000ba0da00000] [id=8668]

Threads with active compile tasks:
C2 CompilerThread0     7040 6910       4       org.jetbrains.kotlin.load.java.structure.impl.classFiles.BinaryJavaMethodBase$Companion::create (572 bytes)
C1 CompilerThread0     7040 6968       3       org.jetbrains.kotlin.types.TypeSubstitutor::substituteCompoundType (146 bytes)
C2 CompilerThread1     7040 6592       4       org.jetbrains.org.objectweb.asm.ClassReader::readMethod (1061 bytes)
C2 CompilerThread2     7040 6911       4       org.jetbrains.kotlin.load.java.structure.impl.classFiles.BinaryJavaMethodBase$Companion::parseMethodDescription (147 bytes)

VM state: at safepoint (normal execution)

VM Mutex/Monitor currently owned by a thread:  ([mutex/lock_event])
[0x000002b5e619f370] Threads_lock - owner thread: 0x000002b5826413b0
[0x000002b5e619ec20] Heap_lock - owner thread: 0x000002b5e61a3430

Heap address: 0x0000000740000000, size: 3072 MB, Compressed Oops mode: Zero based, Oop shift amount: 3

CDS archive(s) not mapped
Compressed class space mapped at: 0x0000000800000000-0x0000000840000000, reserved size: 1073741824
Narrow klass base: 0x0000000800000000, Narrow klass shift: 0, Narrow klass range: 0x40000000

GC Precious Log:
 CPUs: 8 total, 8 available
 Memory: 12285M
 Large Page Support: Disabled
 NUMA Support: Disabled
 Compressed Oops: Enabled (Zero based)
 Heap Region Size: 2M
 Heap Min Capacity: 8M
 Heap Initial Capacity: 192M
 Heap Max Capacity: 3G
 Pre-touch: Disabled
 Parallel Workers: 8
 Concurrent Workers: 2
 Concurrent Refinement Workers: 8
 Periodic GC: Disabled

Heap:
 garbage-first heap   total 108544K, used 54547K [0x0000000740000000, 0x0000000800000000)
  region size 2048K, 2 young (4096K), 2 survivors (4096K)
 Metaspace       used 62177K, committed 62592K, reserved 1105920K
  class space    used 7416K, committed 7616K, reserved 1048576K

Heap Regions: E=young(eden), S=young(survivor), O=old, HS=humongous(starts), HC=humongous(continues), CS=collection set, F=free, OA=open archive, CA=closed archive, TAMS=top-at-mark-start (previous, next)
|   0|0x0000000740000000, 0x0000000740200000, 0x0000000740200000|100%|HS|  |TAMS 0x0000000740200000, 0x0000000740000000| Complete 
|   1|0x0000000740200000, 0x0000000740400000, 0x0000000740400000|100%|HC|  |TAMS 0x0000000740400000, 0x0000000740200000| Complete 
|   2|0x0000000740400000, 0x0000000740600000, 0x0000000740600000|100%|HS|  |TAMS 0x0000000740600000, 0x0000000740400000| Complete 
|   3|0x0000000740600000, 0x0000000740800000, 0x0000000740800000|100%|HC|  |TAMS 0x0000000740800000, 0x0000000740600000| Complete 
|   4|0x0000000740800000, 0x0000000740a00000, 0x0000000740a00000|100%| O|  |TAMS 0x0000000740a00000, 0x0000000740800000| Untracked 
|   5|0x0000000740a00000, 0x0000000740c00000, 0x0000000740c00000|100%| O|  |TAMS 0x0000000740c00000, 0x0000000740a00000| Untracked 
|   6|0x0000000740c00000, 0x0000000740e00000, 0x0000000740e00000|100%|HS|  |TAMS 0x0000000740e00000, 0x0000000740c00000| Complete 
|   7|0x0000000740e00000, 0x0000000741000000, 0x0000000741000000|100%| O|  |TAMS 0x0000000741000000, 0x0000000740e00000| Untracked 
|   8|0x0000000741000000, 0x0000000741200000, 0x0000000741200000|100%| O|  |TAMS 0x0000000741200000, 0x0000000741000000| Untracked 
|   9|0x0000000741200000, 0x0000000741400000, 0x0000000741400000|100%| O|  |TAMS 0x0000000741400000, 0x0000000741200000| Untracked 
|  10|0x0000000741400000, 0x0000000741600000, 0x0000000741600000|100%| O|  |TAMS 0x0000000741600000, 0x0000000741400000| Untracked 
|  11|0x0000000741600000, 0x0000000741800000, 0x0000000741800000|100%| O|  |TAMS 0x0000000741800000, 0x0000000741600000| Untracked 
|  12|0x0000000741800000, 0x0000000741a00000, 0x0000000741a00000|100%| O|  |TAMS 0x0000000741a00000, 0x0000000741800000| Untracked 
|  13|0x0000000741a00000, 0x0000000741c00000, 0x0000000741c00000|100%| O|  |TAMS 0x0000000741a00000, 0x0000000741a00000| Untracked 
|  14|0x0000000741c00000, 0x0000000741e00000, 0x0000000741e00000|100%| O|  |TAMS 0x0000000741c64800, 0x0000000741c00000| Untracked 
|  15|0x0000000741e00000, 0x0000000742000000, 0x0000000742000000|100%| O|  |TAMS 0x0000000741e00000, 0x0000000741e00000| Untracked 
|  16|0x0000000742000000, 0x0000000742200000, 0x0000000742200000|100%| O|  |TAMS 0x0000000742000000, 0x0000000742000000| Untracked 
|  17|0x0000000742200000, 0x0000000742400000, 0x0000000742400000|100%| O|  |TAMS 0x0000000742200000, 0x0000000742200000| Untracked 
|  18|0x0000000742400000, 0x0000000742600000, 0x0000000742600000|100%| O|  |TAMS 0x0000000742400000, 0x0000000742400000| Untracked 
|  19|0x0000000742600000, 0x0000000742800000, 0x0000000742800000|100%| O|  |TAMS 0x0000000742600000, 0x0000000742600000| Untracked 
|  20|0x0000000742800000, 0x0000000742a00000, 0x0000000742a00000|100%| O|  |TAMS 0x0000000742800000, 0x0000000742800000| Untracked 
|  21|0x0000000742a00000, 0x0000000742c00000, 0x0000000742c00000|100%| O|  |TAMS 0x0000000742a00000, 0x0000000742a00000| Untracked 
|  22|0x0000000742c00000, 0x0000000742e00000, 0x0000000742e00000|100%| O|  |TAMS 0x0000000742c00000, 0x0000000742c00000| Untracked 
|  23|0x0000000742e00000, 0x0000000743000000, 0x0000000743000000|100%| O|  |TAMS 0x0000000742e00000, 0x0000000742e00000| Untracked 
|  24|0x0000000743000000, 0x000000074317b800, 0x0000000743200000| 74%| O|  |TAMS 0x0000000743000000, 0x0000000743000000| Untracked 
|  25|0x0000000743200000, 0x0000000743200000, 0x0000000743400000|  0%| F|  |TAMS 0x0000000743200000, 0x0000000743200000| Untracked 
|  26|0x0000000743400000, 0x0000000743400000, 0x0000000743600000|  0%| F|  |TAMS 0x0000000743400000, 0x0000000743400000| Untracked 
|  27|0x0000000743600000, 0x0000000743600000, 0x0000000743800000|  0%| F|  |TAMS 0x0000000743600000, 0x0000000743600000| Untracked 
|  28|0x0000000743800000, 0x0000000743800000, 0x0000000743a00000|  0%| F|  |TAMS 0x0000000743800000, 0x0000000743800000| Untracked 
|  29|0x0000000743a00000, 0x0000000743a00000, 0x0000000743c00000|  0%| F|  |TAMS 0x0000000743a00000, 0x0000000743a00000| Untracked 
|  30|0x0000000743c00000, 0x0000000743c00000, 0x0000000743e00000|  0%| F|  |TAMS 0x0000000743c00000, 0x0000000743c00000| Untracked 
|  31|0x0000000743e00000, 0x0000000743e00000, 0x0000000744000000|  0%| F|  |TAMS 0x0000000743e00000, 0x0000000743e00000| Untracked 
|  32|0x0000000744000000, 0x0000000744000000, 0x0000000744200000|  0%| F|  |TAMS 0x0000000744000000, 0x0000000744000000| Untracked 
|  33|0x0000000744200000, 0x00000007443c9420, 0x0000000744400000| 89%| S|CS|TAMS 0x0000000744200000, 0x0000000744200000| Complete 
|  34|0x0000000744400000, 0x0000000744400000, 0x0000000744600000|  0%| F|  |TAMS 0x0000000744400000, 0x0000000744400000| Untracked 
|  35|0x0000000744600000, 0x0000000744600000, 0x0000000744800000|  0%| F|  |TAMS 0x0000000744600000, 0x0000000744600000| Untracked 
|  36|0x0000000744800000, 0x0000000744800000, 0x0000000744a00000|  0%| F|  |TAMS 0x0000000744800000, 0x0000000744800000| Untracked 
|  37|0x0000000744a00000, 0x0000000744c00000, 0x0000000744c00000|100%| S|CS|TAMS 0x0000000744a00000, 0x0000000744a00000| Complete 
|  38|0x0000000744c00000, 0x0000000744c00000, 0x0000000744e00000|  0%| F|  |TAMS 0x0000000744c00000, 0x0000000744c00000| Untracked 
|  39|0x0000000744e00000, 0x0000000744e00000, 0x0000000745000000|  0%| F|  |TAMS 0x0000000744e00000, 0x0000000744e00000| Untracked 
|  40|0x0000000745000000, 0x0000000745000000, 0x0000000745200000|  0%| F|  |TAMS 0x0000000745000000, 0x0000000745000000| Untracked 
|  41|0x0000000745200000, 0x0000000745200000, 0x0000000745400000|  0%| F|  |TAMS 0x0000000745200000, 0x0000000745200000| Untracked 
|  42|0x0000000745400000, 0x0000000745400000, 0x0000000745600000|  0%| F|  |TAMS 0x0000000745400000, 0x0000000745400000| Untracked 
|  43|0x0000000745600000, 0x0000000745600000, 0x0000000745800000|  0%| F|  |TAMS 0x0000000745600000, 0x0000000745600000| Untracked 
|  44|0x0000000745800000, 0x0000000745800000, 0x0000000745a00000|  0%| F|  |TAMS 0x0000000745800000, 0x0000000745800000| Untracked 
|  45|0x0000000745a00000, 0x0000000745a00000, 0x0000000745c00000|  0%| F|  |TAMS 0x0000000745a00000, 0x0000000745a00000| Untracked 
|  46|0x0000000745c00000, 0x0000000745c00000, 0x0000000745e00000|  0%| F|  |TAMS 0x0000000745c00000, 0x0000000745c00000| Untracked 
|  47|0x0000000745e00000, 0x0000000745e00000, 0x0000000746000000|  0%| F|  |TAMS 0x0000000745e00000, 0x0000000745e00000| Untracked 
|  90|0x000000074b400000, 0x000000074b400000, 0x000000074b600000|  0%| F|  |TAMS 0x000000074b400000, 0x000000074b400000| Untracked 
|  91|0x000000074b600000, 0x000000074b600000, 0x000000074b800000|  0%| F|  |TAMS 0x000000074b600000, 0x000000074b600000| Untracked 
|  92|0x000000074b800000, 0x000000074b800000, 0x000000074ba00000|  0%| F|  |TAMS 0x000000074b800000, 0x000000074b800000| Untracked 
|  93|0x000000074ba00000, 0x000000074ba00000, 0x000000074bc00000|  0%| F|  |TAMS 0x000000074ba00000, 0x000000074ba00000| Untracked 
|  95|0x000000074be00000, 0x000000074be00000, 0x000000074c000000|  0%| F|  |TAMS 0x000000074be00000, 0x000000074be00000| Untracked 

Card table byte_map: [0x000002b5f8f90000,0x000002b5f9590000] _byte_map_base: 0x000002b5f5590000

Marking Bits (Prev, Next): (CMBitMap*) 0x000002b5e61febe0, (CMBitMap*) 0x000002b5e61feba0
 Prev Bits: [0x000002b5fcb90000, 0x000002b5ffb90000)
 Next Bits: [0x000002b5f9b90000, 0x000002b5fcb90000)

Polling page: 0x000002b5e4090000

Metaspace:

Usage:
  Non-class:     53.48 MB used.
      Class:      7.24 MB used.
       Both:     60.72 MB used.

Virtual space:
  Non-class space:       56.00 MB reserved,      53.69 MB ( 96%) committed,  7 nodes.
      Class space:        1.00 GB reserved,       7.44 MB ( <1%) committed,  1 nodes.
             Both:        1.05 GB reserved,      61.13 MB (  6%) committed. 

Chunk freelists:
   Non-Class:  2.05 MB
       Class:  496.00 KB
        Both:  2.53 MB

MaxMetaspaceSize: unlimited
CompressedClassSpaceSize: 1.00 GB
Initial GC threshold: 21.00 MB
Current GC threshold: 85.00 MB
CDS: off
MetaspaceReclaimPolicy: balanced
 - commit_granule_bytes: 65536.
 - commit_granule_words: 8192.
 - virtual_space_node_default_size: 1048576.
 - enlarge_chunks_in_place: 1.
 - new_chunks_are_fully_committed: 0.
 - uncommit_free_chunks: 1.
 - use_allocation_guard: 0.
 - handle_deallocations: 1.


Internal statistics:

num_allocs_failed_limit: 6.
num_arena_births: 288.
num_arena_deaths: 0.
num_vsnodes_births: 8.
num_vsnodes_deaths: 0.
num_space_committed: 976.
num_space_uncommitted: 0.
num_chunks_returned_to_freelist: 6.
num_chunks_taken_from_freelist: 2159.
num_chunk_merges: 6.
num_chunk_splits: 1743.
num_chunks_enlarged: 1520.
num_purges: 0.
num_inconsistent_stats: 0.

CodeHeap 'non-profiled nmethods': size=120000Kb used=3197Kb max_used=3197Kb free=116802Kb
 bounds [0x000002b5f1130000, 0x000002b5f1450000, 0x000002b5f8660000]
CodeHeap 'profiled nmethods': size=120000Kb used=14317Kb max_used=14476Kb free=105683Kb
 bounds [0x000002b5e9660000, 0x000002b5ea490000, 0x000002b5f0b90000]
CodeHeap 'non-nmethods': size=5760Kb used=1309Kb max_used=1365Kb free=4450Kb
 bounds [0x000002b5f0b90000, 0x000002b5f0e00000, 0x000002b5f1130000]
 total_blobs=6668 nmethods=6040 adapters=540
 compilation: enabled
              stopped_count=0, restarted_count=0
 full_count=0

Compilation events (20 events):
Event: 6.989 Thread 0x000002b5830b6020 nmethod 6945 0x000002b5e96ca910 code [0x000002b5e96caaa0, 0x000002b5e96cac08]
Event: 6.989 Thread 0x000002b5830b6020 6946       3       org.jetbrains.kotlin.resolve.DelegationResolver::<init> (50 bytes)
Event: 6.989 Thread 0x000002b5830b6020 nmethod 6946 0x000002b5ea04f290 code [0x000002b5ea04f440, 0x000002b5ea04f8d8]
Event: 6.989 Thread 0x000002b5830b6020 6947       3       org.jetbrains.kotlin.resolve.DelegationResolver::access$generateDelegatedMembers (5 bytes)
Event: 6.989 Thread 0x000002b5830b6020 nmethod 6947 0x000002b5ea008390 code [0x000002b5ea008520, 0x000002b5ea008648]
Event: 6.992 Thread 0x000002b5830b6020 6956       2       org.jetbrains.org.objectweb.asm.ClassReader::readField (667 bytes)
Event: 6.995 Thread 0x000002b5830b6020 nmethod 6956 0x000002b5e9679190 code [0x000002b5e96795c0, 0x000002b5e967a9c8]
Event: 6.995 Thread 0x000002b5830b6020 6957       3       java.lang.String::replace (42 bytes)
Event: 6.995 Thread 0x000002b5830b6020 nmethod 6957 0x000002b5e9678b90 code [0x000002b5e9678d60, 0x000002b5e9679098]
Event: 6.995 Thread 0x000002b5830b6020 6958       3       org.jetbrains.kotlin.load.kotlin.AbstractBinaryClassAnnotationLoader::loadAnnotationIfNotSpecial (43 bytes)
Event: 6.996 Thread 0x000002b5830b6020 nmethod 6958 0x000002b5e9685510 code [0x000002b5e9685860, 0x000002b5e9686a78]
Event: 6.997 Thread 0x000002b5830b6020 6959       3       org.jetbrains.kotlin.com.intellij.util.keyFMap.OneElementFMap::plus (64 bytes)
Event: 6.998 Thread 0x000002b5830b6020 nmethod 6959 0x000002b5e9678110 code [0x000002b5e9678320, 0x000002b5e96789a8]
Event: 6.998 Thread 0x000002b5830b6020 6960       3       org.jetbrains.kotlin.descriptors.annotations.AnnotationSplitter$LazySplitAnnotations::iterator (10 bytes)
Event: 6.999 Thread 0x000002b5830b6020 nmethod 6960 0x000002b5e9683f90 code [0x000002b5e9684260, 0x000002b5e9685038]
Event: 6.999 Thread 0x000002b5830b6020 6961       3       org.jetbrains.kotlin.psi.KtStubbedPsiUtil::getPsiOrStubParent (73 bytes)
Event: 7.000 Thread 0x000002b5830b6020 nmethod 6961 0x000002b5e9682f10 code [0x000002b5e9683160, 0x000002b5e9683ca8]
Event: 7.000 Thread 0x000002b5830b6020 6966       3       kotlin.collections.ArraysKt___ArraysKt::minOrNull (77 bytes)
Event: 7.001 Thread 0x000002b5830b6020 nmethod 6966 0x000002b5e9716d10 code [0x000002b5e9717020, 0x000002b5e9718098]
Event: 7.001 Thread 0x000002b5830b6020 6968       3       org.jetbrains.kotlin.types.TypeSubstitutor::substituteCompoundType (146 bytes)

GC Heap History (20 events):
Event: 2.768 GC heap after
{Heap after GC invocations=8 (full 0):
 garbage-first heap   total 65536K, used 25232K [0x0000000740000000, 0x0000000800000000)
  region size 2048K, 1 young (2048K), 1 survivors (2048K)
 Metaspace       used 35909K, committed 36096K, reserved 1081344K
  class space    used 4566K, committed 4672K, reserved 1048576K
}
Event: 3.137 GC heap before
{Heap before GC invocations=9 (full 0):
 garbage-first heap   total 65536K, used 43664K [0x0000000740000000, 0x0000000800000000)
  region size 2048K, 11 young (22528K), 1 survivors (2048K)
 Metaspace       used 39914K, committed 40192K, reserved 1089536K
  class space    used 5011K, committed 5120K, reserved 1048576K
}
Event: 3.144 GC heap after
{Heap after GC invocations=10 (full 0):
 garbage-first heap   total 65536K, used 25605K [0x0000000740000000, 0x0000000800000000)
  region size 2048K, 2 young (4096K), 2 survivors (4096K)
 Metaspace       used 39914K, committed 40192K, reserved 1089536K
  class space    used 5011K, committed 5120K, reserved 1048576K
}
Event: 3.185 GC heap before
{Heap before GC invocations=10 (full 0):
 garbage-first heap   total 65536K, used 27653K [0x0000000740000000, 0x0000000800000000)
  region size 2048K, 3 young (6144K), 2 survivors (4096K)
 Metaspace       used 40300K, committed 40576K, reserved 1089536K
  class space    used 5062K, committed 5184K, reserved 1048576K
}
Event: 3.194 GC heap after
{Heap after GC invocations=11 (full 0):
 garbage-first heap   total 65536K, used 25453K [0x0000000740000000, 0x0000000800000000)
  region size 2048K, 1 young (2048K), 1 survivors (2048K)
 Metaspace       used 40300K, committed 40576K, reserved 1089536K
  class space    used 5062K, committed 5184K, reserved 1048576K
}
Event: 3.511 GC heap before
{Heap before GC invocations=11 (full 0):
 garbage-first heap   total 65536K, used 45933K [0x0000000740000000, 0x0000000800000000)
  region size 2048K, 11 young (22528K), 1 survivors (2048K)
 Metaspace       used 44332K, committed 44544K, reserved 1089536K
  class space    used 5406K, committed 5504K, reserved 1048576K
}
Event: 3.520 GC heap after
{Heap after GC invocations=12 (full 0):
 garbage-first heap   total 65536K, used 27863K [0x0000000740000000, 0x0000000800000000)
  region size 2048K, 2 young (4096K), 2 survivors (4096K)
 Metaspace       used 44332K, committed 44544K, reserved 1089536K
  class space    used 5406K, committed 5504K, reserved 1048576K
}
Event: 4.004 GC heap before
{Heap before GC invocations=12 (full 0):
 garbage-first heap   total 65536K, used 48343K [0x0000000740000000, 0x0000000800000000)
  region size 2048K, 11 young (22528K), 2 survivors (4096K)
 Metaspace       used 49118K, committed 49344K, reserved 1097728K
  class space    used 5915K, committed 6016K, reserved 1048576K
}
Event: 4.013 GC heap after
{Heap after GC invocations=13 (full 0):
 garbage-first heap   total 65536K, used 31382K [0x0000000740000000, 0x0000000800000000)
  region size 2048K, 2 young (4096K), 2 survivors (4096K)
 Metaspace       used 49118K, committed 49344K, reserved 1097728K
  class space    used 5915K, committed 6016K, reserved 1048576K
}
Event: 4.296 GC heap before
{Heap before GC invocations=13 (full 0):
 garbage-first heap   total 65536K, used 43670K [0x0000000740000000, 0x0000000800000000)
  region size 2048K, 9 young (18432K), 2 survivors (4096K)
 Metaspace       used 51643K, committed 51904K, reserved 1097728K
  class space    used 6228K, committed 6336K, reserved 1048576K
}
Event: 4.306 GC heap after
{Heap after GC invocations=14 (full 0):
 garbage-first heap   total 108544K, used 33944K [0x0000000740000000, 0x0000000800000000)
  region size 2048K, 2 young (4096K), 2 survivors (4096K)
 Metaspace       used 51643K, committed 51904K, reserved 1097728K
  class space    used 6228K, committed 6336K, reserved 1048576K
}
Event: 4.890 GC heap before
{Heap before GC invocations=15 (full 0):
 garbage-first heap   total 108544K, used 79000K [0x0000000740000000, 0x0000000800000000)
  region size 2048K, 24 young (49152K), 2 survivors (4096K)
 Metaspace       used 53784K, committed 54016K, reserved 1097728K
  class space    used 6478K, committed 6592K, reserved 1048576K
}
Event: 4.911 GC heap after
{Heap after GC invocations=16 (full 0):
 garbage-first heap   total 108544K, used 39325K [0x0000000740000000, 0x0000000800000000)
  region size 2048K, 3 young (6144K), 3 survivors (6144K)
 Metaspace       used 53784K, committed 54016K, reserved 1097728K
  class space    used 6478K, committed 6592K, reserved 1048576K
}
Event: 4.916 GC heap before
{Heap before GC invocations=16 (full 0):
 garbage-first heap   total 108544K, used 41373K [0x0000000740000000, 0x0000000800000000)
  region size 2048K, 4 young (8192K), 3 survivors (6144K)
 Metaspace       used 53784K, committed 54016K, reserved 1097728K
  class space    used 6478K, committed 6592K, reserved 1048576K
}
Event: 4.935 GC heap after
{Heap after GC invocations=17 (full 0):
 garbage-first heap   total 108544K, used 39856K [0x0000000740000000, 0x0000000800000000)
  region size 2048K, 1 young (2048K), 1 survivors (2048K)
 Metaspace       used 53784K, committed 54016K, reserved 1097728K
  class space    used 6478K, committed 6592K, reserved 1048576K
}
Event: 5.755 GC heap before
{Heap before GC invocations=17 (full 0):
 garbage-first heap   total 108544K, used 76720K [0x0000000740000000, 0x0000000800000000)
  region size 2048K, 19 young (38912K), 1 survivors (2048K)
 Metaspace       used 56262K, committed 56512K, reserved 1105920K
  class space    used 6683K, committed 6784K, reserved 1048576K
}
Event: 5.772 GC heap after
{Heap after GC invocations=18 (full 0):
 garbage-first heap   total 108544K, used 46211K [0x0000000740000000, 0x0000000800000000)
  region size 2048K, 3 young (6144K), 3 survivors (6144K)
 Metaspace       used 56262K, committed 56512K, reserved 1105920K
  class space    used 6683K, committed 6784K, reserved 1048576K
}
Event: 6.240 GC heap before
{Heap before GC invocations=18 (full 0):
 garbage-first heap   total 108544K, used 76931K [0x0000000740000000, 0x0000000800000000)
  region size 2048K, 19 young (38912K), 3 survivors (6144K)
 Metaspace       used 58302K, committed 58624K, reserved 1105920K
  class space    used 6901K, committed 7104K, reserved 1048576K
}
Event: 6.263 GC heap after
{Heap after GC invocations=19 (full 0):
 garbage-first heap   total 108544K, used 51335K [0x0000000740000000, 0x0000000800000000)
  region size 2048K, 3 young (6144K), 3 survivors (6144K)
 Metaspace       used 58302K, committed 58624K, reserved 1105920K
  class space    used 6901K, committed 7104K, reserved 1048576K
}
Event: 7.001 GC heap before
{Heap before GC invocations=19 (full 0):
 garbage-first heap   total 108544K, used 82055K [0x0000000740000000, 0x0000000800000000)
  region size 2048K, 18 young (36864K), 3 survivors (6144K)
 Metaspace       used 62177K, committed 62592K, reserved 1105920K
  class space    used 7416K, committed 7616K, reserved 1048576K
}

Dll operation events (2 events):
Event: 0.006 Loaded shared library C:\Program Files\Android\Android Studio\jbr\bin\java.dll
Event: 1.210 Loaded shared library C:\Program Files\Android\Android Studio\jbr\bin\verify.dll

Deoptimization events (20 events):
Event: 6.992 Thread 0x000002b5e61a3430 Uncommon trap: trap_request=0xffffffc6 fr.pc=0x000002b5f11fb81c relative=0x000000000000487c
Event: 6.992 Thread 0x000002b5e61a3430 Uncommon trap: reason=bimorphic_or_optimized_type_check action=maybe_recompile pc=0x000002b5f11fb81c method=org.jetbrains.kotlin.serialization.deserialization.descriptors.DeserializedMemberScope.hasClass(Lorg/jetbrains/kotlin/name/Name;)Z @ 11 c2
Event: 6.992 Thread 0x000002b5e61a3430 DEOPT PACKING pc=0x000002b5f11fb81c sp=0x000000ba0d4fba30
Event: 6.992 Thread 0x000002b5e61a3430 DEOPT UNPACKING pc=0x000002b5f0be69a3 sp=0x000000ba0d4fb9c0 mode 2
Event: 6.995 Thread 0x000002b5e61a3430 Uncommon trap: trap_request=0xffffffde fr.pc=0x000002b5f1446244 relative=0x0000000000003024
Event: 6.995 Thread 0x000002b5e61a3430 Uncommon trap: reason=class_check action=maybe_recompile pc=0x000002b5f1446244 method=org.jetbrains.org.objectweb.asm.ClassReader.readElementValue(Lorg/jetbrains/org/objectweb/asm/AnnotationVisitor;ILjava/lang/String;[C)I @ 556 c2
Event: 6.995 Thread 0x000002b5e61a3430 DEOPT PACKING pc=0x000002b5f1446244 sp=0x000000ba0d4fce50
Event: 6.995 Thread 0x000002b5e61a3430 DEOPT UNPACKING pc=0x000002b5f0be69a3 sp=0x000000ba0d4fcdb8 mode 2
Event: 6.995 Thread 0x000002b5e61a3430 Uncommon trap: trap_request=0xffffffde fr.pc=0x000002b5f1446680 relative=0x0000000000003460
Event: 6.995 Thread 0x000002b5e61a3430 Uncommon trap: reason=class_check action=maybe_recompile pc=0x000002b5f1446680 method=org.jetbrains.org.objectweb.asm.ClassReader.readElementValue(Lorg/jetbrains/org/objectweb/asm/AnnotationVisitor;ILjava/lang/String;[C)I @ 593 c2
Event: 6.995 Thread 0x000002b5e61a3430 DEOPT PACKING pc=0x000002b5f1446680 sp=0x000000ba0d4fcca0
Event: 6.995 Thread 0x000002b5e61a3430 DEOPT UNPACKING pc=0x000002b5f0be69a3 sp=0x000000ba0d4fcc10 mode 2
Event: 6.995 Thread 0x000002b5e61a3430 Uncommon trap: trap_request=0xffffffde fr.pc=0x000002b5f1446244 relative=0x0000000000003024
Event: 6.995 Thread 0x000002b5e61a3430 Uncommon trap: reason=class_check action=maybe_recompile pc=0x000002b5f1446244 method=org.jetbrains.org.objectweb.asm.ClassReader.readElementValue(Lorg/jetbrains/org/objectweb/asm/AnnotationVisitor;ILjava/lang/String;[C)I @ 556 c2
Event: 6.995 Thread 0x000002b5e61a3430 DEOPT PACKING pc=0x000002b5f1446244 sp=0x000000ba0d4fce50
Event: 6.995 Thread 0x000002b5e61a3430 DEOPT UNPACKING pc=0x000002b5f0be69a3 sp=0x000000ba0d4fcdb8 mode 2
Event: 6.995 Thread 0x000002b5e61a3430 Uncommon trap: trap_request=0xffffffde fr.pc=0x000002b5f1446680 relative=0x0000000000003460
Event: 6.995 Thread 0x000002b5e61a3430 Uncommon trap: reason=class_check action=maybe_recompile pc=0x000002b5f1446680 method=org.jetbrains.org.objectweb.asm.ClassReader.readElementValue(Lorg/jetbrains/org/objectweb/asm/AnnotationVisitor;ILjava/lang/String;[C)I @ 593 c2
Event: 6.995 Thread 0x000002b5e61a3430 DEOPT PACKING pc=0x000002b5f1446680 sp=0x000000ba0d4fcca0
Event: 6.995 Thread 0x000002b5e61a3430 DEOPT UNPACKING pc=0x000002b5f0be69a3 sp=0x000000ba0d4fcc10 mode 2

Classes unloaded (0 events):
No events

Classes redefined (0 events):
No events

Internal exceptions (20 events):
Event: 4.038 Thread 0x000002b5e61a3430 Exception <a 'java/lang/NoSuchMethodError'{0x000000074bf33268}: 'java.lang.Object java.lang.invoke.Invokers$Holder.linkToTargetMethod(java.lang.Object, java.lang.Object, int, java.lang.Object)'> (0x000000074bf33268) 
thrown [s\src\hotspot\share\interpreter\linkResolver.cpp, line 771]
Event: 4.314 Thread 0x000002b5e61a3430 Exception <a 'java/lang/NoSuchMethodError'{0x000000074be47be0}: 'java.lang.Object java.lang.invoke.DirectMethodHandle$Holder.invokeInterface(java.lang.Object, java.lang.Object)'> (0x000000074be47be0) 
thrown [s\src\hotspot\share\interpreter\linkResolver.cpp, line 771]
Event: 5.165 Thread 0x000002b5e61a3430 Exception <a 'java/lang/NoSuchMethodError'{0x0000000745ca4a58}: 'java.lang.Object java.lang.invoke.DirectMethodHandle$Holder.invokeStaticInit(java.lang.Object, java.lang.Object, java.lang.Object)'> (0x0000000745ca4a58) 
thrown [s\src\hotspot\share\interpreter\linkResolver.cpp, line 771]
Event: 5.774 Thread 0x000002b5e61a3430 Implicit null exception at 0x000002b5f1177cf4 to 0x000002b5f1177ee0
Event: 5.890 Thread 0x000002b5e61a3430 Exception <a 'java/lang/NoSuchMethodError'{0x000000074b764cb0}: 'java.lang.Object java.lang.invoke.DirectMethodHandle$Holder.newInvokeSpecial(java.lang.Object, int, java.lang.Object)'> (0x000000074b764cb0) 
thrown [s\src\hotspot\share\interpreter\linkResolver.cpp, line 771]
Event: 5.891 Thread 0x000002b5e61a3430 Exception <a 'java/lang/NoSuchMethodError'{0x000000074b76b2f8}: 'int java.lang.invoke.DirectMethodHandle$Holder.invokeInterface(java.lang.Object, java.lang.Object)'> (0x000000074b76b2f8) 
thrown [s\src\hotspot\share\interpreter\linkResolver.cpp, line 771]
Event: 6.169 Thread 0x000002b5e61a3430 Exception <a 'java/lang/NoSuchMethodError'{0x00000007453e8d10}: 'java.lang.Object java.lang.invoke.DirectMethodHandle$Holder.newInvokeSpecial(java.lang.Object, java.lang.Object, java.lang.Object, java.lang.Object, java.lang.Object, java.lang.Object)'> (0x00000007453e8d10) 
thrown [s\src\hotspot\share\interpreter\linkResolver.cpp, line 771]
Event: 6.397 Thread 0x000002b5e61a3430 Implicit null exception at 0x000002b5f12afdcc to 0x000002b5f12afeb4
Event: 6.398 Thread 0x000002b5e61a3430 Implicit null exception at 0x000002b5f11dfe20 to 0x000002b5f11dff9c
Event: 6.398 Thread 0x000002b5e61a3430 Implicit null exception at 0x000002b5f1192a58 to 0x000002b5f1192aee
Event: 6.442 Thread 0x000002b5e61a3430 Exception <a 'java/lang/NoSuchMethodError'{0x000000074b41a688}: 'java.lang.Object java.lang.invoke.DirectMethodHandle$Holder.newInvokeSpecial(java.lang.Object, java.lang.Object, java.lang.Object, java.lang.Object, java.lang.Object, java.lang.Object, java.lang.Object, java.lang.Object)'> (0x000000074b41a688) 
thrown [s\src\hotspot\share\interpreter\linkResolver.cpp, line 771]
Event: 6.443 Thread 0x000002b5e61a3430 Exception <a 'java/lang/NoSuchMethodError'{0x000000074b41fca0}: 'java.lang.Object java.lang.invoke.DirectMethodHandle$Holder.invokeSpecial(java.lang.Object, java.lang.Object, java.lang.Object, java.lang.Object, java.lang.Object, java.lang.Object, java.lang.Object, java.lang.Object, java.lang.Object)'> (0x000000074b41fca0) 
thrown [s\src\hotspot\share\interpreter\linkResolver.cpp, line 771]
Event: 6.443 Thread 0x000002b5e61a3430 Exception <a 'java/lang/NoSuchMethodError'{0x000000074b424bd0}: 'java.lang.Object java.lang.invoke.Invokers$Holder.linkToTargetMethod(java.lang.Object, java.lang.Object, java.lang.Object, java.lang.Object, java.lang.Object, java.lang.Object, java.lang.Object, java.lang.Object)'> (0x000000074b424bd0) 
thrown [s\src\hotspot\share\interpreter\linkResolver.cpp, line 771]
Event: 6.722 Thread 0x000002b5e61a3430 Exception <a 'java/lang/NoSuchMethodError'{0x0000000745652530}: 'java.lang.Object java.lang.invoke.DirectMethodHandle$Holder.invokeStatic(java.lang.Object, java.lang.Object, java.lang.Object, java.lang.Object, int)'> (0x0000000745652530) 
thrown [s\src\hotspot\share\interpreter\linkResolver.cpp, line 771]
Event: 6.722 Thread 0x000002b5e61a3430 Exception <a 'java/lang/NoSuchMethodError'{0x000000074565c120}: 'java.lang.Object java.lang.invoke.DirectMethodHandle$Holder.newInvokeSpecial(java.lang.Object, java.lang.Object, java.lang.Object, java.lang.Object, int)'> (0x000000074565c120) 
thrown [s\src\hotspot\share\interpreter\linkResolver.cpp, line 771]
Event: 6.723 Thread 0x000002b5e61a3430 Exception <a 'java/lang/NoSuchMethodError'{0x0000000745660ef8}: 'java.lang.Object java.lang.invoke.DirectMethodHandle$Holder.invokeSpecial(java.lang.Object, java.lang.Object, java.lang.Object, java.lang.Object, java.lang.Object, int)'> (0x0000000745660ef8) 
thrown [s\src\hotspot\share\interpreter\linkResolver.cpp, line 771]
Event: 6.723 Thread 0x000002b5e61a3430 Exception <a 'java/lang/NoSuchMethodError'{0x00000007456653d8}: 'java.lang.Object java.lang.invoke.Invokers$Holder.linkToTargetMethod(java.lang.Object, java.lang.Object, java.lang.Object, int, java.lang.Object)'> (0x00000007456653d8) 
thrown [s\src\hotspot\share\interpreter\linkResolver.cpp, line 771]
Event: 6.807 Thread 0x000002b5e61a3430 Implicit null exception at 0x000002b5f1401f3c to 0x000002b5f1402f14
Event: 6.888 Thread 0x000002b5e61a3430 Exception <a 'java/lang/NoSuchMethodError'{0x00000007450bb448}: 'int java.lang.invoke.DirectMethodHandle$Holder.invokeStaticInit(java.lang.Object, int)'> (0x00000007450bb448) 
thrown [s\src\hotspot\share\interpreter\linkResolver.cpp, line 771]
Event: 6.936 Thread 0x000002b5e61a3430 Exception <a 'java/lang/NoSuchMethodError'{0x00000007451fbf00}: 'java.lang.Object java.lang.invoke.DirectMethodHandle$Holder.newInvokeSpecial(java.lang.Object, int, java.lang.Object, java.lang.Object)'> (0x00000007451fbf00) 
thrown [s\src\hotspot\share\interpreter\linkResolver.cpp, line 771]

VM Operations (20 events):
Event: 6.697 Executing VM operation: HandshakeAllThreads done
Event: 6.708 Executing VM operation: HandshakeAllThreads
Event: 6.708 Executing VM operation: HandshakeAllThreads done
Event: 6.717 Executing VM operation: HandshakeAllThreads
Event: 6.717 Executing VM operation: HandshakeAllThreads done
Event: 6.739 Executing VM operation: HandshakeAllThreads
Event: 6.739 Executing VM operation: HandshakeAllThreads done
Event: 6.739 Executing VM operation: ICBufferFull
Event: 6.740 Executing VM operation: ICBufferFull done
Event: 6.845 Executing VM operation: ICBufferFull
Event: 6.846 Executing VM operation: ICBufferFull done
Event: 6.891 Executing VM operation: HandshakeAllThreads
Event: 6.891 Executing VM operation: HandshakeAllThreads done
Event: 6.942 Executing VM operation: HandshakeAllThreads
Event: 6.942 Executing VM operation: HandshakeAllThreads done
Event: 6.946 Executing VM operation: ICBufferFull
Event: 6.947 Executing VM operation: ICBufferFull done
Event: 6.991 Executing VM operation: HandshakeAllThreads
Event: 6.991 Executing VM operation: HandshakeAllThreads done
Event: 7.001 Executing VM operation: G1CollectForAllocation

Events (20 events):
Event: 6.213 Thread 0x000002b5830b9110 flushing nmethod 0x000002b5ea105a90
Event: 6.213 Thread 0x000002b5830b9110 flushing nmethod 0x000002b5ea110490
Event: 6.213 Thread 0x000002b5830b9110 flushing nmethod 0x000002b5ea130c90
Event: 6.213 Thread 0x000002b5830b9110 flushing nmethod 0x000002b5ea139e10
Event: 6.213 Thread 0x000002b5830b9110 flushing nmethod 0x000002b5ea15ba90
Event: 6.213 Thread 0x000002b5830b9110 flushing nmethod 0x000002b5ea17a290
Event: 6.213 Thread 0x000002b5830b9110 flushing nmethod 0x000002b5ea17b810
Event: 6.213 Thread 0x000002b5830b9110 flushing nmethod 0x000002b5ea199d90
Event: 6.214 Thread 0x000002b5830b9110 flushing nmethod 0x000002b5ea20e010
Event: 6.214 Thread 0x000002b5830b9110 flushing nmethod 0x000002b5ea20ed90
Event: 6.214 Thread 0x000002b5830b9110 flushing nmethod 0x000002b5ea213790
Event: 6.215 Thread 0x000002b5830b9110 flushing nmethod 0x000002b5ea326210
Event: 6.215 Thread 0x000002b5830b9110 flushing nmethod 0x000002b5ea33ba10
Event: 6.215 Thread 0x000002b5830b9110 flushing nmethod 0x000002b5ea354890
Event: 6.725 loading class java/util/function/ToIntFunction
Event: 6.725 loading class java/util/function/ToIntFunction done
Event: 6.976 loading class java/util/regex/Pattern$Bound
Event: 6.977 loading class java/util/regex/Pattern$Bound done
Event: 6.978 loading class java/util/regex/Pattern$NotBehind
Event: 6.978 loading class java/util/regex/Pattern$NotBehind done


Dynamic libraries:
0x00007ff7fdf40000 - 0x00007ff7fdf4a000 	C:\Program Files\Android\Android Studio\jbr\bin\java.exe
0x00007ffabc780000 - 0x00007ffabc96d000 	C:\Windows\SYSTEM32\ntdll.dll
0x00007ffab9be0000 - 0x00007ffab9c93000 	C:\Windows\System32\KERNEL32.DLL
0x00007ffab8a50000 - 0x00007ffab8ce3000 	C:\Windows\System32\KERNELBASE.dll
0x00007ffab96d0000 - 0x00007ffab97cc000 	C:\Windows\System32\ucrtbase.dll
0x00007ffab4db0000 - 0x00007ffab4dc7000 	C:\Program Files\Android\Android Studio\jbr\bin\jli.dll
0x00007ffaae730000 - 0x00007ffaae74b000 	C:\Program Files\Android\Android Studio\jbr\bin\VCRUNTIME140.dll
0x00007ffabc280000 - 0x00007ffabc417000 	C:\Windows\System32\USER32.dll
0x00007ffaa8700000 - 0x00007ffaa8979000 	C:\Windows\WinSxS\amd64_microsoft.windows.common-controls_6595b64144ccf1df_6.0.17763.134_none_05b3373a07211a5c\COMCTL32.dll
0x00007ffab8f40000 - 0x00007ffab8f60000 	C:\Windows\System32\win32u.dll
0x00007ffab9b40000 - 0x00007ffab9bde000 	C:\Windows\System32\msvcrt.dll
0x00007ffab9f40000 - 0x00007ffab9f69000 	C:\Windows\System32\GDI32.dll
0x00007ffab8cf0000 - 0x00007ffab8e8a000 	C:\Windows\System32\gdi32full.dll
0x00007ffabc420000 - 0x00007ffabc74d000 	C:\Windows\System32\combase.dll
0x00007ffab8850000 - 0x00007ffab88f0000 	C:\Windows\System32\msvcp_win.dll
0x00007ffaba810000 - 0x00007ffaba933000 	C:\Windows\System32\RPCRT4.dll
0x00007ffab8920000 - 0x00007ffab899e000 	C:\Windows\System32\bcryptPrimitives.dll
0x00007ffaba7e0000 - 0x00007ffaba80e000 	C:\Windows\System32\IMM32.DLL
0x00007ffa97540000 - 0x00007ffa9754c000 	C:\Program Files\Android\Android Studio\jbr\bin\vcruntime140_1.dll
0x00007ffa91db0000 - 0x00007ffa91e3d000 	C:\Program Files\Android\Android Studio\jbr\bin\msvcp140.dll
0x00007ffa97e40000 - 0x00007ffa98aae000 	C:\Program Files\Android\Android Studio\jbr\bin\server\jvm.dll
0x00007ffabc0c0000 - 0x00007ffabc163000 	C:\Windows\System32\ADVAPI32.dll
0x00007ffab9d30000 - 0x00007ffab9dce000 	C:\Windows\System32\sechost.dll
0x00007ffab6220000 - 0x00007ffab6244000 	C:\Windows\SYSTEM32\WINMM.dll
0x00007ffaa7ea0000 - 0x00007ffaa7ea9000 	C:\Windows\SYSTEM32\WSOCK32.dll
0x00007ffab2360000 - 0x00007ffab236a000 	C:\Windows\SYSTEM32\VERSION.dll
0x00007ffab9a40000 - 0x00007ffab9aad000 	C:\Windows\System32\WS2_32.dll
0x00007ffab61f0000 - 0x00007ffab621d000 	C:\Windows\SYSTEM32\WINMMBASE.dll
0x00007ffab8a00000 - 0x00007ffab8a4a000 	C:\Windows\System32\cfgmgr32.dll
0x00007ffab87e0000 - 0x00007ffab87f1000 	C:\Windows\System32\kernel.appcore.dll
0x00007ffab4e70000 - 0x00007ffab4e7a000 	C:\Program Files\Android\Android Studio\jbr\bin\jimage.dll
0x00007ffaa7ba0000 - 0x00007ffaa7d8d000 	C:\Windows\SYSTEM32\DBGHELP.DLL
0x00007ffa9dcd0000 - 0x00007ffa9dcfa000 	C:\Windows\SYSTEM32\dbgcore.DLL
0x00007ffaa6f30000 - 0x00007ffaa6f55000 	C:\Program Files\Android\Android Studio\jbr\bin\java.dll
0x00007ffab2010000 - 0x00007ffab2028000 	C:\Program Files\Android\Android Studio\jbr\bin\zip.dll
0x00007ffababd0000 - 0x00007ffabc0bf000 	C:\Windows\System32\SHELL32.dll
0x00007ffaba0a0000 - 0x00007ffaba148000 	C:\Windows\System32\shcore.dll
0x00007ffab8f60000 - 0x00007ffab96a8000 	C:\Windows\System32\windows.storage.dll
0x00007ffab8820000 - 0x00007ffab8844000 	C:\Windows\System32\profapi.dll
0x00007ffab8780000 - 0x00007ffab87dd000 	C:\Windows\System32\powrprof.dll
0x00007ffabc170000 - 0x00007ffabc1c2000 	C:\Windows\System32\shlwapi.dll
0x00007ffab96b0000 - 0x00007ffab96c7000 	C:\Windows\System32\cryptsp.dll
0x00007ffaafa90000 - 0x00007ffaafaa9000 	C:\Program Files\Android\Android Studio\jbr\bin\net.dll
0x00007ffab2630000 - 0x00007ffab2721000 	C:\Windows\SYSTEM32\WINHTTP.dll
0x00007ffab8010000 - 0x00007ffab8077000 	C:\Windows\system32\mswsock.dll
0x00007ffaa7060000 - 0x00007ffaa7076000 	C:\Program Files\Android\Android Studio\jbr\bin\nio.dll
0x00007ffaaeaf0000 - 0x00007ffaaeb00000 	C:\Program Files\Android\Android Studio\jbr\bin\verify.dll

dbghelp: loaded successfully - version: 4.0.5 - missing functions: none
symbol engine: initialized successfully - sym options: 0x614 - pdb path: .;C:\Program Files\Android\Android Studio\jbr\bin;C:\Windows\SYSTEM32;C:\Windows\WinSxS\amd64_microsoft.windows.common-controls_6595b64144ccf1df_6.0.17763.134_none_05b3373a07211a5c;C:\Program Files\Android\Android Studio\jbr\bin\server

VM Arguments:
java_command: org.jetbrains.kotlin.cli.jvm.K2JVMCompiler @E:\AndroidStudioProject\CryptoApp\app\build\20231206_13987867190077952589.compiler.options
java_class_path (initial): C:\Users\Alexx\.gradle\caches\modules-2\files-2.1\org.jetbrains.kotlin\kotlin-compiler-embeddable\1.8.0\eb9118d4bcceaa2a94b2ae2a33a4ddba7c9a947f\kotlin-compiler-embeddable-1.8.0.jar;C:\Users\Alexx\.gradle\caches\modules-2\files-2.1\org.jetbrains.kotlin\kotlin-stdlib\1.8.0\1796921c7a3e2e2665a83e6c8d33399336cd39bc\kotlin-stdlib-1.8.0.jar;C:\Users\Alexx\.gradle\caches\modules-2\files-2.1\org.jetbrains.kotlin\kotlin-script-runtime\1.8.0\b2f7e760d283cb339974851c222a4c1d48f2d3d\kotlin-script-runtime-1.8.0.jar;C:\Users\Alexx\.gradle\caches\modules-2\files-2.1\org.jetbrains.kotlin\kotlin-reflect\1.6.10\1cbe9c92c12a94eea200d23c2bbaedaf3daf5132\kotlin-reflect-1.6.10.jar;C:\Users\Alexx\.gradle\caches\modules-2\files-2.1\org.jetbrains.kotlin\kotlin-daemon-embeddable\1.8.0\d255216c551685dc3a7e852b53617f5f01aaaa5c\kotlin-daemon-embeddable-1.8.0.jar;C:\Users\Alexx\.gradle\caches\modules-2\files-2.1\org.jetbrains.intellij.deps\trove4j\1.0.20200330\3afb14d5f9ceb459d724e907a21145e8ff394f02\trove4j-1.0.20200330.jar;C:\Users\Alexx\.gradle\caches\modules-2\files-2.1\net.java.dev.jna\jna\5.6.0\330f2244e9030119ab3030fc3fededc86713d9cc\jna-5.6.0.jar;C:\Users\Alexx\.gradle\caches\modules-2\files-2.1\org.jetbrains.kotlin\kotlin-stdlib-common\1.8.0\f7197e7cc76453ac59f8b0f8d5137cc600becd36\kotlin-stdlib-common-1.8.0.jar;C:\Users\Alexx\.gradle\caches\modules-2\files-2.1\org.jetbrains\annotations\13.0\919f0dfe192fb4e063e7dacadee7f8bb9a2672a9\annotations-13.0.jar
Launcher Type: SUN_STANDARD

[Global flags]
     intx CICompilerCount                          = 4                                         {product} {ergonomic}
     uint ConcGCThreads                            = 2                                         {product} {ergonomic}
     uint G1ConcRefinementThreads                  = 8                                         {product} {ergonomic}
   size_t G1HeapRegionSize                         = 2097152                                   {product} {ergonomic}
    uintx GCDrainStackTargetSize                   = 64                                        {product} {ergonomic}
   size_t InitialHeapSize                          = 201326592                                 {product} {ergonomic}
   size_t MarkStackSize                            = 4194304                                   {product} {ergonomic}
   size_t MaxHeapSize                              = 3221225472                                {product} {ergonomic}
   size_t MaxNewSize                               = 1931476992                                {product} {ergonomic}
   size_t MinHeapDeltaBytes                        = 2097152                                   {product} {ergonomic}
   size_t MinHeapSize                              = 8388608                                   {product} {ergonomic}
    uintx NonNMethodCodeHeapSize                   = 5839372                                {pd product} {ergonomic}
    uintx NonProfiledCodeHeapSize                  = 122909434                              {pd product} {ergonomic}
    uintx ProfiledCodeHeapSize                     = 122909434                              {pd product} {ergonomic}
    uintx ReservedCodeCacheSize                    = 251658240                              {pd product} {ergonomic}
     bool SegmentedCodeCache                       = true                                      {product} {ergonomic}
   size_t SoftMaxHeapSize                          = 3221225472                             {manageable} {ergonomic}
     bool UseCompressedClassPointers               = true                           {product lp64_product} {ergonomic}
     bool UseCompressedOops                        = true                           {product lp64_product} {ergonomic}
     bool UseG1GC                                  = true                                      {product} {ergonomic}
     bool UseLargePagesIndividualAllocation        = false                                  {pd product} {ergonomic}

Logging:
Log output configuration:
 #0: stdout all=warning uptime,level,tags
 #1: stderr all=off uptime,level,tags

Environment Variables:
PATH=C:\ProgramData\Oracle\Java\javapath;C:\Program Files (x86)\Python38-32\Scripts\;C:\Program Files (x86)\Python38-32\;C:\Windows\system32;C:\Windows;C:\Windows\System32\Wbem;C:\Windows\System32\WindowsPowerShell\v1.0\;C:\Program Files (x86)\Common Files\Acronis\SnapAPI\;C:\Program Files (x86)\dotnet\;C:\Program Files\PuTTY\;C:\Program Files\Git\cmd;C:\Users\Alexx\AppData\Local\Microsoft\WindowsApps;C:\Program Files (x86)\Nmap
USERNAME=Alexx
OS=Windows_NT
PROCESSOR_IDENTIFIER=AMD64 Family 21 Model 2 Stepping 0, AuthenticAMD
TMP=C:\Temp
TEMP=C:\Temp


JNI global refs:
JNI global refs: 13, weak refs: 11

JNI global refs memory usage: 843, weak refs: 841


---------------  S Y S T E M  ---------------

OS:
 Windows 10 , 64 bit Build 17763 (10.0.17763.1)
OS uptime: 0 days 2:46 hours

CPU: total 8 (initial active 8) (8 cores per cpu, 1 threads per core) family 21 model 2 stepping 0 microcode 0x0, cx8, cmov, fxsr, mmx, 3dnowpref, sse, sse2, sse3, ssse3, sse4a, sse4.1, sse4.2, popcnt, lzcnt, tsc, tscinvbit, avx, aes, clmul, bmi1, fma, vzeroupper, clflush

Memory: 4k page, system-wide physical 12285M (2920M free)
TotalPageFile size 12541M (AvailPageFile size 59M)
current process WorkingSet (physical memory assigned to process): 275M, peak: 280M
current process commit charge ("private bytes"): 314M, peak: 398M

vm_info: OpenJDK 64-Bit Server VM (17.0.6+0-b2043.56-10027231) for windows-amd64 JRE (17.0.6+0-b2043.56-10027231), built on Apr 28 2023 00:43:19 by "androidbuild" with MS VC++ 16.10 / 16.11 (VS2019)

END.
